Log file open, 12/16/19 23:23:41
LogWindows: Failed to load 'aqProf.dll' (GetLastError=126)
LogWindows: File 'aqProf.dll' does not exist
LogWindows: Failed to load 'VtuneApi.dll' (GetLastError=126)
LogWindows: File 'VtuneApi.dll' does not exist
LogWindows: Failed to load 'VtuneApi32e.dll' (GetLastError=126)
LogWindows: File 'VtuneApi32e.dll' does not exist
LogConsoleResponse: Display: Failed to find resolution value strings in scalability ini. Falling back to default.
LogInit: Display: Running engine for game: CrossyRoad
LogPlatformFile: Not using cached read wrapper
LogTaskGraph: Started task graph with 5 named threads and 23 total threads with 3 sets of task threads.
LogStats: Stats thread started at 0.180975
LogD3D11RHI: Loaded GFSDK_Aftermath_Lib.x64.dll
LogICUInternationalization: ICU TimeZone Detection - Raw Offset: -8:00, Platform Override: ''
LogPluginManager: Mounting plugin Paper2D
LogPluginManager: Mounting plugin AISupport
LogPluginManager: Mounting plugin LightPropagationVolume
LogPluginManager: Mounting plugin ActorLayerUtilities
LogPluginManager: Mounting plugin AnimationSharing
LogPluginManager: Mounting plugin CLionSourceCodeAccess
LogPluginManager: Mounting plugin CodeLiteSourceCodeAccess
LogPluginManager: Mounting plugin GitSourceControl
LogPluginManager: Mounting plugin KDevelopSourceCodeAccess
LogPluginManager: Mounting plugin NullSourceCodeAccess
LogPluginManager: Mounting plugin PerforceSourceControl
LogPluginManager: Mounting plugin SubversionSourceControl
LogPluginManager: Mounting plugin UObjectPlugin
LogPluginManager: Mounting plugin VisualStudioCodeSourceCodeAccess
LogPluginManager: Mounting plugin VisualStudioSourceCodeAccess
LogPluginManager: Mounting plugin XCodeSourceCodeAccess
LogPluginManager: Mounting plugin AssetManagerEditor
LogPluginManager: Mounting plugin CryptoKeys
LogPluginManager: Mounting plugin CurveEditorTools
LogPluginManager: Mounting plugin DataValidation
LogPluginManager: Mounting plugin FacialAnimation
LogPluginManager: Mounting plugin GameplayTagsEditor
LogPluginManager: Mounting plugin MacGraphicsSwitching
LogPluginManager: Mounting plugin MaterialAnalyzer
LogPluginManager: Mounting plugin MobileLauncherProfileWizard
LogPluginManager: Mounting plugin PluginBrowser
LogPluginManager: Mounting plugin SpeedTreeImporter
LogPluginManager: Mounting plugin DatasmithContent
LogPluginManager: Mounting plugin VariantManagerContent
LogPluginManager: Mounting plugin AlembicImporter
LogPluginManager: Mounting plugin AutomationUtils
LogPluginManager: Mounting plugin BackChannel
LogPluginManager: Mounting plugin CharacterAI
LogPluginManager: Mounting plugin GeometryCache
LogPluginManager: Mounting plugin HTML5Networking
LogPluginManager: Mounting plugin PlatformCrypto
LogPluginManager: Mounting plugin ProxyLODPlugin
LogPluginManager: Mounting plugin SkeletalReduction
LogPluginManager: Mounting plugin MagicLeap
LogPluginManager: Mounting plugin MagicLeapMedia
LogPluginManager: Mounting plugin AndroidMedia
LogPluginManager: Mounting plugin AvfMedia
LogPluginManager: Mounting plugin ImgMedia
LogPluginManager: Mounting plugin MediaCompositing
LogPluginManager: Mounting plugin MediaPlayerEditor
LogPluginManager: Mounting plugin WebMMedia
LogPluginManager: Mounting plugin WmfMedia
LogPluginManager: Mounting plugin TcpMessaging
LogPluginManager: Mounting plugin UdpMessaging
LogPluginManager: Mounting plugin ActorSequence
LogPluginManager: Mounting plugin LevelSequenceEditor
LogPluginManager: Mounting plugin MatineeToLevelSequence
LogPluginManager: Mounting plugin NetcodeUnitTest
LogPluginManager: Mounting plugin NUTUnrealEngine4
LogPluginManager: Mounting plugin OnlineSubsystemGooglePlay
LogPluginManager: Mounting plugin OnlineSubsystemIOS
LogPluginManager: Mounting plugin OnlineSubsystem
LogPluginManager: Mounting plugin OnlineSubsystemNull
LogPluginManager: Mounting plugin OnlineSubsystemUtils
LogPluginManager: Mounting plugin LauncherChunkInstaller
LogPluginManager: Mounting plugin AndroidDeviceProfileSelector
LogPluginManager: Mounting plugin AndroidMoviePlayer
LogPluginManager: Mounting plugin AndroidPermission
LogPluginManager: Mounting plugin AppleImageUtils
LogPluginManager: Mounting plugin AppleMoviePlayer
LogPluginManager: Mounting plugin ArchVisCharacter
LogPluginManager: Mounting plugin AudioCapture
LogPluginManager: Mounting plugin CableComponent
LogPluginManager: Mounting plugin CustomMeshComponent
LogPluginManager: Mounting plugin EditableMesh
LogPluginManager: Mounting plugin ExampleDeviceProfileSelector
LogPluginManager: Mounting plugin GoogleCloudMessaging
LogPluginManager: Mounting plugin IOSDeviceProfileSelector
LogPluginManager: Mounting plugin LinuxDeviceProfileSelector
LogPluginManager: Mounting plugin LocationServicesBPLibrary
LogPluginManager: Mounting plugin MobilePatchingUtils
LogPluginManager: Mounting plugin OculusVR
LogPluginManager: Mounting plugin PhysXVehicles
LogPluginManager: Mounting plugin ProceduralMeshComponent
LogPluginManager: Mounting plugin RuntimePhysXCooking
LogPluginManager: Mounting plugin SignificanceManager
LogPluginManager: Mounting plugin SteamVR
LogPluginManager: Mounting plugin WebMMoviePlayer
LogPluginManager: Mounting plugin WindowsMoviePlayer
LogPluginManager: Mounting plugin ScreenshotTools
LogInit: Using libcurl 7.55.1-DEV
LogInit:  - built for x86_64-pc-win32
LogInit:  - supports SSL with OpenSSL/1.1.1
LogInit:  - supports HTTP deflate (compression) using libz 1.2.8
LogInit:  - other features:
LogInit:      CURL_VERSION_SSL
LogInit:      CURL_VERSION_LIBZ
LogInit:      CURL_VERSION_IPV6
LogInit:      CURL_VERSION_ASYNCHDNS
LogInit:      CURL_VERSION_LARGEFILE
LogInit:      CURL_VERSION_IDN
LogInit:  CurlRequestOptions (configurable via config and command line):
LogInit:  - bVerifyPeer = true  - Libcurl will verify peer certificate
LogInit:  - bUseHttpProxy = false  - Libcurl will NOT use HTTP proxy
LogInit:  - bDontReuseConnections = false  - Libcurl will reuse connections
LogInit:  - MaxHostConnections = 16  - Libcurl will limit the number of connections to a host
LogInit:  - LocalHostAddr = Default
LogInit:  - BufferSize = 65536
LogOnline: OSS: Creating online subsystem instance for: NULL
LogInit: WinSock: version 1.1 (2.2), MaxSocks=32767, MaxUdp=65467
LogInit: Build: ++UE4+Release-4.23-CL-9631420
LogInit: Engine Version: 4.23.1-9631420+++UE4+Release-4.23
LogInit: Compatible Engine Version: 4.23.0-8386587+++UE4+Release-4.23
LogInit: Net CL: 8386587
LogInit: OS: Windows 10 (Release 1903) (), CPU: AMD Ryzen 5 1400 Quad-Core Processor           , GPU: Radeon RX 580 Series
LogInit: Compiled (64-bit): Oct 18 2019 02:07:44
LogInit: Compiled with Visual C++: 19.16.27030.01
LogInit: Build Configuration: Development
LogInit: Branch Name: ++UE4+Release-4.23
LogInit: Command Line: 
LogInit: Base Directory: C:/UE_4.23/Engine/Binaries/Win64/
LogInit: Installed Engine Build: 1
LogDevObjectVersion: Number of dev versions registered: 23
LogDevObjectVersion:   Dev-Blueprints (B0D832E4-1F89-4F0D-ACCF-7EB736FD4AA2): 10
LogDevObjectVersion:   Dev-Build (E1C64328-A22C-4D53-A36C-8E866417BD8C): 0
LogDevObjectVersion:   Dev-Core (375EC13C-06E4-48FB-B500-84F0262A717E): 3
LogDevObjectVersion:   Dev-Editor (E4B068ED-F494-42E9-A231-DA0B2E46BB41): 34
LogDevObjectVersion:   Dev-Framework (CFFC743F-43B0-4480-9391-14DF171D2073): 35
LogDevObjectVersion:   Dev-Mobile (B02B49B5-BB20-44E9-A304-32B752E40360): 2
LogDevObjectVersion:   Dev-Networking (A4E4105C-59A1-49B5-A7C5-40C4547EDFEE): 0
LogDevObjectVersion:   Dev-Online (39C831C9-5AE6-47DC-9A44-9C173E1C8E7C): 0
LogDevObjectVersion:   Dev-Physics (78F01B33-EBEA-4F98-B9B4-84EACCB95AA2): 0
LogDevObjectVersion:   Dev-Platform (6631380F-2D4D-43E0-8009-CF276956A95A): 0
LogDevObjectVersion:   Dev-Rendering (12F88B9F-8875-4AFC-A67C-D90C383ABD29): 31
LogDevObjectVersion:   Dev-Sequencer (7B5AE74C-D270-4C10-A958-57980B212A5A): 11
LogDevObjectVersion:   Dev-VR (D7296918-1DD6-4BDD-9DE2-64A83CC13884): 2
LogDevObjectVersion:   Dev-LoadTimes (C2A15278-BFE7-4AFE-6C17-90FF531DF755): 1
LogDevObjectVersion:   Private-Geometry (6EACA3D4-40EC-4CC1-B786-8BED09428FC5): 3
LogDevObjectVersion:   Dev-AnimPhys (29E575DD-E0A3-4627-9D10-D276232CDCEA): 17
LogDevObjectVersion:   Dev-Anim (AF43A65D-7FD3-4947-9873-3E8ED9C1BB05): 2
LogDevObjectVersion:   Dev-ReflectionCapture (6B266CEC-1EC7-4B8F-A30B-E4D90942FC07): 1
LogDevObjectVersion:   Dev-Automation (0DF73D61-A23F-47EA-B727-89E90C41499A): 1
LogDevObjectVersion:   FortniteMain (601D1886-AC64-4F84-AA16-D3DE0DEAC7D6): 27
LogDevObjectVersion:   Dev-Enterprise (9DFFBCD6-494F-0158-E221-12823C92A888): 6
LogDevObjectVersion:   Dev-Niagara (F2AED0AC-9AFE-416F-8664-AA7FFA26D6FC): 1
LogDevObjectVersion:   Dev-Destruction (174F1F0B-B4C6-45A5-B13F-2EE8D0FB917D): 9
LogInit: Presizing for max 16777216 objects, including 0 objects not considered by GC, pre-allocating 0 bytes for permanent pool.
LogInit: Object subsystem initialized
LogConfig: Setting CVar [[con.DebugEarlyDefault:1]]
LogConfig: Setting CVar [[r.setres:1280x720]]
[2019.12.17-07.23.42:043][  0]LogConfig: Setting CVar [[r.VSync:0]]
[2019.12.17-07.23.42:043][  0]LogConfig: Setting CVar [[r.RHICmdBypass:0]]
[2019.12.17-07.23.42:043][  0]LogConfig: Applying CVar settings from Section [/Script/Engine.RendererSettings] File [C:/Users/eanmc/OneDrive/Desktop/Programing/Crossy_Road/CrossyRoad 4.23/Saved/Config/Windows/Engine.ini]
[2019.12.17-07.23.42:043][  0]LogConfig: Setting CVar [[r.GPUCrashDebugging:0]]
[2019.12.17-07.23.42:043][  0]LogConfig: Setting CVar [[r.DefaultFeature.AutoExposure.ExtendDefaultLuminanceRange:1]]
[2019.12.17-07.23.42:043][  0]LogConfig: Applying CVar settings from Section [/Script/Engine.RendererOverrideSettings] File [C:/Users/eanmc/OneDrive/Desktop/Programing/Crossy_Road/CrossyRoad 4.23/Saved/Config/Windows/Engine.ini]
[2019.12.17-07.23.42:043][  0]LogConfig: Applying CVar settings from Section [/Script/Engine.StreamingSettings] File [C:/Users/eanmc/OneDrive/Desktop/Programing/Crossy_Road/CrossyRoad 4.23/Saved/Config/Windows/Engine.ini]
[2019.12.17-07.23.42:043][  0]LogConfig: Setting CVar [[s.MinBulkDataSizeForAsyncLoading:131072]]
[2019.12.17-07.23.42:043][  0]LogConfig: Setting CVar [[s.AsyncLoadingThreadEnabled:0]]
[2019.12.17-07.23.42:043][  0]LogConfig: Setting CVar [[s.EventDrivenLoaderEnabled:1]]
[2019.12.17-07.23.42:044][  0]LogConfig: Setting CVar [[s.WarnIfTimeLimitExceeded:0]]
[2019.12.17-07.23.42:044][  0]LogConfig: Setting CVar [[s.TimeLimitExceededMultiplier:1.5]]
[2019.12.17-07.23.42:044][  0]LogConfig: Setting CVar [[s.TimeLimitExceededMinTime:0.005]]
[2019.12.17-07.23.42:044][  0]LogConfig: Setting CVar [[s.UseBackgroundLevelStreaming:1]]
[2019.12.17-07.23.42:044][  0]LogConfig: Setting CVar [[s.PriorityAsyncLoadingExtraTime:15.0]]
[2019.12.17-07.23.42:044][  0]LogConfig: Setting CVar [[s.LevelStreamingActorsUpdateTimeLimit:5.0]]
[2019.12.17-07.23.42:044][  0]LogConfig: Setting CVar [[s.PriorityLevelStreamingActorsUpdateExtraTime:5.0]]
[2019.12.17-07.23.42:044][  0]LogConfig: Setting CVar [[s.LevelStreamingComponentsRegistrationGranularity:10]]
[2019.12.17-07.23.42:044][  0]LogConfig: Setting CVar [[s.UnregisterComponentsTimeLimit:1.0]]
[2019.12.17-07.23.42:044][  0]LogConfig: Setting CVar [[s.LevelStreamingComponentsUnregistrationGranularity:5]]
[2019.12.17-07.23.42:044][  0]LogConfig: Applying CVar settings from Section [/Script/Engine.GarbageCollectionSettings] File [C:/Users/eanmc/OneDrive/Desktop/Programing/Crossy_Road/CrossyRoad 4.23/Saved/Config/Windows/Engine.ini]
[2019.12.17-07.23.42:044][  0]LogConfig: Setting CVar [[gc.MaxObjectsNotConsideredByGC:1]]
[2019.12.17-07.23.42:044][  0]LogConfig: Setting CVar [[gc.SizeOfPermanentObjectPool:0]]
[2019.12.17-07.23.42:044][  0]LogConfig: Setting CVar [[gc.FlushStreamingOnGC:0]]
[2019.12.17-07.23.42:044][  0]LogConfig: Setting CVar [[gc.NumRetriesBeforeForcingGC:10]]
[2019.12.17-07.23.42:044][  0]LogConfig: Setting CVar [[gc.AllowParallelGC:1]]
[2019.12.17-07.23.42:044][  0]LogConfig: Setting CVar [[gc.TimeBetweenPurgingPendingKillObjects:61.1]]
[2019.12.17-07.23.42:044][  0]LogConfig: Setting CVar [[gc.MaxObjectsInEditor:16777216]]
[2019.12.17-07.23.42:044][  0]LogConfig: Setting CVar [[gc.IncrementalBeginDestroyEnabled:1]]
[2019.12.17-07.23.42:044][  0]LogConfig: Setting CVar [[gc.CreateGCClusters:1]]
[2019.12.17-07.23.42:044][  0]LogConfig: Setting CVar [[gc.MinGCClusterSize:5]]
[2019.12.17-07.23.42:044][  0]LogConfig: Setting CVar [[gc.ActorClusteringEnabled:0]]
[2019.12.17-07.23.42:044][  0]LogConfig: Setting CVar [[gc.BlueprintClusteringEnabled:0]]
[2019.12.17-07.23.42:044][  0]LogConfig: Setting CVar [[gc.UseDisregardForGCOnDedicatedServers:0]]
[2019.12.17-07.23.42:044][  0]LogConfig: Applying CVar settings from Section [/Script/Engine.NetworkSettings] File [C:/Users/eanmc/OneDrive/Desktop/Programing/Crossy_Road/CrossyRoad 4.23/Saved/Config/Windows/Engine.ini]
[2019.12.17-07.23.42:045][  0]LogConfig: Applying CVar settings from Section [/Script/UnrealEd.CookerSettings] File [C:/Users/eanmc/OneDrive/Desktop/Programing/Crossy_Road/CrossyRoad 4.23/Saved/Config/Windows/Engine.ini]
[2019.12.17-07.23.42:051][  0]LogConfig: Applying CVar settings from Section [ViewDistanceQuality@3] File [C:/Users/eanmc/OneDrive/Desktop/Programing/Crossy_Road/CrossyRoad 4.23/Saved/Config/Windows/Scalability.ini]
[2019.12.17-07.23.42:051][  0]LogConfig: Setting CVar [[r.SkeletalMeshLODBias:0]]
[2019.12.17-07.23.42:051][  0]LogConfig: Setting CVar [[r.ViewDistanceScale:1.0]]
[2019.12.17-07.23.42:052][  0]LogConfig: Applying CVar settings from Section [AntiAliasingQuality@3] File [C:/Users/eanmc/OneDrive/Desktop/Programing/Crossy_Road/CrossyRoad 4.23/Saved/Config/Windows/Scalability.ini]
[2019.12.17-07.23.42:052][  0]LogConfig: Setting CVar [[r.PostProcessAAQuality:4]]
[2019.12.17-07.23.42:052][  0]LogConfig: Applying CVar settings from Section [ShadowQuality@3] File [C:/Users/eanmc/OneDrive/Desktop/Programing/Crossy_Road/CrossyRoad 4.23/Saved/Config/Windows/Scalability.ini]
[2019.12.17-07.23.42:052][  0]LogConfig: Setting CVar [[r.LightFunctionQuality:1]]
[2019.12.17-07.23.42:052][  0]LogConfig: Setting CVar [[r.ShadowQuality:5]]
[2019.12.17-07.23.42:052][  0]LogConfig: Setting CVar [[r.Shadow.CSM.MaxCascades:10]]
[2019.12.17-07.23.42:052][  0]LogConfig: Setting CVar [[r.Shadow.MaxResolution:2048]]
[2019.12.17-07.23.42:052][  0]LogConfig: Setting CVar [[r.Shadow.MaxCSMResolution:2048]]
[2019.12.17-07.23.42:052][  0]LogConfig: Setting CVar [[r.Shadow.RadiusThreshold:0.01]]
[2019.12.17-07.23.42:052][  0]LogConfig: Setting CVar [[r.Shadow.DistanceScale:1.0]]
[2019.12.17-07.23.42:052][  0]LogConfig: Setting CVar [[r.Shadow.CSM.TransitionScale:1.0]]
[2019.12.17-07.23.42:052][  0]LogConfig: Setting CVar [[r.Shadow.PreShadowResolutionFactor:1.0]]
[2019.12.17-07.23.42:052][  0]LogConfig: Setting CVar [[r.DistanceFieldShadowing:1]]
[2019.12.17-07.23.42:052][  0]LogConfig: Setting CVar [[r.DistanceFieldAO:1]]
[2019.12.17-07.23.42:052][  0]LogConfig: Setting CVar [[r.AOQuality:2]]
[2019.12.17-07.23.42:052][  0]LogConfig: Setting CVar [[r.VolumetricFog:1]]
[2019.12.17-07.23.42:052][  0]LogConfig: Setting CVar [[r.VolumetricFog.GridPixelSize:8]]
[2019.12.17-07.23.42:052][  0]LogConfig: Setting CVar [[r.VolumetricFog.GridSizeZ:128]]
[2019.12.17-07.23.42:052][  0]LogConfig: Setting CVar [[r.VolumetricFog.HistoryMissSupersampleCount:4]]
[2019.12.17-07.23.42:052][  0]LogConfig: Setting CVar [[r.LightMaxDrawDistanceScale:1]]
[2019.12.17-07.23.42:052][  0]LogConfig: Setting CVar [[r.CapsuleShadows:1]]
[2019.12.17-07.23.42:052][  0]LogConfig: Applying CVar settings from Section [PostProcessQuality@3] File [C:/Users/eanmc/OneDrive/Desktop/Programing/Crossy_Road/CrossyRoad 4.23/Saved/Config/Windows/Scalability.ini]
[2019.12.17-07.23.42:052][  0]LogConfig: Setting CVar [[r.MotionBlurQuality:4]]
[2019.12.17-07.23.42:052][  0]LogConfig: Setting CVar [[r.AmbientOcclusionMipLevelFactor:0.4]]
[2019.12.17-07.23.42:052][  0]LogConfig: Setting CVar [[r.AmbientOcclusionMaxQuality:100]]
[2019.12.17-07.23.42:053][  0]LogConfig: Setting CVar [[r.AmbientOcclusionLevels:-1]]
[2019.12.17-07.23.42:053][  0]LogConfig: Setting CVar [[r.AmbientOcclusionRadiusScale:1.0]]
[2019.12.17-07.23.42:053][  0]LogConfig: Setting CVar [[r.DepthOfFieldQuality:2]]
[2019.12.17-07.23.42:053][  0]LogConfig: Setting CVar [[r.RenderTargetPoolMin:400]]
[2019.12.17-07.23.42:053][  0]LogConfig: Setting CVar [[r.LensFlareQuality:2]]
[2019.12.17-07.23.42:053][  0]LogConfig: Setting CVar [[r.SceneColorFringeQuality:1]]
[2019.12.17-07.23.42:053][  0]LogConfig: Setting CVar [[r.EyeAdaptationQuality:2]]
[2019.12.17-07.23.42:053][  0]LogConfig: Setting CVar [[r.BloomQuality:5]]
[2019.12.17-07.23.42:053][  0]LogConfig: Setting CVar [[r.FastBlurThreshold:100]]
[2019.12.17-07.23.42:053][  0]LogConfig: Setting CVar [[r.Upscale.Quality:3]]
[2019.12.17-07.23.42:053][  0]LogConfig: Setting CVar [[r.Tonemapper.GrainQuantization:1]]
[2019.12.17-07.23.42:053][  0]LogConfig: Setting CVar [[r.LightShaftQuality:1]]
[2019.12.17-07.23.42:053][  0]LogConfig: Setting CVar [[r.Filter.SizeScale:1]]
[2019.12.17-07.23.42:053][  0]LogConfig: Setting CVar [[r.Tonemapper.Quality:5]]
[2019.12.17-07.23.42:053][  0]LogConfig: Setting CVar [[r.DOF.Gather.AccumulatorQuality:1        ; higher gathering accumulator quality]]
[2019.12.17-07.23.42:053][  0]LogConfig: Setting CVar [[r.DOF.Gather.PostfilterMethod:1          ; Median3x3 postfilering method]]
[2019.12.17-07.23.42:053][  0]LogConfig: Setting CVar [[r.DOF.Gather.EnableBokehSettings:0       ; no bokeh simulation when gathering]]
[2019.12.17-07.23.42:053][  0]LogConfig: Setting CVar [[r.DOF.Gather.RingCount:4                 ; medium number of samples when gathering]]
[2019.12.17-07.23.42:053][  0]LogConfig: Setting CVar [[r.DOF.Scatter.ForegroundCompositing:1    ; additive foreground scattering]]
[2019.12.17-07.23.42:053][  0]LogConfig: Setting CVar [[r.DOF.Scatter.BackgroundCompositing:2    ; additive background scattering]]
[2019.12.17-07.23.42:053][  0]LogConfig: Setting CVar [[r.DOF.Scatter.EnableBokehSettings:1      ; bokeh simulation when scattering]]
[2019.12.17-07.23.42:053][  0]LogConfig: Setting CVar [[r.DOF.Scatter.MaxSpriteRatio:0.1         ; only a maximum of 10% of scattered bokeh]]
[2019.12.17-07.23.42:053][  0]LogConfig: Setting CVar [[r.DOF.Recombine.Quality:1                ; cheap slight out of focus]]
[2019.12.17-07.23.42:053][  0]LogConfig: Setting CVar [[r.DOF.Recombine.EnableBokehSettings:0    ; no bokeh simulation on slight out of focus]]
[2019.12.17-07.23.42:053][  0]LogConfig: Setting CVar [[r.DOF.TemporalAAQuality:1                ; more stable temporal accumulation]]
[2019.12.17-07.23.42:053][  0]LogConfig: Setting CVar [[r.DOF.Kernel.MaxForegroundRadius:0.025]]
[2019.12.17-07.23.42:054][  0]LogConfig: Setting CVar [[r.DOF.Kernel.MaxBackgroundRadius:0.025]]
[2019.12.17-07.23.42:054][  0]LogConfig: Applying CVar settings from Section [TextureQuality@3] File [C:/Users/eanmc/OneDrive/Desktop/Programing/Crossy_Road/CrossyRoad 4.23/Saved/Config/Windows/Scalability.ini]
[2019.12.17-07.23.42:054][  0]LogConfig: Setting CVar [[r.Streaming.MipBias:0]]
[2019.12.17-07.23.42:054][  0]LogConfig: Setting CVar [[r.Streaming.AmortizeCPUToGPUCopy:0]]
[2019.12.17-07.23.42:054][  0]LogConfig: Setting CVar [[r.Streaming.MaxNumTexturesToStreamPerFrame:0]]
[2019.12.17-07.23.42:054][  0]LogConfig: Setting CVar [[r.Streaming.Boost:1]]
[2019.12.17-07.23.42:054][  0]LogConfig: Setting CVar [[r.MaxAnisotropy:8]]
[2019.12.17-07.23.42:054][  0]LogConfig: Setting CVar [[r.Streaming.LimitPoolSizeToVRAM:0]]
[2019.12.17-07.23.42:054][  0]LogConfig: Setting CVar [[r.Streaming.PoolSize:1000]]
[2019.12.17-07.23.42:054][  0]LogConfig: Setting CVar [[r.Streaming.MaxEffectiveScreenSize:0]]
[2019.12.17-07.23.42:054][  0]LogConfig: Applying CVar settings from Section [EffectsQuality@3] File [C:/Users/eanmc/OneDrive/Desktop/Programing/Crossy_Road/CrossyRoad 4.23/Saved/Config/Windows/Scalability.ini]
[2019.12.17-07.23.42:054][  0]LogConfig: Setting CVar [[r.TranslucencyLightingVolumeDim:64]]
[2019.12.17-07.23.42:054][  0]LogConfig: Setting CVar [[r.RefractionQuality:2]]
[2019.12.17-07.23.42:054][  0]LogConfig: Setting CVar [[r.SSR.Quality:3]]
[2019.12.17-07.23.42:054][  0]LogConfig: Setting CVar [[r.SceneColorFormat:4]]
[2019.12.17-07.23.42:054][  0]LogConfig: Setting CVar [[r.DetailMode:2]]
[2019.12.17-07.23.42:054][  0]LogConfig: Setting CVar [[r.TranslucencyVolumeBlur:1]]
[2019.12.17-07.23.42:054][  0]LogConfig: Setting CVar [[r.MaterialQualityLevel:1 ; High quality]]
[2019.12.17-07.23.42:054][  0]LogConfig: Setting CVar [[r.SSS.Scale:1]]
[2019.12.17-07.23.42:054][  0]LogConfig: Setting CVar [[r.SSS.SampleSet:2]]
[2019.12.17-07.23.42:054][  0]LogConfig: Setting CVar [[r.SSS.Quality:1]]
[2019.12.17-07.23.42:054][  0]LogConfig: Setting CVar [[r.SSS.HalfRes:1]]
[2019.12.17-07.23.42:054][  0]LogConfig: Setting CVar [[r.EmitterSpawnRateScale:1.0]]
[2019.12.17-07.23.42:054][  0]LogConfig: Setting CVar [[r.ParticleLightQuality:2]]
[2019.12.17-07.23.42:054][  0]LogConfig: Applying CVar settings from Section [FoliageQuality@3] File [C:/Users/eanmc/OneDrive/Desktop/Programing/Crossy_Road/CrossyRoad 4.23/Saved/Config/Windows/Scalability.ini]
[2019.12.17-07.23.42:054][  0]LogConfig: Setting CVar [[foliage.DensityScale:1.0]]
[2019.12.17-07.23.42:055][  0]LogConfig: Setting CVar [[grass.DensityScale:1.0]]
[2019.12.17-07.23.42:055][  0]LogInit: Selected Device Profile: [Windows]
[2019.12.17-07.23.42:055][  0]LogInit: Applying CVar settings loaded from the selected device profile: [Windows]
[2019.12.17-07.23.42:064][  0]LogHAL: Display: Platform has ~ 8 GB [8543399936 / 8589934592 / 8], which maps to Default [LargestMinGB=32, LargerMinGB=12, DefaultMinGB=8, SmallerMinGB=6, SmallestMinGB=0)
[2019.12.17-07.23.42:065][  0]LogInit: Going up to parent DeviceProfile []
[2019.12.17-07.23.42:065][  0]LogConfig: Applying CVar settings from Section [ViewDistanceQuality@3] File [C:/Users/eanmc/OneDrive/Desktop/Programing/Crossy_Road/CrossyRoad 4.23/Saved/Config/Windows/Scalability.ini]
[2019.12.17-07.23.42:065][  0]LogConfig: Setting CVar [[r.SkeletalMeshLODBias:0]]
[2019.12.17-07.23.42:065][  0]LogConfig: Setting CVar [[r.ViewDistanceScale:1.0]]
[2019.12.17-07.23.42:065][  0]LogConfig: Applying CVar settings from Section [AntiAliasingQuality@3] File [C:/Users/eanmc/OneDrive/Desktop/Programing/Crossy_Road/CrossyRoad 4.23/Saved/Config/Windows/Scalability.ini]
[2019.12.17-07.23.42:065][  0]LogConfig: Setting CVar [[r.PostProcessAAQuality:4]]
[2019.12.17-07.23.42:065][  0]LogConfig: Applying CVar settings from Section [ShadowQuality@3] File [C:/Users/eanmc/OneDrive/Desktop/Programing/Crossy_Road/CrossyRoad 4.23/Saved/Config/Windows/Scalability.ini]
[2019.12.17-07.23.42:065][  0]LogConfig: Setting CVar [[r.LightFunctionQuality:1]]
[2019.12.17-07.23.42:065][  0]LogConfig: Setting CVar [[r.ShadowQuality:5]]
[2019.12.17-07.23.42:065][  0]LogConfig: Setting CVar [[r.Shadow.CSM.MaxCascades:10]]
[2019.12.17-07.23.42:065][  0]LogConfig: Setting CVar [[r.Shadow.MaxResolution:2048]]
[2019.12.17-07.23.42:065][  0]LogConfig: Setting CVar [[r.Shadow.MaxCSMResolution:2048]]
[2019.12.17-07.23.42:065][  0]LogConfig: Setting CVar [[r.Shadow.RadiusThreshold:0.01]]
[2019.12.17-07.23.42:065][  0]LogConfig: Setting CVar [[r.Shadow.DistanceScale:1.0]]
[2019.12.17-07.23.42:065][  0]LogConfig: Setting CVar [[r.Shadow.CSM.TransitionScale:1.0]]
[2019.12.17-07.23.42:065][  0]LogConfig: Setting CVar [[r.Shadow.PreShadowResolutionFactor:1.0]]
[2019.12.17-07.23.42:065][  0]LogConfig: Setting CVar [[r.DistanceFieldShadowing:1]]
[2019.12.17-07.23.42:065][  0]LogConfig: Setting CVar [[r.DistanceFieldAO:1]]
[2019.12.17-07.23.42:065][  0]LogConfig: Setting CVar [[r.AOQuality:2]]
[2019.12.17-07.23.42:065][  0]LogConfig: Setting CVar [[r.VolumetricFog:1]]
[2019.12.17-07.23.42:065][  0]LogConfig: Setting CVar [[r.VolumetricFog.GridPixelSize:8]]
[2019.12.17-07.23.42:066][  0]LogConfig: Setting CVar [[r.VolumetricFog.GridSizeZ:128]]
[2019.12.17-07.23.42:066][  0]LogConfig: Setting CVar [[r.VolumetricFog.HistoryMissSupersampleCount:4]]
[2019.12.17-07.23.42:066][  0]LogConfig: Setting CVar [[r.LightMaxDrawDistanceScale:1]]
[2019.12.17-07.23.42:066][  0]LogConfig: Setting CVar [[r.CapsuleShadows:1]]
[2019.12.17-07.23.42:066][  0]LogConfig: Applying CVar settings from Section [PostProcessQuality@3] File [C:/Users/eanmc/OneDrive/Desktop/Programing/Crossy_Road/CrossyRoad 4.23/Saved/Config/Windows/Scalability.ini]
[2019.12.17-07.23.42:066][  0]LogConfig: Setting CVar [[r.MotionBlurQuality:4]]
[2019.12.17-07.23.42:066][  0]LogConfig: Setting CVar [[r.AmbientOcclusionMipLevelFactor:0.4]]
[2019.12.17-07.23.42:066][  0]LogConfig: Setting CVar [[r.AmbientOcclusionMaxQuality:100]]
[2019.12.17-07.23.42:066][  0]LogConfig: Setting CVar [[r.AmbientOcclusionLevels:-1]]
[2019.12.17-07.23.42:066][  0]LogConfig: Setting CVar [[r.AmbientOcclusionRadiusScale:1.0]]
[2019.12.17-07.23.42:066][  0]LogConfig: Setting CVar [[r.DepthOfFieldQuality:2]]
[2019.12.17-07.23.42:066][  0]LogConfig: Setting CVar [[r.RenderTargetPoolMin:400]]
[2019.12.17-07.23.42:066][  0]LogConfig: Setting CVar [[r.LensFlareQuality:2]]
[2019.12.17-07.23.42:066][  0]LogConfig: Setting CVar [[r.SceneColorFringeQuality:1]]
[2019.12.17-07.23.42:066][  0]LogConfig: Setting CVar [[r.EyeAdaptationQuality:2]]
[2019.12.17-07.23.42:066][  0]LogConfig: Setting CVar [[r.BloomQuality:5]]
[2019.12.17-07.23.42:066][  0]LogConfig: Setting CVar [[r.FastBlurThreshold:100]]
[2019.12.17-07.23.42:066][  0]LogConfig: Setting CVar [[r.Upscale.Quality:3]]
[2019.12.17-07.23.42:066][  0]LogConfig: Setting CVar [[r.Tonemapper.GrainQuantization:1]]
[2019.12.17-07.23.42:066][  0]LogConfig: Setting CVar [[r.LightShaftQuality:1]]
[2019.12.17-07.23.42:066][  0]LogConfig: Setting CVar [[r.Filter.SizeScale:1]]
[2019.12.17-07.23.42:066][  0]LogConfig: Setting CVar [[r.Tonemapper.Quality:5]]
[2019.12.17-07.23.42:067][  0]LogConfig: Setting CVar [[r.DOF.Gather.AccumulatorQuality:1        ; higher gathering accumulator quality]]
[2019.12.17-07.23.42:067][  0]LogConfig: Setting CVar [[r.DOF.Gather.PostfilterMethod:1          ; Median3x3 postfilering method]]
[2019.12.17-07.23.42:067][  0]LogConfig: Setting CVar [[r.DOF.Gather.EnableBokehSettings:0       ; no bokeh simulation when gathering]]
[2019.12.17-07.23.42:067][  0]LogConfig: Setting CVar [[r.DOF.Gather.RingCount:4                 ; medium number of samples when gathering]]
[2019.12.17-07.23.42:067][  0]LogConfig: Setting CVar [[r.DOF.Scatter.ForegroundCompositing:1    ; additive foreground scattering]]
[2019.12.17-07.23.42:067][  0]LogConfig: Setting CVar [[r.DOF.Scatter.BackgroundCompositing:2    ; additive background scattering]]
[2019.12.17-07.23.42:067][  0]LogConfig: Setting CVar [[r.DOF.Scatter.EnableBokehSettings:1      ; bokeh simulation when scattering]]
[2019.12.17-07.23.42:067][  0]LogConfig: Setting CVar [[r.DOF.Scatter.MaxSpriteRatio:0.1         ; only a maximum of 10% of scattered bokeh]]
[2019.12.17-07.23.42:067][  0]LogConfig: Setting CVar [[r.DOF.Recombine.Quality:1                ; cheap slight out of focus]]
[2019.12.17-07.23.42:067][  0]LogConfig: Setting CVar [[r.DOF.Recombine.EnableBokehSettings:0    ; no bokeh simulation on slight out of focus]]
[2019.12.17-07.23.42:067][  0]LogConfig: Setting CVar [[r.DOF.TemporalAAQuality:1                ; more stable temporal accumulation]]
[2019.12.17-07.23.42:067][  0]LogConfig: Setting CVar [[r.DOF.Kernel.MaxForegroundRadius:0.025]]
[2019.12.17-07.23.42:067][  0]LogConfig: Setting CVar [[r.DOF.Kernel.MaxBackgroundRadius:0.025]]
[2019.12.17-07.23.42:067][  0]LogConfig: Applying CVar settings from Section [TextureQuality@3] File [C:/Users/eanmc/OneDrive/Desktop/Programing/Crossy_Road/CrossyRoad 4.23/Saved/Config/Windows/Scalability.ini]
[2019.12.17-07.23.42:067][  0]LogConfig: Setting CVar [[r.Streaming.MipBias:0]]
[2019.12.17-07.23.42:067][  0]LogConfig: Setting CVar [[r.Streaming.AmortizeCPUToGPUCopy:0]]
[2019.12.17-07.23.42:067][  0]LogConfig: Setting CVar [[r.Streaming.MaxNumTexturesToStreamPerFrame:0]]
[2019.12.17-07.23.42:068][  0]LogConfig: Setting CVar [[r.Streaming.Boost:1]]
[2019.12.17-07.23.42:068][  0]LogConfig: Setting CVar [[r.MaxAnisotropy:8]]
[2019.12.17-07.23.42:068][  0]LogConfig: Setting CVar [[r.Streaming.LimitPoolSizeToVRAM:0]]
[2019.12.17-07.23.42:068][  0]LogConfig: Setting CVar [[r.Streaming.PoolSize:1000]]
[2019.12.17-07.23.42:068][  0]LogConfig: Setting CVar [[r.Streaming.MaxEffectiveScreenSize:0]]
[2019.12.17-07.23.42:068][  0]LogConfig: Applying CVar settings from Section [EffectsQuality@3] File [C:/Users/eanmc/OneDrive/Desktop/Programing/Crossy_Road/CrossyRoad 4.23/Saved/Config/Windows/Scalability.ini]
[2019.12.17-07.23.42:068][  0]LogConfig: Setting CVar [[r.TranslucencyLightingVolumeDim:64]]
[2019.12.17-07.23.42:068][  0]LogConfig: Setting CVar [[r.RefractionQuality:2]]
[2019.12.17-07.23.42:068][  0]LogConfig: Setting CVar [[r.SSR.Quality:3]]
[2019.12.17-07.23.42:068][  0]LogConfig: Setting CVar [[r.SceneColorFormat:4]]
[2019.12.17-07.23.42:068][  0]LogConfig: Setting CVar [[r.DetailMode:2]]
[2019.12.17-07.23.42:068][  0]LogConfig: Setting CVar [[r.TranslucencyVolumeBlur:1]]
[2019.12.17-07.23.42:068][  0]LogConfig: Setting CVar [[r.MaterialQualityLevel:1 ; High quality]]
[2019.12.17-07.23.42:068][  0]LogConfig: Setting CVar [[r.SSS.Scale:1]]
[2019.12.17-07.23.42:068][  0]LogConfig: Setting CVar [[r.SSS.SampleSet:2]]
[2019.12.17-07.23.42:068][  0]LogConfig: Setting CVar [[r.SSS.Quality:1]]
[2019.12.17-07.23.42:068][  0]LogConfig: Setting CVar [[r.SSS.HalfRes:1]]
[2019.12.17-07.23.42:068][  0]LogConfig: Setting CVar [[r.EmitterSpawnRateScale:1.0]]
[2019.12.17-07.23.42:068][  0]LogConfig: Setting CVar [[r.ParticleLightQuality:2]]
[2019.12.17-07.23.42:069][  0]LogConfig: Applying CVar settings from Section [FoliageQuality@3] File [C:/Users/eanmc/OneDrive/Desktop/Programing/Crossy_Road/CrossyRoad 4.23/Saved/Config/Windows/Scalability.ini]
[2019.12.17-07.23.42:069][  0]LogConfig: Setting CVar [[foliage.DensityScale:1.0]]
[2019.12.17-07.23.42:069][  0]LogConfig: Setting CVar [[grass.DensityScale:1.0]]
[2019.12.17-07.23.42:069][  0]LogConfig: Applying CVar settings from Section [Startup] File [../../../Engine/Config/ConsoleVariables.ini]
[2019.12.17-07.23.42:070][  0]LogConfig: Setting CVar [[net.UseAdaptiveNetUpdateFrequency:0]]
[2019.12.17-07.23.42:070][  0]LogConfig: Setting CVar [[p.chaos.AllowCreatePhysxBodies:1]]
[2019.12.17-07.23.42:070][  0]LogConfig: Applying CVar settings from Section [ConsoleVariables] File [C:/Users/eanmc/OneDrive/Desktop/Programing/Crossy_Road/CrossyRoad 4.23/Saved/Config/Windows/Engine.ini]
[2019.12.17-07.23.42:070][  0]LogInit: Computer: DESKTOP-9LA86FC
[2019.12.17-07.23.42:070][  0]LogInit: User: eanmc
[2019.12.17-07.23.42:070][  0]LogInit: CPU Page size=4096, Cores=4
[2019.12.17-07.23.42:070][  0]LogInit: High frequency timer resolution =10.000000 MHz
[2019.12.17-07.23.42:071][  0]LogMemory: Memory total: Physical=8.0GB (8GB approx)
[2019.12.17-07.23.42:071][  0]LogMemory: Platform Memory Stats for Windows
[2019.12.17-07.23.42:071][  0]LogMemory: Process Physical Memory: 102.02 MB used, 102.02 MB peak
[2019.12.17-07.23.42:071][  0]LogMemory: Process Virtual Memory: 99.27 MB used, 99.27 MB peak
[2019.12.17-07.23.42:071][  0]LogMemory: Physical Memory: 3880.66 MB used,  4266.96 MB free, 8147.62 MB total
[2019.12.17-07.23.42:071][  0]LogMemory: Virtual Memory: 4666.87 MB used,  134213064.00 MB free, 134217728.00 MB total
[2019.12.17-07.23.42:077][  0]LogWindows: WindowsPlatformFeatures enabled
[2019.12.17-07.23.42:131][  0]LogInit: Using OS detected language (en-US).
[2019.12.17-07.23.42:131][  0]LogInit: Using OS detected locale (en-US).
[2019.12.17-07.23.42:133][  0]LogTextLocalizationManager: No specific localization for 'en-US' exists, so the 'en' localization will be used.
[2019.12.17-07.23.42:548][  0]LogInit: Setting process to per monitor DPI aware
[2019.12.17-07.23.42:636][  0]LogSlate: New Slate User Created.  User Index 0, Is Virtual User: 0
[2019.12.17-07.23.42:636][  0]LogSlate: Slate User Registered.  User Index 0, Is Virtual User: 0
[2019.12.17-07.23.43:162][  0]LogHMD: Failed to initialize OpenVR with code 110
[2019.12.17-07.23.43:162][  0]LogD3D11RHI: D3D11 adapters:
[2019.12.17-07.23.43:233][  0]LogD3D11RHI:    0. 'Radeon RX 580 Series' (Feature Level 11_0)
[2019.12.17-07.23.43:233][  0]LogD3D11RHI:       4076/0/4073 MB DedicatedVideo/DedicatedSystem/SharedSystem, Outputs:1, VendorId:0x1002
[2019.12.17-07.23.43:239][  0]LogD3D11RHI:    1. 'Microsoft Basic Render Driver' (Feature Level 11_0)
[2019.12.17-07.23.43:239][  0]LogD3D11RHI:       0/0/4073 MB DedicatedVideo/DedicatedSystem/SharedSystem, Outputs:0, VendorId:0x1414
[2019.12.17-07.23.43:239][  0]LogD3D11RHI: Chosen D3D11 Adapter: 0
[2019.12.17-07.23.43:258][  0]LogD3D11RHI: Creating new Direct3DDevice
[2019.12.17-07.23.43:259][  0]LogD3D11RHI:     GPU DeviceId: 0x67df (for the marketing name, search the web for "GPU Device Id")
[2019.12.17-07.23.43:259][  0]LogWindows: EnumDisplayDevices:
[2019.12.17-07.23.43:259][  0]LogWindows:    0. 'Radeon RX 580 Series' (P:1 D:1)
[2019.12.17-07.23.43:260][  0]LogWindows:    1. 'Radeon RX 580 Series' (P:0 D:0)
[2019.12.17-07.23.43:261][  0]LogWindows:    2. 'Radeon RX 580 Series' (P:0 D:0)
[2019.12.17-07.23.43:262][  0]LogWindows:    3. 'Radeon RX 580 Series' (P:0 D:0)
[2019.12.17-07.23.43:263][  0]LogWindows:    4. 'Radeon RX 580 Series' (P:0 D:0)
[2019.12.17-07.23.43:263][  0]LogWindows:    5. 'Radeon RX 580 Series' (P:0 D:0)
[2019.12.17-07.23.43:264][  0]LogWindows:    6. 'Radeon RX 580 Series' (P:0 D:0)
[2019.12.17-07.23.43:265][  0]LogWindows:    7. 'Radeon RX 580 Series' (P:0 D:0)
[2019.12.17-07.23.43:266][  0]LogWindows: DebugString: FoundDriverCount:8 
[2019.12.17-07.23.43:266][  0]LogD3D11RHI:     Adapter Name: Radeon RX 580 Series
[2019.12.17-07.23.43:266][  0]LogD3D11RHI:   Driver Version: Adrenalin 2019 19.10.2 (internal:26.20.13031.5006, unified:26.20.13031.5006)
[2019.12.17-07.23.43:266][  0]LogD3D11RHI:      Driver Date: 10-23-2019
[2019.12.17-07.23.43:266][  0]LogRHI: Texture pool is 2853 MB (70% of 4076 MB)
[2019.12.17-07.23.43:383][  0]LogD3D11RHI: Async texture creation enabled
[2019.12.17-07.23.43:400][  0]LogD3D11RHI: GPU Timing Frequency: 25.000000 (Debug: 2 1)
[2019.12.17-07.23.44:162][  0]LogTemp: Display: Module 'AllDesktopTargetPlatform' loaded TargetPlatform 'AllDesktop'
[2019.12.17-07.23.44:189][  0]LogTemp: Display: Module 'MacClientTargetPlatform' loaded TargetPlatform 'MacClient'
[2019.12.17-07.23.44:218][  0]LogTemp: Display: Module 'MacNoEditorTargetPlatform' loaded TargetPlatform 'MacNoEditor'
[2019.12.17-07.23.44:248][  0]LogTemp: Display: Module 'MacServerTargetPlatform' loaded TargetPlatform 'MacServer'
[2019.12.17-07.23.44:275][  0]LogTemp: Display: Module 'MacTargetPlatform' loaded TargetPlatform 'Mac'
[2019.12.17-07.23.44:300][  0]LogTemp: Display: Module 'WindowsClientTargetPlatform' loaded TargetPlatform 'WindowsClient'
[2019.12.17-07.23.44:325][  0]LogTemp: Display: Module 'WindowsNoEditorTargetPlatform' loaded TargetPlatform 'WindowsNoEditor'
[2019.12.17-07.23.44:356][  0]LogTemp: Display: Module 'WindowsServerTargetPlatform' loaded TargetPlatform 'WindowsServer'
[2019.12.17-07.23.44:368][  0]LogTemp: Display: Module 'WindowsTargetPlatform' loaded TargetPlatform 'Windows'
[2019.12.17-07.23.44:455][  0]LogTemp: Display: Module 'AndroidTargetPlatform' loaded TargetPlatform 'Android'
[2019.12.17-07.23.44:455][  0]LogTemp: Display: Module 'AndroidTargetPlatform' loaded TargetPlatform 'Android_ASTC'
[2019.12.17-07.23.44:455][  0]LogTemp: Display: Module 'AndroidTargetPlatform' loaded TargetPlatform 'Android_ATC'
[2019.12.17-07.23.44:455][  0]LogTemp: Display: Module 'AndroidTargetPlatform' loaded TargetPlatform 'Android_DXT'
[2019.12.17-07.23.44:455][  0]LogTemp: Display: Module 'AndroidTargetPlatform' loaded TargetPlatform 'Android_ETC1'
[2019.12.17-07.23.44:456][  0]LogTemp: Display: Module 'AndroidTargetPlatform' loaded TargetPlatform 'Android_ETC1a'
[2019.12.17-07.23.44:456][  0]LogTemp: Display: Module 'AndroidTargetPlatform' loaded TargetPlatform 'Android_ETC2'
[2019.12.17-07.23.44:456][  0]LogTemp: Display: Module 'AndroidTargetPlatform' loaded TargetPlatform 'Android_PVRTC'
[2019.12.17-07.23.44:456][  0]LogTemp: Display: Module 'AndroidTargetPlatform' loaded TargetPlatform 'AndroidClient'
[2019.12.17-07.23.44:456][  0]LogTemp: Display: Module 'AndroidTargetPlatform' loaded TargetPlatform 'Android_ASTCClient'
[2019.12.17-07.23.44:456][  0]LogTemp: Display: Module 'AndroidTargetPlatform' loaded TargetPlatform 'Android_ATCClient'
[2019.12.17-07.23.44:456][  0]LogTemp: Display: Module 'AndroidTargetPlatform' loaded TargetPlatform 'Android_DXTClient'
[2019.12.17-07.23.44:456][  0]LogTemp: Display: Module 'AndroidTargetPlatform' loaded TargetPlatform 'Android_ETC1Client'
[2019.12.17-07.23.44:456][  0]LogTemp: Display: Module 'AndroidTargetPlatform' loaded TargetPlatform 'Android_ETC1aClient'
[2019.12.17-07.23.44:456][  0]LogTemp: Display: Module 'AndroidTargetPlatform' loaded TargetPlatform 'Android_ETC2Client'
[2019.12.17-07.23.44:456][  0]LogTemp: Display: Module 'AndroidTargetPlatform' loaded TargetPlatform 'Android_PVRTCClient'
[2019.12.17-07.23.44:456][  0]LogTemp: Display: Module 'AndroidTargetPlatform' loaded TargetPlatform 'Android_Multi'
[2019.12.17-07.23.44:456][  0]LogTemp: Display: Module 'AndroidTargetPlatform' loaded TargetPlatform 'Android_MultiClient'
[2019.12.17-07.23.44:461][  0]LogTemp: Display: Module 'HTML5TargetPlatform' loaded TargetPlatform 'HTML5'
[2019.12.17-07.23.44:512][  0]LogTemp: Display: Module 'IOSTargetPlatform' loaded TargetPlatform 'IOSClient'
[2019.12.17-07.23.44:512][  0]LogTemp: Display: Module 'IOSTargetPlatform' loaded TargetPlatform 'IOS'
[2019.12.17-07.23.44:554][  0]LogTemp: Display: Module 'TVOSTargetPlatform' loaded TargetPlatform 'TVOSClient'
[2019.12.17-07.23.44:555][  0]LogTemp: Display: Module 'TVOSTargetPlatform' loaded TargetPlatform 'TVOS'
[2019.12.17-07.23.44:576][  0]LogTemp: Display: Module 'LinuxClientTargetPlatform' loaded TargetPlatform 'LinuxClient'
[2019.12.17-07.23.44:598][  0]LogTemp: Display: Module 'LinuxNoEditorTargetPlatform' loaded TargetPlatform 'LinuxNoEditor'
[2019.12.17-07.23.44:620][  0]LogTemp: Display: Module 'LinuxServerTargetPlatform' loaded TargetPlatform 'LinuxServer'
[2019.12.17-07.23.44:642][  0]LogTemp: Display: Module 'LinuxTargetPlatform' loaded TargetPlatform 'Linux'
[2019.12.17-07.23.44:715][  0]LogTemp: Display: Module 'LuminTargetPlatform' loaded TargetPlatform 'Lumin'
[2019.12.17-07.23.44:716][  0]LogTemp: Display: Module 'LuminTargetPlatform' loaded TargetPlatform 'LuminClient'
[2019.12.17-07.23.44:716][  0]LogTargetPlatformManager: Display: Building Assets For Windows
[2019.12.17-07.23.44:741][  0]LogAudioDebug: Display: Lib vorbis DLL was dynamically loaded.
[2019.12.17-07.23.44:887][  0]LogShaderCompilers: Guid format shader working directory is -33 characters bigger than the processId version (../../../../Users/eanmc/OneDrive/Desktop/Programing/Crossy_Road/CrossyRoad 4.23/Intermediate/Shaders/WorkingDirectory/5732/).
[2019.12.17-07.23.44:887][  0]LogShaderCompilers: Cleaned the shader compiler working directory 'C:/Users/eanmc/AppData/Local/Temp/UnrealShaderWorkingDir/C0CBB4A740EF65360F0E0B9E8E705A76/'.
[2019.12.17-07.23.44:894][  0]LogXGEController: Cannot use XGE Controller as Incredibuild is not installed on this machine.
[2019.12.17-07.23.44:895][  0]LogShaderCompilers: Cannot use XGE Shader Compiler as Incredibuild is not installed on this machine.
[2019.12.17-07.23.44:895][  0]LogShaderCompilers: Display: Using Local Shader Compiler.
[2019.12.17-07.23.46:684][  0]LogDerivedDataCache: Display: Max Cache Size: 512 MB
[2019.12.17-07.23.46:782][  0]LogDerivedDataCache: Loaded boot cache 0.10s 73MB C:/Users/eanmc/AppData/Local/UnrealEngine/4.23/DerivedDataCache/Boot.ddc.
[2019.12.17-07.23.46:782][  0]LogDerivedDataCache: Display: Loaded Boot cache: C:/Users/eanmc/AppData/Local/UnrealEngine/4.23/DerivedDataCache/Boot.ddc
[2019.12.17-07.23.46:782][  0]LogDerivedDataCache: FDerivedDataBackendGraph:  Pak pak cache file ../../../../Users/eanmc/OneDrive/Desktop/Programing/Crossy_Road/CrossyRoad 4.23/DerivedDataCache/DDC.ddp not found, will not use a pak cache.
[2019.12.17-07.23.46:782][  0]LogDerivedDataCache: Unable to find inner node Pak for hierarchical cache Hierarchy.
[2019.12.17-07.23.46:782][  0]LogDerivedDataCache: FDerivedDataBackendGraph:  CompressedPak pak cache file ../../../../Users/eanmc/OneDrive/Desktop/Programing/Crossy_Road/CrossyRoad 4.23/DerivedDataCache/Compressed.ddp not found, will not use a pak cache.
[2019.12.17-07.23.46:782][  0]LogDerivedDataCache: Unable to find inner node CompressedPak for hierarchical cache Hierarchy.
[2019.12.17-07.23.46:817][  0]LogDerivedDataCache: Display: Pak cache opened for reading ../../../Engine/DerivedDataCache/Compressed.ddp.
[2019.12.17-07.23.46:818][  0]LogDerivedDataCache: FDerivedDataBackendGraph:  EnterprisePak pak cache file ../../../Enterprise/DerivedDataCache/Compressed.ddp not found, will not use a pak cache.
[2019.12.17-07.23.46:818][  0]LogDerivedDataCache: Unable to find inner node EnterprisePak for hierarchical cache Hierarchy.
[2019.12.17-07.23.46:821][  0]LogDerivedDataCache: Using Local data cache path C:/Users/eanmc/AppData/Local/UnrealEngine/Common/DerivedDataCache: Writable
[2019.12.17-07.23.46:821][  0]LogDerivedDataCache: Shared data cache path not found in *engine.ini, will not use an Shared cache.
[2019.12.17-07.23.46:821][  0]LogDerivedDataCache: Unable to find inner node Shared for hierarchical cache Hierarchy.
[2019.12.17-07.23.46:878][  0]LogMaterial: Verifying Global Shaders for PCD3D_SM5
[2019.12.17-07.23.46:886][  0]LogSlate: Using FreeType 2.6.0
[2019.12.17-07.23.46:888][  0]LogSlate: SlateFontServices - WITH_FREETYPE: 1, WITH_HARFBUZZ: 1
[2019.12.17-07.23.47:023][  0]LogAssetRegistry: FAssetRegistry took 0.0058 seconds to start up
[2019.12.17-07.23.47:813][  0]LogInit: Selected Device Profile: [Windows]
[2019.12.17-07.23.48:204][  0]LogMeshReduction: Using QuadricMeshReduction for automatic static mesh reduction
[2019.12.17-07.23.48:204][  0]LogMeshReduction: Using SimplygonMeshReduction for automatic skeletal mesh reduction
[2019.12.17-07.23.48:204][  0]LogMeshReduction: Using ProxyLODMeshReduction for automatic mesh merging
[2019.12.17-07.23.48:204][  0]LogMeshReduction: No distributed automatic mesh merging module available
[2019.12.17-07.23.48:204][  0]LogMeshMerging: No distributed automatic mesh merging module available
[2019.12.17-07.23.48:226][  0]LogNetVersion: CrossyRoad 1.0.0, NetCL: 8386587, EngineNetVer: 11, GameNetVer: 0 (Checksum: 3055071226)
[2019.12.17-07.23.49:374][  0]LogPackageLocalizationCache: Processed 12 localized package path(s) for 1 prioritized culture(s) in 0.138787 seconds
[2019.12.17-07.23.49:399][  0]LogUObjectArray: 43444 objects as part of root set at end of initial load.
[2019.12.17-07.23.49:399][  0]LogUObjectAllocator: 7548648 out of 0 bytes used by permanent object pool.
[2019.12.17-07.23.49:399][  0]LogUObjectArray: CloseDisregardForGC: 0/0 objects in disregard for GC pool
[2019.12.17-07.23.51:672][  0]LogTcpMessaging: Initializing TcpMessaging bridge
[2019.12.17-07.23.51:679][  0]LogUdpMessaging: Initializing bridge on interface 0.0.0.0:0 to multicast group 230.0.0.1:6666.
[2019.12.17-07.23.51:849][  0]SourceControl: Source control is disabled
[2019.12.17-07.23.53:088][  0]LogAndroidPermission: UAndroidPermissionCallbackProxy::GetInstance
[2019.12.17-07.23.53:342][  0]LogOcInput: OculusInput pre-init called
[2019.12.17-07.23.53:360][  0]LogWindows: Failed to load 'OVRPlugin.dll' (GetLastError=126)
[2019.12.17-07.23.53:360][  0]LogWindows: File 'OVRPlugin.dll' does not exist
[2019.12.17-07.23.53:561][  0]LogEngine: Initializing Engine...
[2019.12.17-07.23.53:563][  0]LogHMD: Failed to initialize OpenVR with code 110
[2019.12.17-07.23.53:566][  0]LogStats: UGameplayTagsManager::InitializeManager -  0.000 s
[2019.12.17-07.23.54:168][  0]LogInit: Initializing FReadOnlyCVARCache
[2019.12.17-07.23.54:211][  0]LogAIModule: Creating AISystem for world Untitled
[2019.12.17-07.23.54:244][  0]LogInit: XAudio2 using '4 - ASUS VN247 (AMD High Definition Audio Device)' : 2 channels at 48 kHz using 16 bits per sample (channel mask 0x3)
[2019.12.17-07.23.54:317][  0]LogInit: FAudioDevice initialized.
[2019.12.17-07.23.54:318][  0]LogNetVersion: Set ProjectVersion to 1.0.0.0. Version Checksum will be recalculated on next use.
[2019.12.17-07.23.54:484][  0]LogDerivedDataCache: Saved boot cache 0.17s 73MB C:/Users/eanmc/AppData/Local/UnrealEngine/4.23/DerivedDataCache/Boot.ddc.
[2019.12.17-07.23.54:501][  0]LogInit: Texture streaming: Enabled
[2019.12.17-07.23.54:554][  0]LogEngineSessionManager: EngineSessionManager initialized
[2019.12.17-07.23.54:554][  0]LogEditorSessionSummary: Verbose: Initializing EditorSessionSummaryWriter for editor session tracking
[2019.12.17-07.23.54:556][  0]LogEditorSessionSummary: EditorSessionSummaryWriter initialized
[2019.12.17-07.23.54:751][  0]LogInit: Transaction tracking system initialized
[2019.12.17-07.23.54:842][  0]BlueprintLog: New page: Editor Load
[2019.12.17-07.23.55:104][  0]LocalizationService: Localization service is disabled
[2019.12.17-07.23.55:845][  0]LogFileCache: Scanning file cache for directory 'C:/Users/eanmc/OneDrive/Desktop/Programing/Crossy_Road/CrossyRoad 4.23/Content/' took 0.00s
[2019.12.17-07.23.55:845][  0]LogCook: Display: Max memory allowance for cook 16384mb min free memory 0mb
[2019.12.17-07.23.55:845][  0]LogCook: Display: Mobile HDR setting 1
[2019.12.17-07.23.56:328][  0]Cmd: MAP LOAD FILE="../../../Engine/Content/Maps/Templates/Template_Default.umap" TEMPLATE=1 SHOWPROGRESS=1 FEATURELEVEL=3
[2019.12.17-07.23.56:329][  0]LightingResults: New page: Lighting Build
[2019.12.17-07.23.56:337][  0]LogWorld: UWorld::CleanupWorld for Untitled, bSessionEnded=true, bCleanupResources=true
[2019.12.17-07.23.56:337][  0]MapCheck: New page: Map Check
[2019.12.17-07.23.56:337][  0]LightingResults: New page: Lighting Build
[2019.12.17-07.23.56:406][  0]LogUObjectHash: Compacting FUObjectHashTables data took   4.99ms
[2019.12.17-07.23.56:628][  0]LogAIModule: Creating AISystem for world Untitled_1
[2019.12.17-07.23.56:646][  0]LogEditorServer: Finished looking for orphan Actors (0.000 secs)
[2019.12.17-07.23.56:719][  0]LogUObjectHash: Compacting FUObjectHashTables data took   5.45ms
[2019.12.17-07.23.56:719][  0]Cmd: MAP CHECKDEP NOCLEARLOG
[2019.12.17-07.23.56:719][  0]MapCheck: Map check complete: 0 Error(s), 0 Warning(s), took 0.415ms to complete.
[2019.12.17-07.23.56:719][  0]LogFileHelpers: Loading map 'Template_Default' took 0.392
[2019.12.17-07.23.56:945][  0]LogSlate: Updating window title bar state: overlay mode, drag disabled, window buttons hidden, title bar hidden
[2019.12.17-07.23.56:967][  0]LogSlate: Updating window title bar state: overlay mode, drag disabled, window buttons hidden, title bar hidden
[2019.12.17-07.23.56:986][  0]LogSlate: Updating window title bar state: overlay mode, drag disabled, window buttons hidden, title bar hidden
[2019.12.17-07.23.57:008][  0]LogSlate: Updating window title bar state: overlay mode, drag disabled, window buttons hidden, title bar hidden
[2019.12.17-07.23.57:030][  0]LogCollectionManager: Loaded 0 collections in 0.006848 seconds
[2019.12.17-07.23.57:048][  0]LogFileCache: Scanning file cache for directory 'C:/Users/eanmc/OneDrive/Desktop/Programing/Crossy_Road/CrossyRoad 4.23/Saved/Collections/' took 0.00s
[2019.12.17-07.23.57:049][  0]LogFileCache: Scanning file cache for directory 'C:/Users/eanmc/OneDrive/Desktop/Programing/Crossy_Road/CrossyRoad 4.23/Content/Developers/eanmc/Collections/' took 0.00s
[2019.12.17-07.23.57:049][  0]LogFileCache: Scanning file cache for directory 'C:/Users/eanmc/OneDrive/Desktop/Programing/Crossy_Road/CrossyRoad 4.23/Content/Collections/' took 0.00s
[2019.12.17-07.23.57:049][  0]LogCollectionManager: Rebuilt the GUID cache for 0 collections in 0.000003 seconds
[2019.12.17-07.23.57:074][  0]LogContentBrowser: Native class hierarchy populated in 0.0249 seconds. Added 2863 classes and 680 folders.
[2019.12.17-07.23.57:096][  0]LogContentBrowser: Native class hierarchy updated for 'WidgetCarousel' in 0.0007 seconds. Added 0 classes and 0 folders.
[2019.12.17-07.23.57:222][  0]LogContentBrowser: Native class hierarchy updated for 'AddContentDialog' in 0.0006 seconds. Added 0 classes and 0 folders.
[2019.12.17-07.23.57:237][  0]LogContentBrowser: Native class hierarchy updated for 'SceneOutliner' in 0.0007 seconds. Added 1 classes and 2 folders.
[2019.12.17-07.23.57:416][  0]LogSlate: Took 0.000398 seconds to synchronously load lazily loaded font '../../../Engine/Content/Slate/Fonts/Roboto-Regular.ttf' (155K)
[2019.12.17-07.23.57:423][  0]LogSlate: Took 0.000799 seconds to synchronously load lazily loaded font '../../../Engine/Content/Slate/Fonts/Roboto-Bold.ttf' (160K)
[2019.12.17-07.23.57:438][  0]LogSlate: Took 0.000500 seconds to synchronously load lazily loaded font '../../../Engine/Content/Editor/Slate/Fonts/FontAwesome.ttf' (139K)
[2019.12.17-07.23.57:629][  0]LogRenderer: Reallocating scene render targets to support 1208x572 Format 10 NumSamples 1 (Frame:1).
[2019.12.17-07.23.57:873][  0]LogContentBrowser: Native class hierarchy updated for 'HierarchicalLODOutliner' in 0.0006 seconds. Added 0 classes and 0 folders.
[2019.12.17-07.23.57:873][  0]LogLoad: (Engine Initialization) Total time: 18.82 seconds
[2019.12.17-07.23.57:873][  0]LogLoad: (Engine Initialization) Total Blueprint compile time: 0.00 seconds
[2019.12.17-07.23.57:925][  0]LogContentStreaming: Texture pool size now 1000 MB
[2019.12.17-07.24.08:238][210]LogSlate: Took 0.000317 seconds to synchronously load lazily loaded font '../../../Engine/Content/Slate/Fonts/Roboto-Light.ttf' (167K)
[2019.12.17-07.24.10:839][485]LogAssetRegistry: Asset discovery search completed in 23.8167 seconds
[2019.12.17-07.24.10:848][485]LogCollectionManager: Rebuilt the object cache for 0 collections in 0.000011 seconds (found 0 objects)
[2019.12.17-07.24.10:848][485]LogCollectionManager: Fixed up redirectors for 0 collections in 0.000169 seconds (updated 0 objects)
[2019.12.17-07.25.47:331][  5]LogSlate: FSceneViewport::OnFocusLost() reason 0
[2019.12.17-07.25.49:305][209]LogSlate: Took 0.000366 seconds to synchronously load lazily loaded font '../../../Engine/Content/Slate/Fonts/Roboto-Light.ttf' (167K)
[2019.12.17-07.25.49:446][209]LogLinker: Warning: While loading '../../../../Users/eanmc/OneDrive/Desktop/Programing/Crossy_Road/CrossyRoad 4.23/Content/Meshes/chicken.uasset' failed to load '/Game/Assets/Characters/chicken1_Mat': Can't find file.
[2019.12.17-07.25.49:446][209]LogLinker: Warning: While loading '../../../../Users/eanmc/OneDrive/Desktop/Programing/Crossy_Road/CrossyRoad 4.23/Content/Meshes/chicken.uasset' failed to load '/Game/Assets/Characters/chicken1_Mat': Can't find file.
[2019.12.17-07.25.49:447][209]LogLinker: Warning: While loading '../../../../Users/eanmc/OneDrive/Desktop/Programing/Crossy_Road/CrossyRoad 4.23/Content/Meshes/chicken.uasset' failed to load '/Game/Assets/Characters/chicken1_Mat': Can't find file.
[2019.12.17-07.25.49:447][209]LogLinker: Warning: While loading '../../../../Users/eanmc/OneDrive/Desktop/Programing/Crossy_Road/CrossyRoad 4.23/Content/Meshes/chicken.uasset' failed to load '/Game/Assets/Characters/chicken1_Mat': Can't find file.
[2019.12.17-07.25.49:866][209]LogLinker: Warning: While loading '../../../../Users/eanmc/OneDrive/Desktop/Programing/Crossy_Road/CrossyRoad 4.23/Content/Meshes/chicken.uasset' failed to load '/Game/Assets/Characters/chicken1_Mat': Can't find file.
[2019.12.17-07.25.49:866][209]LoadErrors: Failed to load /Game/Assets/Characters/chicken1_Mat.chicken1_Mat Referenced by chicken
[2019.12.17-07.25.49:867][209]LogLinker: Warning: While loading '../../../../Users/eanmc/OneDrive/Desktop/Programing/Crossy_Road/CrossyRoad 4.23/Content/Meshes/chicken.uasset' failed to load '/Game/Assets/Characters/chicken1_Mat': Can't find file.
[2019.12.17-07.25.49:867][209]LogLinker: Warning: While loading '../../../../Users/eanmc/OneDrive/Desktop/Programing/Crossy_Road/CrossyRoad 4.23/Content/Meshes/chicken.uasset' failed to load '/Game/Assets/Characters/chicken1_Mat': Can't find file.
[2019.12.17-07.25.49:868][209]LogLinker: Warning: While loading '../../../../Users/eanmc/OneDrive/Desktop/Programing/Crossy_Road/CrossyRoad 4.23/Content/Meshes/chicken.uasset' failed to load '/Game/Assets/Characters/chicken1_Mat': Can't find file.
[2019.12.17-07.25.50:032][209]LogStaticMesh: Building static mesh Lillipad...
[2019.12.17-07.25.50:043][209]LogStaticMesh: Built static mesh [0.01s] /Game/Meshes/Lillipad.Lillipad
[2019.12.17-07.25.50:748][209]LogAIModule: Creating AISystem for world Bradley_Test_Map
[2019.12.17-07.25.50:760][209]LogAssetEditorManager: Opening Asset editor for World /Game/Maps/Bradley_Test_Map.Bradley_Test_Map
[2019.12.17-07.25.50:838][209]LogUObjectHash: Compacting FUObjectHashTables data took   5.89ms
[2019.12.17-07.25.50:840][209]Cmd: MAP LOAD FILE="../../../../Users/eanmc/OneDrive/Desktop/Programing/Crossy_Road/CrossyRoad 4.23/Content/Maps/Bradley_Test_Map.umap" TEMPLATE=0 SHOWPROGRESS=1 FEATURELEVEL=3
[2019.12.17-07.25.50:840][209]LightingResults: New page: Lighting Build
[2019.12.17-07.25.50:841][209]LoadErrors: New page: Loading map: Bradley_Test_Map.umap
[2019.12.17-07.25.50:842][209]LogWorld: UWorld::CleanupWorld for Untitled_1, bSessionEnded=true, bCleanupResources=true
[2019.12.17-07.25.50:842][209]MapCheck: New page: Map Check
[2019.12.17-07.25.50:842][209]LightingResults: New page: Lighting Build
[2019.12.17-07.25.50:910][209]LogUObjectHash: Compacting FUObjectHashTables data took   4.71ms
[2019.12.17-07.25.51:066][209]LogEditorServer: Finished looking for orphan Actors (0.000 secs)
[2019.12.17-07.25.51:136][209]LogUObjectHash: Compacting FUObjectHashTables data took   4.22ms
[2019.12.17-07.25.51:232][209]Cmd: MAP CHECKDEP NOCLEARLOG
[2019.12.17-07.25.51:233][209]MapCheck: Map check complete: 0 Error(s), 0 Warning(s), took 0.324ms to complete.
[2019.12.17-07.25.51:233][209]LogFileHelpers: Loading map 'Bradley_Test_Map' took 0.394
[2019.12.17-07.25.51:864][257]LogTemp: Repeating last play command: Selected Viewport
[2019.12.17-07.25.51:916][257]LogBlueprintUserMessages: Early PlayInEditor Detection: Level '/Game/Maps/Bradley_Test_Map.Bradley_Test_Map:PersistentLevel' has LevelScriptBlueprint '/Game/Maps/Bradley_Test_Map.Bradley_Test_Map:PersistentLevel.Bradley_Test_Map' with GeneratedClass '/Game/Maps/Bradley_Test_Map.Bradley_Test_Map_C' with ClassGeneratedBy '/Game/Maps/Bradley_Test_Map.Bradley_Test_Map:PersistentLevel.Bradley_Test_Map'
[2019.12.17-07.25.51:916][257]LogPlayLevel: PlayLevel: No blueprints needed recompiling
[2019.12.17-07.25.51:917][257]PIE: New page: PIE session: Bradley_Test_Map (Dec 16, 2019, 3:25:51 PM)
[2019.12.17-07.25.51:919][257]LogOnline: OSS: Creating online subsystem instance for: NULL
[2019.12.17-07.25.51:922][257]LogPlayLevel: Creating play world package: /Game/Maps/UEDPIE_0_Bradley_Test_Map
[2019.12.17-07.25.51:927][257]LogPlayLevel: PIE: StaticDuplicateObject took: (0.005353s)
[2019.12.17-07.25.51:929][257]LogAIModule: Creating AISystem for world Bradley_Test_Map
[2019.12.17-07.25.51:930][257]LogPlayLevel: PIE: World Init took: (0.002386s)
[2019.12.17-07.25.51:930][257]LogPlayLevel: PIE: Created PIE world by copying editor world from /Game/Maps/Bradley_Test_Map.Bradley_Test_Map to /Game/Maps/UEDPIE_0_Bradley_Test_Map.Bradley_Test_Map (0.008316s)
[2019.12.17-07.25.51:998][257]LogUObjectHash: Compacting FUObjectHashTables data took   3.68ms
[2019.12.17-07.25.52:024][257]LogInit: XAudio2 using '4 - ASUS VN247 (AMD High Definition Audio Device)' : 2 channels at 48 kHz using 16 bits per sample (channel mask 0x3)
[2019.12.17-07.25.52:051][257]LogInit: FAudioDevice initialized.
[2019.12.17-07.25.52:072][257]LogLoad: Game class is 'playemode_C'
[2019.12.17-07.25.52:076][257]LogWorld: Bringing World /Game/Maps/UEDPIE_0_Bradley_Test_Map.Bradley_Test_Map up for play (max tick rate 0) at 2019.12.16-23.25.52
[2019.12.17-07.25.52:077][257]LogWorld: Bringing up level for play took: 0.001894
[2019.12.17-07.25.52:078][257]LogOnline: OSS: Creating online subsystem instance for: :Context_1
[2019.12.17-07.25.52:101][257]LogContentBrowser: Native class hierarchy updated for 'MovieSceneCapture' in 0.0007 seconds. Added 20 classes and 0 folders.
[2019.12.17-07.25.52:173][257]PIE: Play in editor start time for /Game/Maps/UEDPIE_0_Bradley_Test_Map -0.083
[2019.12.17-07.25.52:174][257]LogBlueprintUserMessages: Late PlayInEditor Detection: Level '/Game/Maps/Bradley_Test_Map.Bradley_Test_Map:PersistentLevel' has LevelScriptBlueprint '/Game/Maps/Bradley_Test_Map.Bradley_Test_Map:PersistentLevel.Bradley_Test_Map' with GeneratedClass '/Game/Maps/Bradley_Test_Map.Bradley_Test_Map_C' with ClassGeneratedBy '/Game/Maps/Bradley_Test_Map.Bradley_Test_Map:PersistentLevel.Bradley_Test_Map'
[2019.12.17-07.25.57:880][819]LogEditorSessionSummary: EditorSessionSummary sent report. Type=Shutdown, SessionId={15A5589F-4D0D-8C4A-99F4-BDA49C59BBD7}
[2019.12.17-07.27.30:061][230]LogBlueprintUserMessages: Early EndPlayMap Detection: Level '/Game/Maps/Bradley_Test_Map.Bradley_Test_Map:PersistentLevel' has LevelScriptBlueprint '/Game/Maps/Bradley_Test_Map.Bradley_Test_Map:PersistentLevel.Bradley_Test_Map' with GeneratedClass '/Game/Maps/Bradley_Test_Map.Bradley_Test_Map_C' with ClassGeneratedBy '/Game/Maps/Bradley_Test_Map.Bradley_Test_Map:PersistentLevel.Bradley_Test_Map'
[2019.12.17-07.27.30:062][230]LogSlate: Updating window title bar state: overlay mode, drag disabled, window buttons hidden, title bar hidden
[2019.12.17-07.27.30:062][230]LogWorld: BeginTearingDown for /Game/Maps/UEDPIE_0_Bradley_Test_Map
[2019.12.17-07.27.30:062][230]LogWorld: UWorld::CleanupWorld for Bradley_Test_Map, bSessionEnded=true, bCleanupResources=true
[2019.12.17-07.27.30:077][230]LogPlayLevel: Display: Shutting down PIE online subsystems
[2019.12.17-07.27.30:077][230]LogBlueprintUserMessages: Late EndPlayMap Detection: Level '/Game/Maps/Bradley_Test_Map.Bradley_Test_Map:PersistentLevel' has LevelScriptBlueprint '/Game/Maps/Bradley_Test_Map.Bradley_Test_Map:PersistentLevel.Bradley_Test_Map' with GeneratedClass '/Game/Maps/Bradley_Test_Map.Bradley_Test_Map_C' with ClassGeneratedBy '/Game/Maps/Bradley_Test_Map.Bradley_Test_Map:PersistentLevel.Bradley_Test_Map'
[2019.12.17-07.27.30:153][230]LogSlate: Updating window title bar state: overlay mode, drag disabled, window buttons hidden, title bar hidden
[2019.12.17-07.27.30:166][230]LogUObjectHash: Compacting FUObjectHashTables data took   4.15ms
[2019.12.17-07.27.30:196][231]LogPlayLevel: Display: Destroying online subsystem :Context_1
[2019.12.17-07.28.57:894][746]LogEditorSessionSummary: EditorSessionSummary sent report. Type=Shutdown, SessionId={7CA60812-4AB9-B4DA-ECE5-398EA3FCE7C6}
[2019.12.17-07.29.33:379][995]LogSlate: FSceneViewport::OnFocusLost() reason 0
[2019.12.17-07.29.35:613][147]LogAssetEditorManager: Opening Asset editor for Blueprint /Game/Blueprints/BP_Ground.BP_Ground
[2019.12.17-07.29.36:272][147]LogContentBrowser: Native class hierarchy updated for 'BlueprintGraph' in 0.0013 seconds. Added 121 classes and 0 folders.
[2019.12.17-07.29.38:748][147]LogSlate: Took 0.011818 seconds to synchronously load lazily loaded font '../../../Engine/Content/Slate/Fonts/Roboto-BoldCondensed.ttf' (158K)
[2019.12.17-07.29.39:000][148]LogSlate: Took 0.016087 seconds to synchronously load lazily loaded font '../../../Engine/Content/Slate/Fonts/Roboto-Italic.ttf' (157K)
[2019.12.17-07.29.57:911][ 79]LogEditorSessionSummary: EditorSessionSummary sent report. Type=Shutdown, SessionId={C85507B9-4ACE-D577-7DF9-8F85E75C19AC}
[2019.12.17-07.30.41:736][676]LogSlate: FSceneViewport::OnFocusLost() reason 0
[2019.12.17-07.30.57:923][579]LogEditorSessionSummary: EditorSessionSummary sent report. Type=Shutdown, SessionId={7529E4AD-4518-BA91-0E0A-E9BEEC1EB62A}
[2019.12.17-07.31.11:199][310]BlueprintLog: New page: Compile BP_Ground
[2019.12.17-07.31.11:840][310]LogUObjectHash: Compacting FUObjectHashTables data took  10.16ms
[2019.12.17-07.31.42:401][814]LogSlate: FSceneViewport::OnFocusLost() reason 0
[2019.12.17-07.31.42:473][818]BlueprintLog: New page: Compile BP_Ground
[2019.12.17-07.31.43:131][818]LogUObjectHash: Compacting FUObjectHashTables data took   9.72ms
[2019.12.17-07.33.57:944][615]LogEditorSessionSummary: EditorSessionSummary sent report. Type=Shutdown, SessionId={B3E4F95B-487A-E341-70B8-9D9509D7BBBB}
[2019.12.17-07.37.27:573][671]LogSlate: FSceneViewport::OnFocusLost() reason 5
[2019.12.17-07.37.27:774][671]LogUObjectHash: Compacting FUObjectHashTables data took  19.48ms
[2019.12.17-07.37.27:775][671]LogFileHelpers: Editor autosave (incl. sublevels) for '/Game/Maps/Bradley_Test_Map' took 0.110
[2019.12.17-07.37.27:778][671]OBJ SavePackage: Generating thumbnails for [1] asset(s) in package [/Game/Blueprints/BP_Ground] ([1] browsable assets)...
[2019.12.17-07.37.27:813][671]OBJ SavePackage:     Rendered thumbnail for [Blueprint /Game/Blueprints/BP_Ground.BP_Ground]
[2019.12.17-07.37.27:813][671]OBJ SavePackage: Finished generating thumbnails for package [/Game/Blueprints/BP_Ground]
[2019.12.17-07.37.28:151][671]LogSavePackage: Moving '../../../../Users/eanmc/OneDrive/Desktop/Programing/Crossy_Road/CrossyRoad 4.23/Saved/BP_Ground_Auto1A93500094D4FC6F4C3A4A9A4BC7BC139.tmp' to '../../../../Users/eanmc/OneDrive/Desktop/Programing/Crossy_Road/CrossyRoad 4.23/Saved/Autosaves/Game/Blueprints/BP_Ground_Auto1.uasset'
[2019.12.17-07.37.28:156][671]LogFileHelpers: Auto-saving content packages took 0.379
[2019.12.17-07.38.49:089][285]LogSlate: Took 0.014850 seconds to synchronously load lazily loaded font '../../../Engine/Content/Slate/Fonts/Roboto-BoldCondensedItalic.ttf' (160K)
[2019.12.17-07.57.01:317][182]LogAudio: Warning: Current Audio Device with ID {0.0.0.00000000}.{75ec0910-9e3b-4ee6-8858-0778f770380f} was removed. Shutting down audio device.
[2019.12.17-07.57.01:317][182]LogInit: No audio devices found!
[2019.12.17-07.57.01:640][183]LogInit: No audio devices found!
[2019.12.17-07.57.11:357][212]LogInit: No audio devices found!
[2019.12.17-07.57.11:733][213]LogInit: XAudio2 using '4 - ASUS VN247 (AMD High Definition Audio Device)' : 2 channels at 48 kHz using 16 bits per sample (channel mask 0x3)
[2019.12.17-08.12.07:146][868]LogAudio: Warning: Current Audio Device with ID {0.0.0.00000000}.{75ec0910-9e3b-4ee6-8858-0778f770380f} was removed. Shutting down audio device.
[2019.12.17-08.12.07:146][868]LogInit: No audio devices found!
[2019.12.17-08.12.07:464][869]LogInit: No audio devices found!
[2019.12.17-08.12.14:500][890]LogInit: No audio devices found!
[2019.12.17-08.12.14:877][891]LogInit: XAudio2 using '4 - ASUS VN247 (AMD High Definition Audio Device)' : 2 channels at 48 kHz using 16 bits per sample (channel mask 0x3)
[2019.12.17-08.28.03:245][804]LogSlate: Window 'BP_Ground' being destroyed
[2019.12.17-08.28.03:254][804]LogSlate: Window 'BP_Ground' being destroyed
[2019.12.17-08.28.03:270][804]LogWorld: UWorld::CleanupWorld for World_7, bSessionEnded=true, bCleanupResources=true
[2019.12.17-08.28.06:122][899]LogUObjectHash: Compacting FUObjectHashTables data took   8.42ms
[2019.12.17-08.28.07:592][899]LogSlate: Window 'Save Content' being destroyed
[2019.12.17-08.28.07:855][899]LogSlate: Window 'CrossyRoad - Unreal Editor' being destroyed
[2019.12.17-08.28.08:118][900]Cmd: QUIT_EDITOR
[2019.12.17-08.28.08:251][900]LogWindowsTextInputMethodSystem: Display: IME system now deactivated.
[2019.12.17-08.28.08:287][900]LogExit: Preparing to exit.
[2019.12.17-08.28.09:076][900]LogWorld: UWorld::CleanupWorld for World_0, bSessionEnded=true, bCleanupResources=true
[2019.12.17-08.28.09:077][900]LogWorld: UWorld::CleanupWorld for World_1, bSessionEnded=true, bCleanupResources=true
[2019.12.17-08.28.09:077][900]LogWorld: UWorld::CleanupWorld for World_2, bSessionEnded=true, bCleanupResources=true
[2019.12.17-08.28.09:078][900]LogWorld: UWorld::CleanupWorld for World_3, bSessionEnded=true, bCleanupResources=true
[2019.12.17-08.28.09:078][900]LogWorld: UWorld::CleanupWorld for World_4, bSessionEnded=true, bCleanupResources=true
[2019.12.17-08.28.09:079][900]LogWorld: UWorld::CleanupWorld for World_5, bSessionEnded=true, bCleanupResources=true
[2019.12.17-08.28.09:079][900]LogWorld: UWorld::CleanupWorld for World_6, bSessionEnded=true, bCleanupResources=true
[2019.12.17-08.28.09:080][900]LogActorComponent: UnregisterComponent: (None.None) Not registered. Aborting.
[2019.12.17-08.28.09:080][900]LogActorComponent: UnregisterComponent: (None.None) Not registered. Aborting.
[2019.12.17-08.28.09:080][900]LogActorComponent: UnregisterComponent: (None.None) Not registered. Aborting.
[2019.12.17-08.28.09:080][900]LogActorComponent: UnregisterComponent: (None.None) Not registered. Aborting.
[2019.12.17-08.28.09:080][900]LogActorComponent: UnregisterComponent: (None.None) Not registered. Aborting.
[2019.12.17-08.28.09:080][900]LogActorComponent: UnregisterComponent: (None.None) Not registered. Aborting.
[2019.12.17-08.28.09:080][900]LogActorComponent: UnregisterComponent: (None.None) Not registered. Aborting.
[2019.12.17-08.28.09:080][900]LogWorld: UWorld::CleanupWorld for None, bSessionEnded=true, bCleanupResources=true
[2019.12.17-08.28.09:080][900]LogActorComponent: UnregisterComponent: (None.None) Not registered. Aborting.
[2019.12.17-08.28.09:080][900]LogActorComponent: UnregisterComponent: (None.None) Not registered. Aborting.
[2019.12.17-08.28.09:080][900]LogActorComponent: UnregisterComponent: (None.None) Not registered. Aborting.
[2019.12.17-08.28.09:081][900]LogActorComponent: UnregisterComponent: (None.None) Not registered. Aborting.
[2019.12.17-08.28.09:081][900]LogActorComponent: UnregisterComponent: (None.None) Not registered. Aborting.
[2019.12.17-08.28.09:081][900]LogActorComponent: UnregisterComponent: (None.None) Not registered. Aborting.
[2019.12.17-08.28.09:081][900]LogActorComponent: UnregisterComponent: (None.None) Not registered. Aborting.
[2019.12.17-08.28.09:081][900]LogWorld: UWorld::CleanupWorld for None, bSessionEnded=true, bCleanupResources=true
[2019.12.17-08.28.09:121][900]LogDemo: Cleaned up 0 splitscreen connections with owner deletion
[2019.12.17-08.28.09:170][900]LogWorld: UWorld::CleanupWorld for None, bSessionEnded=true, bCleanupResources=true
[2019.12.17-08.28.09:171][900]LogExit: Editor shut down
[2019.12.17-08.28.09:173][900]LogExit: Transaction tracking system shut down
[2019.12.17-08.28.09:752][900]LogExit: Object subsystem successfully closed.
[2019.12.17-08.28.09:805][900]LogShaderCompilers: Display: Shaders left to compile 0
[2019.12.17-08.28.09:888][900]LogModuleManager: Shutting down and abandoning module BlueprintGraph (678)
[2019.12.17-08.28.09:888][900]LogModuleManager: Shutting down and abandoning module MovieSceneCapture (676)
[2019.12.17-08.28.09:888][900]LogModuleManager: Shutting down and abandoning module Voice (674)
[2019.12.17-08.28.09:888][900]LogModuleManager: Shutting down and abandoning module MeshBuilder (672)
[2019.12.17-08.28.09:889][900]LogModuleManager: Shutting down and abandoning module HierarchicalLODOutliner (670)
[2019.12.17-08.28.09:889][900]LogModuleManager: Shutting down and abandoning module SceneOutliner (668)
[2019.12.17-08.28.09:889][900]LogModuleManager: Shutting down and abandoning module AddContentDialog (666)
[2019.12.17-08.28.09:892][900]LogModuleManager: Shutting down and abandoning module WidgetCarousel (665)
[2019.12.17-08.28.09:892][900]LogModuleManager: Shutting down and abandoning module EditorWidgets (662)
[2019.12.17-08.28.09:893][900]LogModuleManager: Shutting down and abandoning module CollectionManager (660)
[2019.12.17-08.28.09:893][900]LogModuleManager: Shutting down and abandoning module HierarchicalLODUtilities (658)
[2019.12.17-08.28.09:893][900]LogModuleManager: Shutting down and abandoning module StatsViewer (656)
[2019.12.17-08.28.09:893][900]LogModuleManager: Shutting down and abandoning module VirtualTexturingEditor (654)
[2019.12.17-08.28.09:893][900]LogModuleManager: Shutting down and abandoning module FoliageEdit (652)
[2019.12.17-08.28.09:893][900]LogModuleManager: Shutting down and abandoning module LandscapeEditor (650)
[2019.12.17-08.28.09:894][900]LogModuleManager: Shutting down and abandoning module MeshPaintMode (648)
[2019.12.17-08.28.09:894][900]LogModuleManager: Shutting down and abandoning module SceneDepthPickerMode (646)
[2019.12.17-08.28.09:894][900]LogModuleManager: Shutting down and abandoning module ActorPickerMode (644)
[2019.12.17-08.28.09:894][900]LogModuleManager: Shutting down and abandoning module GeometryMode (642)
[2019.12.17-08.28.09:894][900]LogModuleManager: Shutting down and abandoning module TextureAlignMode (640)
[2019.12.17-08.28.09:894][900]LogModuleManager: Shutting down and abandoning module BspMode (638)
[2019.12.17-08.28.09:894][900]LogModuleManager: Shutting down and abandoning module PIEPreviewDeviceProfileSelector (636)
[2019.12.17-08.28.09:894][900]LogModuleManager: Shutting down and abandoning module SequenceRecorderSections (634)
[2019.12.17-08.28.09:894][900]LogModuleManager: Shutting down and abandoning module AutomationWorker (632)
[2019.12.17-08.28.09:894][900]LogModuleManager: Shutting down and abandoning module OculusMR (630)
[2019.12.17-08.28.09:894][900]LogModuleManager: Shutting down and abandoning module AudioCaptureEditor (628)
[2019.12.17-08.28.09:894][900]LogModuleManager: Shutting down and abandoning module MatineeToLevelSequence (626)
[2019.12.17-08.28.09:894][900]LogModuleManager: Shutting down and abandoning module LevelSequenceEditor (624)
[2019.12.17-08.28.09:895][900]LogModuleManager: Shutting down and abandoning module PlacementMode (623)
[2019.12.17-08.28.09:895][900]LogModuleManager: Shutting down and abandoning module MaterialEditor (622)
[2019.12.17-08.28.09:895][900]LogModuleManager: Shutting down and abandoning module ActorSequenceEditor (618)
[2019.12.17-08.28.09:895][900]LogModuleManager: Shutting down and abandoning module WmfMediaFactory (616)
[2019.12.17-08.28.09:895][900]LogModuleManager: Shutting down and abandoning module WmfMediaEditor (614)
[2019.12.17-08.28.09:895][900]LogModuleManager: Shutting down and abandoning module WebMMediaFactory (612)
[2019.12.17-08.28.09:895][900]LogModuleManager: Shutting down and abandoning module WebMMediaEditor (610)
[2019.12.17-08.28.09:895][900]LogModuleManager: Shutting down and abandoning module WebMMedia (608)
[2019.12.17-08.28.09:895][900]LogModuleManager: Shutting down and abandoning module MediaPlayerEditor (606)
[2019.12.17-08.28.09:895][900]LogModuleManager: Shutting down and abandoning module MediaCompositingEditor (604)
[2019.12.17-08.28.09:895][900]LogModuleManager: Shutting down and abandoning module SequenceRecorder (603)
[2019.12.17-08.28.09:895][900]LogModuleManager: Shutting down and abandoning module OpenExrWrapper (600)
[2019.12.17-08.28.09:895][900]LogModuleManager: Shutting down and abandoning module ImgMediaFactory (598)
[2019.12.17-08.28.09:896][900]LogModuleManager: Shutting down and abandoning module ImgMediaEditor (596)
[2019.12.17-08.28.09:896][900]LogModuleManager: Shutting down and abandoning module AvfMediaFactory (594)
[2019.12.17-08.28.09:896][900]LogModuleManager: Shutting down and abandoning module AvfMediaEditor (592)
[2019.12.17-08.28.09:896][900]LogModuleManager: Shutting down and abandoning module AndroidMediaFactory (590)
[2019.12.17-08.28.09:896][900]LogModuleManager: Shutting down and abandoning module AndroidMediaEditor (588)
[2019.12.17-08.28.09:896][900]LogModuleManager: Shutting down and abandoning module MagicLeapCameraPreviewFactory (586)
[2019.12.17-08.28.09:896][900]LogModuleManager: Shutting down and abandoning module MagicLeapMediaCodecFactory (584)
[2019.12.17-08.28.09:896][900]LogModuleManager: Shutting down and abandoning module MagicLeapMediaFactory (582)
[2019.12.17-08.28.09:896][900]LogModuleManager: Shutting down and abandoning module MagicLeapMediaEditor (580)
[2019.12.17-08.28.09:896][900]LogModuleManager: Shutting down and abandoning module CharacterAI (578)
[2019.12.17-08.28.09:896][900]LogModuleManager: Shutting down and abandoning module SmartSnapping (576)
[2019.12.17-08.28.09:896][900]LogModuleManager: Shutting down and abandoning module SessionServices (574)
[2019.12.17-08.28.09:896][900]LogModuleManager: Shutting down and abandoning module MeshPaint (572)
[2019.12.17-08.28.09:896][900]LogModuleManager: Shutting down and abandoning module ViewportSnapping (570)
[2019.12.17-08.28.09:896][900]LogModuleManager: Shutting down and abandoning module ViewportInteraction (568)
[2019.12.17-08.28.09:896][900]LogModuleManager: Shutting down and abandoning module ClothPainter (566)
[2019.12.17-08.28.09:896][900]LogModuleManager: Shutting down and abandoning module SkeletalMeshEditor (565)
[2019.12.17-08.28.09:896][900]LogModuleManager: Shutting down and abandoning module LogVisualizer (562)
[2019.12.17-08.28.09:897][900]LogModuleManager: Shutting down and abandoning module IntroTutorials (560)
[2019.12.17-08.28.09:897][900]LogModuleManager: Shutting down and abandoning module GameProjectGeneration (559)
[2019.12.17-08.28.09:897][900]LogModuleManager: Shutting down and abandoning module LuminPlatformEditor (556)
[2019.12.17-08.28.09:897][900]LogModuleManager: Shutting down and abandoning module IOSPlatformEditor (554)
[2019.12.17-08.28.09:897][900]LogModuleManager: Shutting down and abandoning module HTML5PlatformEditor (552)
[2019.12.17-08.28.09:897][900]LogModuleManager: Shutting down and abandoning module AndroidPlatformEditor (550)
[2019.12.17-08.28.09:897][900]LogModuleManager: Shutting down and abandoning module AndroidDeviceDetection (549)
