Log file open, 11/06/19 14:35:05
LogWindows: Failed to load 'aqProf.dll' (GetLastError=126)
LogWindows: File 'aqProf.dll' does not exist
LogWindows: Failed to load 'VtuneApi.dll' (GetLastError=126)
LogWindows: File 'VtuneApi.dll' does not exist
LogWindows: Failed to load 'VtuneApi32e.dll' (GetLastError=126)
LogWindows: File 'VtuneApi32e.dll' does not exist
LogConsoleResponse: Display: Failed to find resolution value strings in scalability ini. Falling back to default.
LogInit: Display: Running engine for game: CrossyRoad
LogPlatformFile: Not using cached read wrapper
LogTaskGraph: Started task graph with 5 named threads and 23 total threads with 3 sets of task threads.
LogStats: Stats thread started at 0.077083
LogD3D11RHI: Loaded GFSDK_Aftermath_Lib.x64.dll
LogICUInternationalization: ICU TimeZone Detection - Raw Offset: -8:00, Platform Override: ''
LogPluginManager: Mounting plugin Paper2D
LogPluginManager: Mounting plugin AISupport
LogPluginManager: Mounting plugin LightPropagationVolume
LogPluginManager: Mounting plugin ActorLayerUtilities
LogPluginManager: Mounting plugin AnimationSharing
LogPluginManager: Mounting plugin CLionSourceCodeAccess
LogPluginManager: Mounting plugin CodeLiteSourceCodeAccess
LogPluginManager: Mounting plugin GitSourceControl
LogPluginManager: Mounting plugin KDevelopSourceCodeAccess
LogPluginManager: Mounting plugin NullSourceCodeAccess
LogPluginManager: Mounting plugin PerforceSourceControl
LogPluginManager: Mounting plugin SubversionSourceControl
LogPluginManager: Mounting plugin UObjectPlugin
LogPluginManager: Mounting plugin VisualStudioCodeSourceCodeAccess
LogPluginManager: Mounting plugin VisualStudioSourceCodeAccess
LogPluginManager: Mounting plugin XCodeSourceCodeAccess
LogPluginManager: Mounting plugin AssetManagerEditor
LogPluginManager: Mounting plugin CryptoKeys
LogPluginManager: Mounting plugin CurveEditorTools
LogPluginManager: Mounting plugin DataValidation
LogPluginManager: Mounting plugin FacialAnimation
LogPluginManager: Mounting plugin GameplayTagsEditor
LogPluginManager: Mounting plugin MacGraphicsSwitching
LogPluginManager: Mounting plugin MaterialAnalyzer
LogPluginManager: Mounting plugin MobileLauncherProfileWizard
LogPluginManager: Mounting plugin PluginBrowser
LogPluginManager: Mounting plugin SpeedTreeImporter
LogPluginManager: Mounting plugin DatasmithContent
LogPluginManager: Mounting plugin VariantManagerContent
LogPluginManager: Mounting plugin AlembicImporter
LogPluginManager: Mounting plugin AutomationUtils
LogPluginManager: Mounting plugin BackChannel
LogPluginManager: Mounting plugin CharacterAI
LogPluginManager: Mounting plugin GeometryCache
LogPluginManager: Mounting plugin HTML5Networking
LogPluginManager: Mounting plugin PlatformCrypto
LogPluginManager: Mounting plugin ProxyLODPlugin
LogPluginManager: Mounting plugin SkeletalReduction
LogPluginManager: Mounting plugin MagicLeap
LogPluginManager: Mounting plugin MagicLeapMedia
LogPluginManager: Mounting plugin AndroidMedia
LogPluginManager: Mounting plugin AvfMedia
LogPluginManager: Mounting plugin ImgMedia
LogPluginManager: Mounting plugin MediaCompositing
LogPluginManager: Mounting plugin MediaPlayerEditor
LogPluginManager: Mounting plugin WebMMedia
LogPluginManager: Mounting plugin WmfMedia
LogPluginManager: Mounting plugin TcpMessaging
LogPluginManager: Mounting plugin UdpMessaging
LogPluginManager: Mounting plugin ActorSequence
LogPluginManager: Mounting plugin LevelSequenceEditor
LogPluginManager: Mounting plugin MatineeToLevelSequence
LogPluginManager: Mounting plugin NetcodeUnitTest
LogPluginManager: Mounting plugin NUTUnrealEngine4
LogPluginManager: Mounting plugin OnlineSubsystemGooglePlay
LogPluginManager: Mounting plugin OnlineSubsystemIOS
LogPluginManager: Mounting plugin OnlineSubsystem
LogPluginManager: Mounting plugin OnlineSubsystemNull
LogPluginManager: Mounting plugin OnlineSubsystemUtils
LogPluginManager: Mounting plugin LauncherChunkInstaller
LogPluginManager: Mounting plugin AndroidDeviceProfileSelector
LogPluginManager: Mounting plugin AndroidMoviePlayer
LogPluginManager: Mounting plugin AndroidPermission
LogPluginManager: Mounting plugin AppleImageUtils
LogPluginManager: Mounting plugin AppleMoviePlayer
LogPluginManager: Mounting plugin ArchVisCharacter
LogPluginManager: Mounting plugin AudioCapture
LogPluginManager: Mounting plugin CableComponent
LogPluginManager: Mounting plugin CustomMeshComponent
LogPluginManager: Mounting plugin EditableMesh
LogPluginManager: Mounting plugin ExampleDeviceProfileSelector
LogPluginManager: Mounting plugin GoogleCloudMessaging
LogPluginManager: Mounting plugin IOSDeviceProfileSelector
LogPluginManager: Mounting plugin LinuxDeviceProfileSelector
LogPluginManager: Mounting plugin LocationServicesBPLibrary
LogPluginManager: Mounting plugin MobilePatchingUtils
LogPluginManager: Mounting plugin OculusVR
LogPluginManager: Mounting plugin PhysXVehicles
LogPluginManager: Mounting plugin ProceduralMeshComponent
LogPluginManager: Mounting plugin RuntimePhysXCooking
LogPluginManager: Mounting plugin SignificanceManager
LogPluginManager: Mounting plugin SteamVR
LogPluginManager: Mounting plugin WebMMoviePlayer
LogPluginManager: Mounting plugin WindowsMoviePlayer
LogPluginManager: Mounting plugin ScreenshotTools
LogInit: Using libcurl 7.55.1-DEV
LogInit:  - built for x86_64-pc-win32
LogInit:  - supports SSL with OpenSSL/1.1.1
LogInit:  - supports HTTP deflate (compression) using libz 1.2.8
LogInit:  - other features:
LogInit:      CURL_VERSION_SSL
LogInit:      CURL_VERSION_LIBZ
LogInit:      CURL_VERSION_IPV6
LogInit:      CURL_VERSION_ASYNCHDNS
LogInit:      CURL_VERSION_LARGEFILE
LogInit:      CURL_VERSION_IDN
LogInit:  CurlRequestOptions (configurable via config and command line):
LogInit:  - bVerifyPeer = true  - Libcurl will verify peer certificate
LogInit:  - bUseHttpProxy = false  - Libcurl will NOT use HTTP proxy
LogInit:  - bDontReuseConnections = false  - Libcurl will reuse connections
LogInit:  - MaxHostConnections = 16  - Libcurl will limit the number of connections to a host
LogInit:  - LocalHostAddr = Default
LogInit:  - BufferSize = 65536
LogOnline: OSS: Creating online subsystem instance for: NULL
LogInit: WinSock: version 1.1 (2.2), MaxSocks=32767, MaxUdp=65467
LogInit: Build: ++UE4+Release-4.23-CL-9631420
LogInit: Engine Version: 4.23.1-9631420+++UE4+Release-4.23
LogInit: Compatible Engine Version: 4.23.0-8386587+++UE4+Release-4.23
LogInit: Net CL: 8386587
LogInit: OS: Windows 10 (Release 1903) (), CPU: Intel(R) Core(TM) i5-8250U CPU @ 1.60GHz, GPU: Intel(R) UHD Graphics 620
LogInit: Compiled (64-bit): Oct 18 2019 02:07:44
LogInit: Compiled with Visual C++: 19.16.27030.01
LogInit: Build Configuration: Development
LogInit: Branch Name: ++UE4+Release-4.23
LogInit: Command Line: 
LogInit: Base Directory: C:/Program Files/Epic Games/UE_4.23/Engine/Binaries/Win64/
LogInit: Installed Engine Build: 1
LogDevObjectVersion: Number of dev versions registered: 23
LogDevObjectVersion:   Dev-Blueprints (B0D832E4-1F89-4F0D-ACCF-7EB736FD4AA2): 10
LogDevObjectVersion:   Dev-Build (E1C64328-A22C-4D53-A36C-8E866417BD8C): 0
LogDevObjectVersion:   Dev-Core (375EC13C-06E4-48FB-B500-84F0262A717E): 3
LogDevObjectVersion:   Dev-Editor (E4B068ED-F494-42E9-A231-DA0B2E46BB41): 34
LogDevObjectVersion:   Dev-Framework (CFFC743F-43B0-4480-9391-14DF171D2073): 35
LogDevObjectVersion:   Dev-Mobile (B02B49B5-BB20-44E9-A304-32B752E40360): 2
LogDevObjectVersion:   Dev-Networking (A4E4105C-59A1-49B5-A7C5-40C4547EDFEE): 0
LogDevObjectVersion:   Dev-Online (39C831C9-5AE6-47DC-9A44-9C173E1C8E7C): 0
LogDevObjectVersion:   Dev-Physics (78F01B33-EBEA-4F98-B9B4-84EACCB95AA2): 0
LogDevObjectVersion:   Dev-Platform (6631380F-2D4D-43E0-8009-CF276956A95A): 0
LogDevObjectVersion:   Dev-Rendering (12F88B9F-8875-4AFC-A67C-D90C383ABD29): 31
LogDevObjectVersion:   Dev-Sequencer (7B5AE74C-D270-4C10-A958-57980B212A5A): 11
LogDevObjectVersion:   Dev-VR (D7296918-1DD6-4BDD-9DE2-64A83CC13884): 2
LogDevObjectVersion:   Dev-LoadTimes (C2A15278-BFE7-4AFE-6C17-90FF531DF755): 1
LogDevObjectVersion:   Private-Geometry (6EACA3D4-40EC-4CC1-B786-8BED09428FC5): 3
LogDevObjectVersion:   Dev-AnimPhys (29E575DD-E0A3-4627-9D10-D276232CDCEA): 17
LogDevObjectVersion:   Dev-Anim (AF43A65D-7FD3-4947-9873-3E8ED9C1BB05): 2
LogDevObjectVersion:   Dev-ReflectionCapture (6B266CEC-1EC7-4B8F-A30B-E4D90942FC07): 1
LogDevObjectVersion:   Dev-Automation (0DF73D61-A23F-47EA-B727-89E90C41499A): 1
LogDevObjectVersion:   FortniteMain (601D1886-AC64-4F84-AA16-D3DE0DEAC7D6): 27
LogDevObjectVersion:   Dev-Enterprise (9DFFBCD6-494F-0158-E221-12823C92A888): 6
LogDevObjectVersion:   Dev-Niagara (F2AED0AC-9AFE-416F-8664-AA7FFA26D6FC): 1
LogDevObjectVersion:   Dev-Destruction (174F1F0B-B4C6-45A5-B13F-2EE8D0FB917D): 9
LogInit: Presizing for max 16777216 objects, including 0 objects not considered by GC, pre-allocating 0 bytes for permanent pool.
LogInit: Object subsystem initialized
LogConfig: Setting CVar [[con.DebugEarlyDefault:1]]
LogConfig: Setting CVar [[r.setres:1280x720]]
[2019.11.06-22.35.06:039][  0]LogConfig: Setting CVar [[r.VSync:0]]
[2019.11.06-22.35.06:039][  0]LogConfig: Setting CVar [[r.RHICmdBypass:0]]
[2019.11.06-22.35.06:039][  0]LogConfig: Applying CVar settings from Section [/Script/Engine.RendererSettings] File [C:/Users/eanmc/OneDrive/Desktop/Crossy_Road/Crossy_Road/CrossyRoad 4.23/Saved/Config/Windows/Engine.ini]
[2019.11.06-22.35.06:039][  0]LogConfig: Setting CVar [[r.GPUCrashDebugging:0]]
[2019.11.06-22.35.06:039][  0]LogConfig: Setting CVar [[r.DefaultFeature.AutoExposure.ExtendDefaultLuminanceRange:1]]
[2019.11.06-22.35.06:039][  0]LogConfig: Applying CVar settings from Section [/Script/Engine.RendererOverrideSettings] File [C:/Users/eanmc/OneDrive/Desktop/Crossy_Road/Crossy_Road/CrossyRoad 4.23/Saved/Config/Windows/Engine.ini]
[2019.11.06-22.35.06:039][  0]LogConfig: Applying CVar settings from Section [/Script/Engine.StreamingSettings] File [C:/Users/eanmc/OneDrive/Desktop/Crossy_Road/Crossy_Road/CrossyRoad 4.23/Saved/Config/Windows/Engine.ini]
[2019.11.06-22.35.06:039][  0]LogConfig: Setting CVar [[s.MinBulkDataSizeForAsyncLoading:131072]]
[2019.11.06-22.35.06:039][  0]LogConfig: Setting CVar [[s.AsyncLoadingThreadEnabled:0]]
[2019.11.06-22.35.06:039][  0]LogConfig: Setting CVar [[s.EventDrivenLoaderEnabled:1]]
[2019.11.06-22.35.06:039][  0]LogConfig: Setting CVar [[s.WarnIfTimeLimitExceeded:0]]
[2019.11.06-22.35.06:039][  0]LogConfig: Setting CVar [[s.TimeLimitExceededMultiplier:1.5]]
[2019.11.06-22.35.06:039][  0]LogConfig: Setting CVar [[s.TimeLimitExceededMinTime:0.005]]
[2019.11.06-22.35.06:039][  0]LogConfig: Setting CVar [[s.UseBackgroundLevelStreaming:1]]
[2019.11.06-22.35.06:039][  0]LogConfig: Setting CVar [[s.PriorityAsyncLoadingExtraTime:15.0]]
[2019.11.06-22.35.06:039][  0]LogConfig: Setting CVar [[s.LevelStreamingActorsUpdateTimeLimit:5.0]]
[2019.11.06-22.35.06:039][  0]LogConfig: Setting CVar [[s.PriorityLevelStreamingActorsUpdateExtraTime:5.0]]
[2019.11.06-22.35.06:039][  0]LogConfig: Setting CVar [[s.LevelStreamingComponentsRegistrationGranularity:10]]
[2019.11.06-22.35.06:039][  0]LogConfig: Setting CVar [[s.UnregisterComponentsTimeLimit:1.0]]
[2019.11.06-22.35.06:039][  0]LogConfig: Setting CVar [[s.LevelStreamingComponentsUnregistrationGranularity:5]]
[2019.11.06-22.35.06:039][  0]LogConfig: Applying CVar settings from Section [/Script/Engine.GarbageCollectionSettings] File [C:/Users/eanmc/OneDrive/Desktop/Crossy_Road/Crossy_Road/CrossyRoad 4.23/Saved/Config/Windows/Engine.ini]
[2019.11.06-22.35.06:039][  0]LogConfig: Setting CVar [[gc.MaxObjectsNotConsideredByGC:1]]
[2019.11.06-22.35.06:039][  0]LogConfig: Setting CVar [[gc.SizeOfPermanentObjectPool:0]]
[2019.11.06-22.35.06:039][  0]LogConfig: Setting CVar [[gc.FlushStreamingOnGC:0]]
[2019.11.06-22.35.06:039][  0]LogConfig: Setting CVar [[gc.NumRetriesBeforeForcingGC:10]]
[2019.11.06-22.35.06:039][  0]LogConfig: Setting CVar [[gc.AllowParallelGC:1]]
[2019.11.06-22.35.06:039][  0]LogConfig: Setting CVar [[gc.TimeBetweenPurgingPendingKillObjects:61.1]]
[2019.11.06-22.35.06:039][  0]LogConfig: Setting CVar [[gc.MaxObjectsInEditor:16777216]]
[2019.11.06-22.35.06:039][  0]LogConfig: Setting CVar [[gc.IncrementalBeginDestroyEnabled:1]]
[2019.11.06-22.35.06:039][  0]LogConfig: Setting CVar [[gc.CreateGCClusters:1]]
[2019.11.06-22.35.06:039][  0]LogConfig: Setting CVar [[gc.MinGCClusterSize:5]]
[2019.11.06-22.35.06:040][  0]LogConfig: Setting CVar [[gc.ActorClusteringEnabled:0]]
[2019.11.06-22.35.06:040][  0]LogConfig: Setting CVar [[gc.BlueprintClusteringEnabled:0]]
[2019.11.06-22.35.06:040][  0]LogConfig: Setting CVar [[gc.UseDisregardForGCOnDedicatedServers:0]]
[2019.11.06-22.35.06:040][  0]LogConfig: Applying CVar settings from Section [/Script/Engine.NetworkSettings] File [C:/Users/eanmc/OneDrive/Desktop/Crossy_Road/Crossy_Road/CrossyRoad 4.23/Saved/Config/Windows/Engine.ini]
[2019.11.06-22.35.06:040][  0]LogConfig: Applying CVar settings from Section [/Script/UnrealEd.CookerSettings] File [C:/Users/eanmc/OneDrive/Desktop/Crossy_Road/Crossy_Road/CrossyRoad 4.23/Saved/Config/Windows/Engine.ini]
[2019.11.06-22.35.06:042][  0]LogConfig: Applying CVar settings from Section [ViewDistanceQuality@3] File [C:/Users/eanmc/OneDrive/Desktop/Crossy_Road/Crossy_Road/CrossyRoad 4.23/Saved/Config/Windows/Scalability.ini]
[2019.11.06-22.35.06:042][  0]LogConfig: Setting CVar [[r.SkeletalMeshLODBias:0]]
[2019.11.06-22.35.06:042][  0]LogConfig: Setting CVar [[r.ViewDistanceScale:1.0]]
[2019.11.06-22.35.06:042][  0]LogConfig: Applying CVar settings from Section [AntiAliasingQuality@3] File [C:/Users/eanmc/OneDrive/Desktop/Crossy_Road/Crossy_Road/CrossyRoad 4.23/Saved/Config/Windows/Scalability.ini]
[2019.11.06-22.35.06:042][  0]LogConfig: Setting CVar [[r.PostProcessAAQuality:4]]
[2019.11.06-22.35.06:042][  0]LogConfig: Applying CVar settings from Section [ShadowQuality@3] File [C:/Users/eanmc/OneDrive/Desktop/Crossy_Road/Crossy_Road/CrossyRoad 4.23/Saved/Config/Windows/Scalability.ini]
[2019.11.06-22.35.06:042][  0]LogConfig: Setting CVar [[r.LightFunctionQuality:1]]
[2019.11.06-22.35.06:042][  0]LogConfig: Setting CVar [[r.ShadowQuality:5]]
[2019.11.06-22.35.06:042][  0]LogConfig: Setting CVar [[r.Shadow.CSM.MaxCascades:10]]
[2019.11.06-22.35.06:042][  0]LogConfig: Setting CVar [[r.Shadow.MaxResolution:2048]]
[2019.11.06-22.35.06:042][  0]LogConfig: Setting CVar [[r.Shadow.MaxCSMResolution:2048]]
[2019.11.06-22.35.06:042][  0]LogConfig: Setting CVar [[r.Shadow.RadiusThreshold:0.01]]
[2019.11.06-22.35.06:042][  0]LogConfig: Setting CVar [[r.Shadow.DistanceScale:1.0]]
[2019.11.06-22.35.06:042][  0]LogConfig: Setting CVar [[r.Shadow.CSM.TransitionScale:1.0]]
[2019.11.06-22.35.06:042][  0]LogConfig: Setting CVar [[r.Shadow.PreShadowResolutionFactor:1.0]]
[2019.11.06-22.35.06:042][  0]LogConfig: Setting CVar [[r.DistanceFieldShadowing:1]]
[2019.11.06-22.35.06:042][  0]LogConfig: Setting CVar [[r.DistanceFieldAO:1]]
[2019.11.06-22.35.06:042][  0]LogConfig: Setting CVar [[r.AOQuality:2]]
[2019.11.06-22.35.06:042][  0]LogConfig: Setting CVar [[r.VolumetricFog:1]]
[2019.11.06-22.35.06:042][  0]LogConfig: Setting CVar [[r.VolumetricFog.GridPixelSize:8]]
[2019.11.06-22.35.06:042][  0]LogConfig: Setting CVar [[r.VolumetricFog.GridSizeZ:128]]
[2019.11.06-22.35.06:042][  0]LogConfig: Setting CVar [[r.VolumetricFog.HistoryMissSupersampleCount:4]]
[2019.11.06-22.35.06:043][  0]LogConfig: Setting CVar [[r.LightMaxDrawDistanceScale:1]]
[2019.11.06-22.35.06:043][  0]LogConfig: Setting CVar [[r.CapsuleShadows:1]]
[2019.11.06-22.35.06:043][  0]LogConfig: Applying CVar settings from Section [PostProcessQuality@3] File [C:/Users/eanmc/OneDrive/Desktop/Crossy_Road/Crossy_Road/CrossyRoad 4.23/Saved/Config/Windows/Scalability.ini]
[2019.11.06-22.35.06:043][  0]LogConfig: Setting CVar [[r.MotionBlurQuality:4]]
[2019.11.06-22.35.06:043][  0]LogConfig: Setting CVar [[r.AmbientOcclusionMipLevelFactor:0.4]]
[2019.11.06-22.35.06:043][  0]LogConfig: Setting CVar [[r.AmbientOcclusionMaxQuality:100]]
[2019.11.06-22.35.06:043][  0]LogConfig: Setting CVar [[r.AmbientOcclusionLevels:-1]]
[2019.11.06-22.35.06:043][  0]LogConfig: Setting CVar [[r.AmbientOcclusionRadiusScale:1.0]]
[2019.11.06-22.35.06:043][  0]LogConfig: Setting CVar [[r.DepthOfFieldQuality:2]]
[2019.11.06-22.35.06:043][  0]LogConfig: Setting CVar [[r.RenderTargetPoolMin:400]]
[2019.11.06-22.35.06:043][  0]LogConfig: Setting CVar [[r.LensFlareQuality:2]]
[2019.11.06-22.35.06:043][  0]LogConfig: Setting CVar [[r.SceneColorFringeQuality:1]]
[2019.11.06-22.35.06:043][  0]LogConfig: Setting CVar [[r.EyeAdaptationQuality:2]]
[2019.11.06-22.35.06:043][  0]LogConfig: Setting CVar [[r.BloomQuality:5]]
[2019.11.06-22.35.06:043][  0]LogConfig: Setting CVar [[r.FastBlurThreshold:100]]
[2019.11.06-22.35.06:043][  0]LogConfig: Setting CVar [[r.Upscale.Quality:3]]
[2019.11.06-22.35.06:043][  0]LogConfig: Setting CVar [[r.Tonemapper.GrainQuantization:1]]
[2019.11.06-22.35.06:043][  0]LogConfig: Setting CVar [[r.LightShaftQuality:1]]
[2019.11.06-22.35.06:043][  0]LogConfig: Setting CVar [[r.Filter.SizeScale:1]]
[2019.11.06-22.35.06:043][  0]LogConfig: Setting CVar [[r.Tonemapper.Quality:5]]
[2019.11.06-22.35.06:043][  0]LogConfig: Setting CVar [[r.DOF.Gather.AccumulatorQuality:1        ; higher gathering accumulator quality]]
[2019.11.06-22.35.06:043][  0]LogConfig: Setting CVar [[r.DOF.Gather.PostfilterMethod:1          ; Median3x3 postfilering method]]
[2019.11.06-22.35.06:043][  0]LogConfig: Setting CVar [[r.DOF.Gather.EnableBokehSettings:0       ; no bokeh simulation when gathering]]
[2019.11.06-22.35.06:043][  0]LogConfig: Setting CVar [[r.DOF.Gather.RingCount:4                 ; medium number of samples when gathering]]
[2019.11.06-22.35.06:043][  0]LogConfig: Setting CVar [[r.DOF.Scatter.ForegroundCompositing:1    ; additive foreground scattering]]
[2019.11.06-22.35.06:043][  0]LogConfig: Setting CVar [[r.DOF.Scatter.BackgroundCompositing:2    ; additive background scattering]]
[2019.11.06-22.35.06:043][  0]LogConfig: Setting CVar [[r.DOF.Scatter.EnableBokehSettings:1      ; bokeh simulation when scattering]]
[2019.11.06-22.35.06:043][  0]LogConfig: Setting CVar [[r.DOF.Scatter.MaxSpriteRatio:0.1         ; only a maximum of 10% of scattered bokeh]]
[2019.11.06-22.35.06:043][  0]LogConfig: Setting CVar [[r.DOF.Recombine.Quality:1                ; cheap slight out of focus]]
[2019.11.06-22.35.06:043][  0]LogConfig: Setting CVar [[r.DOF.Recombine.EnableBokehSettings:0    ; no bokeh simulation on slight out of focus]]
[2019.11.06-22.35.06:043][  0]LogConfig: Setting CVar [[r.DOF.TemporalAAQuality:1                ; more stable temporal accumulation]]
[2019.11.06-22.35.06:043][  0]LogConfig: Setting CVar [[r.DOF.Kernel.MaxForegroundRadius:0.025]]
[2019.11.06-22.35.06:043][  0]LogConfig: Setting CVar [[r.DOF.Kernel.MaxBackgroundRadius:0.025]]
[2019.11.06-22.35.06:043][  0]LogConfig: Applying CVar settings from Section [TextureQuality@3] File [C:/Users/eanmc/OneDrive/Desktop/Crossy_Road/Crossy_Road/CrossyRoad 4.23/Saved/Config/Windows/Scalability.ini]
[2019.11.06-22.35.06:043][  0]LogConfig: Setting CVar [[r.Streaming.MipBias:0]]
[2019.11.06-22.35.06:043][  0]LogConfig: Setting CVar [[r.Streaming.AmortizeCPUToGPUCopy:0]]
[2019.11.06-22.35.06:043][  0]LogConfig: Setting CVar [[r.Streaming.MaxNumTexturesToStreamPerFrame:0]]
[2019.11.06-22.35.06:043][  0]LogConfig: Setting CVar [[r.Streaming.Boost:1]]
[2019.11.06-22.35.06:043][  0]LogConfig: Setting CVar [[r.MaxAnisotropy:8]]
[2019.11.06-22.35.06:043][  0]LogConfig: Setting CVar [[r.Streaming.LimitPoolSizeToVRAM:0]]
[2019.11.06-22.35.06:043][  0]LogConfig: Setting CVar [[r.Streaming.PoolSize:1000]]
[2019.11.06-22.35.06:043][  0]LogConfig: Setting CVar [[r.Streaming.MaxEffectiveScreenSize:0]]
[2019.11.06-22.35.06:043][  0]LogConfig: Applying CVar settings from Section [EffectsQuality@3] File [C:/Users/eanmc/OneDrive/Desktop/Crossy_Road/Crossy_Road/CrossyRoad 4.23/Saved/Config/Windows/Scalability.ini]
[2019.11.06-22.35.06:043][  0]LogConfig: Setting CVar [[r.TranslucencyLightingVolumeDim:64]]
[2019.11.06-22.35.06:043][  0]LogConfig: Setting CVar [[r.RefractionQuality:2]]
[2019.11.06-22.35.06:043][  0]LogConfig: Setting CVar [[r.SSR.Quality:3]]
[2019.11.06-22.35.06:043][  0]LogConfig: Setting CVar [[r.SceneColorFormat:4]]
[2019.11.06-22.35.06:043][  0]LogConfig: Setting CVar [[r.DetailMode:2]]
[2019.11.06-22.35.06:043][  0]LogConfig: Setting CVar [[r.TranslucencyVolumeBlur:1]]
[2019.11.06-22.35.06:043][  0]LogConfig: Setting CVar [[r.MaterialQualityLevel:1 ; High quality]]
[2019.11.06-22.35.06:043][  0]LogConfig: Setting CVar [[r.SSS.Scale:1]]
[2019.11.06-22.35.06:043][  0]LogConfig: Setting CVar [[r.SSS.SampleSet:2]]
[2019.11.06-22.35.06:043][  0]LogConfig: Setting CVar [[r.SSS.Quality:1]]
[2019.11.06-22.35.06:043][  0]LogConfig: Setting CVar [[r.SSS.HalfRes:1]]
[2019.11.06-22.35.06:043][  0]LogConfig: Setting CVar [[r.EmitterSpawnRateScale:1.0]]
[2019.11.06-22.35.06:043][  0]LogConfig: Setting CVar [[r.ParticleLightQuality:2]]
[2019.11.06-22.35.06:043][  0]LogConfig: Applying CVar settings from Section [FoliageQuality@3] File [C:/Users/eanmc/OneDrive/Desktop/Crossy_Road/Crossy_Road/CrossyRoad 4.23/Saved/Config/Windows/Scalability.ini]
[2019.11.06-22.35.06:043][  0]LogConfig: Setting CVar [[foliage.DensityScale:1.0]]
[2019.11.06-22.35.06:043][  0]LogConfig: Setting CVar [[grass.DensityScale:1.0]]
[2019.11.06-22.35.06:043][  0]LogInit: Selected Device Profile: [Windows]
[2019.11.06-22.35.06:043][  0]LogInit: Applying CVar settings loaded from the selected device profile: [Windows]
[2019.11.06-22.35.06:046][  0]LogHAL: Display: Platform has ~ 16 GB [17005645824 / 17179869184 / 16], which maps to Larger [LargestMinGB=32, LargerMinGB=12, DefaultMinGB=8, SmallerMinGB=6, SmallestMinGB=0)
[2019.11.06-22.35.06:046][  0]LogInit: Going up to parent DeviceProfile []
[2019.11.06-22.35.06:046][  0]LogConfig: Applying CVar settings from Section [ViewDistanceQuality@3] File [C:/Users/eanmc/OneDrive/Desktop/Crossy_Road/Crossy_Road/CrossyRoad 4.23/Saved/Config/Windows/Scalability.ini]
[2019.11.06-22.35.06:046][  0]LogConfig: Setting CVar [[r.SkeletalMeshLODBias:0]]
[2019.11.06-22.35.06:046][  0]LogConfig: Setting CVar [[r.ViewDistanceScale:1.0]]
[2019.11.06-22.35.06:046][  0]LogConfig: Applying CVar settings from Section [AntiAliasingQuality@3] File [C:/Users/eanmc/OneDrive/Desktop/Crossy_Road/Crossy_Road/CrossyRoad 4.23/Saved/Config/Windows/Scalability.ini]
[2019.11.06-22.35.06:046][  0]LogConfig: Setting CVar [[r.PostProcessAAQuality:4]]
[2019.11.06-22.35.06:046][  0]LogConfig: Applying CVar settings from Section [ShadowQuality@3] File [C:/Users/eanmc/OneDrive/Desktop/Crossy_Road/Crossy_Road/CrossyRoad 4.23/Saved/Config/Windows/Scalability.ini]
[2019.11.06-22.35.06:046][  0]LogConfig: Setting CVar [[r.LightFunctionQuality:1]]
[2019.11.06-22.35.06:046][  0]LogConfig: Setting CVar [[r.ShadowQuality:5]]
[2019.11.06-22.35.06:046][  0]LogConfig: Setting CVar [[r.Shadow.CSM.MaxCascades:10]]
[2019.11.06-22.35.06:046][  0]LogConfig: Setting CVar [[r.Shadow.MaxResolution:2048]]
[2019.11.06-22.35.06:046][  0]LogConfig: Setting CVar [[r.Shadow.MaxCSMResolution:2048]]
[2019.11.06-22.35.06:046][  0]LogConfig: Setting CVar [[r.Shadow.RadiusThreshold:0.01]]
[2019.11.06-22.35.06:046][  0]LogConfig: Setting CVar [[r.Shadow.DistanceScale:1.0]]
[2019.11.06-22.35.06:046][  0]LogConfig: Setting CVar [[r.Shadow.CSM.TransitionScale:1.0]]
[2019.11.06-22.35.06:046][  0]LogConfig: Setting CVar [[r.Shadow.PreShadowResolutionFactor:1.0]]
[2019.11.06-22.35.06:047][  0]LogConfig: Setting CVar [[r.DistanceFieldShadowing:1]]
[2019.11.06-22.35.06:047][  0]LogConfig: Setting CVar [[r.DistanceFieldAO:1]]
[2019.11.06-22.35.06:047][  0]LogConfig: Setting CVar [[r.AOQuality:2]]
[2019.11.06-22.35.06:047][  0]LogConfig: Setting CVar [[r.VolumetricFog:1]]
[2019.11.06-22.35.06:047][  0]LogConfig: Setting CVar [[r.VolumetricFog.GridPixelSize:8]]
[2019.11.06-22.35.06:047][  0]LogConfig: Setting CVar [[r.VolumetricFog.GridSizeZ:128]]
[2019.11.06-22.35.06:047][  0]LogConfig: Setting CVar [[r.VolumetricFog.HistoryMissSupersampleCount:4]]
[2019.11.06-22.35.06:047][  0]LogConfig: Setting CVar [[r.LightMaxDrawDistanceScale:1]]
[2019.11.06-22.35.06:047][  0]LogConfig: Setting CVar [[r.CapsuleShadows:1]]
[2019.11.06-22.35.06:047][  0]LogConfig: Applying CVar settings from Section [PostProcessQuality@3] File [C:/Users/eanmc/OneDrive/Desktop/Crossy_Road/Crossy_Road/CrossyRoad 4.23/Saved/Config/Windows/Scalability.ini]
[2019.11.06-22.35.06:047][  0]LogConfig: Setting CVar [[r.MotionBlurQuality:4]]
[2019.11.06-22.35.06:047][  0]LogConfig: Setting CVar [[r.AmbientOcclusionMipLevelFactor:0.4]]
[2019.11.06-22.35.06:047][  0]LogConfig: Setting CVar [[r.AmbientOcclusionMaxQuality:100]]
[2019.11.06-22.35.06:047][  0]LogConfig: Setting CVar [[r.AmbientOcclusionLevels:-1]]
[2019.11.06-22.35.06:047][  0]LogConfig: Setting CVar [[r.AmbientOcclusionRadiusScale:1.0]]
[2019.11.06-22.35.06:047][  0]LogConfig: Setting CVar [[r.DepthOfFieldQuality:2]]
[2019.11.06-22.35.06:047][  0]LogConfig: Setting CVar [[r.RenderTargetPoolMin:400]]
[2019.11.06-22.35.06:047][  0]LogConfig: Setting CVar [[r.LensFlareQuality:2]]
[2019.11.06-22.35.06:047][  0]LogConfig: Setting CVar [[r.SceneColorFringeQuality:1]]
[2019.11.06-22.35.06:047][  0]LogConfig: Setting CVar [[r.EyeAdaptationQuality:2]]
[2019.11.06-22.35.06:047][  0]LogConfig: Setting CVar [[r.BloomQuality:5]]
[2019.11.06-22.35.06:047][  0]LogConfig: Setting CVar [[r.FastBlurThreshold:100]]
[2019.11.06-22.35.06:047][  0]LogConfig: Setting CVar [[r.Upscale.Quality:3]]
[2019.11.06-22.35.06:047][  0]LogConfig: Setting CVar [[r.Tonemapper.GrainQuantization:1]]
[2019.11.06-22.35.06:047][  0]LogConfig: Setting CVar [[r.LightShaftQuality:1]]
[2019.11.06-22.35.06:047][  0]LogConfig: Setting CVar [[r.Filter.SizeScale:1]]
[2019.11.06-22.35.06:047][  0]LogConfig: Setting CVar [[r.Tonemapper.Quality:5]]
[2019.11.06-22.35.06:047][  0]LogConfig: Setting CVar [[r.DOF.Gather.AccumulatorQuality:1        ; higher gathering accumulator quality]]
[2019.11.06-22.35.06:047][  0]LogConfig: Setting CVar [[r.DOF.Gather.PostfilterMethod:1          ; Median3x3 postfilering method]]
[2019.11.06-22.35.06:047][  0]LogConfig: Setting CVar [[r.DOF.Gather.EnableBokehSettings:0       ; no bokeh simulation when gathering]]
[2019.11.06-22.35.06:047][  0]LogConfig: Setting CVar [[r.DOF.Gather.RingCount:4                 ; medium number of samples when gathering]]
[2019.11.06-22.35.06:047][  0]LogConfig: Setting CVar [[r.DOF.Scatter.ForegroundCompositing:1    ; additive foreground scattering]]
[2019.11.06-22.35.06:047][  0]LogConfig: Setting CVar [[r.DOF.Scatter.BackgroundCompositing:2    ; additive background scattering]]
[2019.11.06-22.35.06:047][  0]LogConfig: Setting CVar [[r.DOF.Scatter.EnableBokehSettings:1      ; bokeh simulation when scattering]]
[2019.11.06-22.35.06:047][  0]LogConfig: Setting CVar [[r.DOF.Scatter.MaxSpriteRatio:0.1         ; only a maximum of 10% of scattered bokeh]]
[2019.11.06-22.35.06:047][  0]LogConfig: Setting CVar [[r.DOF.Recombine.Quality:1                ; cheap slight out of focus]]
[2019.11.06-22.35.06:047][  0]LogConfig: Setting CVar [[r.DOF.Recombine.EnableBokehSettings:0    ; no bokeh simulation on slight out of focus]]
[2019.11.06-22.35.06:047][  0]LogConfig: Setting CVar [[r.DOF.TemporalAAQuality:1                ; more stable temporal accumulation]]
[2019.11.06-22.35.06:047][  0]LogConfig: Setting CVar [[r.DOF.Kernel.MaxForegroundRadius:0.025]]
[2019.11.06-22.35.06:047][  0]LogConfig: Setting CVar [[r.DOF.Kernel.MaxBackgroundRadius:0.025]]
[2019.11.06-22.35.06:047][  0]LogConfig: Applying CVar settings from Section [TextureQuality@3] File [C:/Users/eanmc/OneDrive/Desktop/Crossy_Road/Crossy_Road/CrossyRoad 4.23/Saved/Config/Windows/Scalability.ini]
[2019.11.06-22.35.06:047][  0]LogConfig: Setting CVar [[r.Streaming.MipBias:0]]
[2019.11.06-22.35.06:047][  0]LogConfig: Setting CVar [[r.Streaming.AmortizeCPUToGPUCopy:0]]
[2019.11.06-22.35.06:047][  0]LogConfig: Setting CVar [[r.Streaming.MaxNumTexturesToStreamPerFrame:0]]
[2019.11.06-22.35.06:047][  0]LogConfig: Setting CVar [[r.Streaming.Boost:1]]
[2019.11.06-22.35.06:047][  0]LogConfig: Setting CVar [[r.MaxAnisotropy:8]]
[2019.11.06-22.35.06:047][  0]LogConfig: Setting CVar [[r.Streaming.LimitPoolSizeToVRAM:0]]
[2019.11.06-22.35.06:047][  0]LogConfig: Setting CVar [[r.Streaming.PoolSize:1000]]
[2019.11.06-22.35.06:047][  0]LogConfig: Setting CVar [[r.Streaming.MaxEffectiveScreenSize:0]]
[2019.11.06-22.35.06:047][  0]LogConfig: Applying CVar settings from Section [EffectsQuality@3] File [C:/Users/eanmc/OneDrive/Desktop/Crossy_Road/Crossy_Road/CrossyRoad 4.23/Saved/Config/Windows/Scalability.ini]
[2019.11.06-22.35.06:047][  0]LogConfig: Setting CVar [[r.TranslucencyLightingVolumeDim:64]]
[2019.11.06-22.35.06:047][  0]LogConfig: Setting CVar [[r.RefractionQuality:2]]
[2019.11.06-22.35.06:047][  0]LogConfig: Setting CVar [[r.SSR.Quality:3]]
[2019.11.06-22.35.06:047][  0]LogConfig: Setting CVar [[r.SceneColorFormat:4]]
[2019.11.06-22.35.06:047][  0]LogConfig: Setting CVar [[r.DetailMode:2]]
[2019.11.06-22.35.06:047][  0]LogConfig: Setting CVar [[r.TranslucencyVolumeBlur:1]]
[2019.11.06-22.35.06:047][  0]LogConfig: Setting CVar [[r.MaterialQualityLevel:1 ; High quality]]
[2019.11.06-22.35.06:047][  0]LogConfig: Setting CVar [[r.SSS.Scale:1]]
[2019.11.06-22.35.06:047][  0]LogConfig: Setting CVar [[r.SSS.SampleSet:2]]
[2019.11.06-22.35.06:047][  0]LogConfig: Setting CVar [[r.SSS.Quality:1]]
[2019.11.06-22.35.06:047][  0]LogConfig: Setting CVar [[r.SSS.HalfRes:1]]
[2019.11.06-22.35.06:047][  0]LogConfig: Setting CVar [[r.EmitterSpawnRateScale:1.0]]
[2019.11.06-22.35.06:047][  0]LogConfig: Setting CVar [[r.ParticleLightQuality:2]]
[2019.11.06-22.35.06:047][  0]LogConfig: Applying CVar settings from Section [FoliageQuality@3] File [C:/Users/eanmc/OneDrive/Desktop/Crossy_Road/Crossy_Road/CrossyRoad 4.23/Saved/Config/Windows/Scalability.ini]
[2019.11.06-22.35.06:047][  0]LogConfig: Setting CVar [[foliage.DensityScale:1.0]]
[2019.11.06-22.35.06:047][  0]LogConfig: Setting CVar [[grass.DensityScale:1.0]]
[2019.11.06-22.35.06:047][  0]LogConfig: Applying CVar settings from Section [Startup] File [../../../Engine/Config/ConsoleVariables.ini]
[2019.11.06-22.35.06:048][  0]LogConfig: Setting CVar [[net.UseAdaptiveNetUpdateFrequency:0]]
[2019.11.06-22.35.06:048][  0]LogConfig: Setting CVar [[p.chaos.AllowCreatePhysxBodies:1]]
[2019.11.06-22.35.06:048][  0]LogConfig: Applying CVar settings from Section [ConsoleVariables] File [C:/Users/eanmc/OneDrive/Desktop/Crossy_Road/Crossy_Road/CrossyRoad 4.23/Saved/Config/Windows/Engine.ini]
[2019.11.06-22.35.06:048][  0]LogInit: Computer: DESKTOP-FET5938
[2019.11.06-22.35.06:048][  0]LogInit: User: eanmc
[2019.11.06-22.35.06:048][  0]LogInit: CPU Page size=4096, Cores=4
[2019.11.06-22.35.06:048][  0]LogInit: High frequency timer resolution =10.000000 MHz
[2019.11.06-22.35.06:048][  0]LogMemory: Memory total: Physical=15.8GB (16GB approx)
[2019.11.06-22.35.06:048][  0]LogMemory: Platform Memory Stats for Windows
[2019.11.06-22.35.06:048][  0]LogMemory: Process Physical Memory: 103.11 MB used, 103.11 MB peak
[2019.11.06-22.35.06:048][  0]LogMemory: Process Virtual Memory: 99.18 MB used, 99.18 MB peak
[2019.11.06-22.35.06:048][  0]LogMemory: Physical Memory: 6706.52 MB used,  9511.33 MB free, 16217.85 MB total
[2019.11.06-22.35.06:048][  0]LogMemory: Virtual Memory: 4667.43 MB used,  134213064.00 MB free, 134217728.00 MB total
[2019.11.06-22.35.06:051][  0]LogWindows: WindowsPlatformFeatures enabled
[2019.11.06-22.35.06:072][  0]LogInit: Using OS detected language (en-US).
[2019.11.06-22.35.06:072][  0]LogInit: Using OS detected locale (en-US).
[2019.11.06-22.35.06:073][  0]LogTextLocalizationManager: No specific localization for 'en-US' exists, so the 'en' localization will be used.
[2019.11.06-22.35.06:240][  0]LogInit: Setting process to per monitor DPI aware
[2019.11.06-22.35.06:285][  0]LogSlate: New Slate User Created.  User Index 0, Is Virtual User: 0
[2019.11.06-22.35.06:285][  0]LogSlate: Slate User Registered.  User Index 0, Is Virtual User: 0
[2019.11.06-22.35.06:435][  0]LogHMD: Failed to initialize OpenVR with code 110
[2019.11.06-22.35.06:435][  0]LogD3D11RHI: D3D11 adapters:
[2019.11.06-22.35.06:486][  0]LogD3D11RHI:    0. 'Intel(R) UHD Graphics 620' (Feature Level 11_0)
[2019.11.06-22.35.06:486][  0]LogD3D11RHI:       128/0/8108 MB DedicatedVideo/DedicatedSystem/SharedSystem, Outputs:1, VendorId:0x8086
[2019.11.06-22.35.06:488][  0]LogD3D11RHI:    1. 'Microsoft Basic Render Driver' (Feature Level 11_0)
[2019.11.06-22.35.06:488][  0]LogD3D11RHI:       0/0/8108 MB DedicatedVideo/DedicatedSystem/SharedSystem, Outputs:0, VendorId:0x1414
[2019.11.06-22.35.06:488][  0]LogD3D11RHI: Chosen D3D11 Adapter: 0
[2019.11.06-22.35.06:494][  0]LogD3D11RHI: Creating new Direct3DDevice
[2019.11.06-22.35.06:494][  0]LogD3D11RHI:     GPU DeviceId: 0x5917 (for the marketing name, search the web for "GPU Device Id")
[2019.11.06-22.35.06:494][  0]LogWindows: EnumDisplayDevices:
[2019.11.06-22.35.06:494][  0]LogWindows:    0. 'Intel(R) UHD Graphics 620' (P:1 D:1)
[2019.11.06-22.35.06:495][  0]LogWindows:    1. 'Intel(R) UHD Graphics 620' (P:0 D:0)
[2019.11.06-22.35.06:495][  0]LogWindows:    2. 'Intel(R) UHD Graphics 620' (P:0 D:0)
[2019.11.06-22.35.06:495][  0]LogWindows: DebugString: FoundDriverCount:3 
[2019.11.06-22.35.06:495][  0]LogD3D11RHI:     Adapter Name: Intel(R) UHD Graphics 620
[2019.11.06-22.35.06:495][  0]LogD3D11RHI:   Driver Version: 25.20.100.6374 (internal:25.20.100.6374, unified:25.20.100.6374)
[2019.11.06-22.35.06:495][  0]LogD3D11RHI:      Driver Date: 11-18-2018
[2019.11.06-22.35.06:495][  0]LogRHI: Texture pool is 1523 MB (70% of 2176 MB)
[2019.11.06-22.35.06:529][  0]LogD3D11RHI: [IntelMetricsDiscovery] Started
[2019.11.06-22.35.06:529][  0]LogD3D11RHI: Async texture creation enabled
[2019.11.06-22.35.06:533][  0]LogD3D11RHI: GPU Timing Frequency: 12.000048 (Debug: 2 0)
[2019.11.06-22.35.06:868][  0]LogTemp: Display: Module 'AllDesktopTargetPlatform' loaded TargetPlatform 'AllDesktop'
[2019.11.06-22.35.06:877][  0]LogTemp: Display: Module 'MacClientTargetPlatform' loaded TargetPlatform 'MacClient'
[2019.11.06-22.35.06:885][  0]LogTemp: Display: Module 'MacNoEditorTargetPlatform' loaded TargetPlatform 'MacNoEditor'
[2019.11.06-22.35.06:893][  0]LogTemp: Display: Module 'MacServerTargetPlatform' loaded TargetPlatform 'MacServer'
[2019.11.06-22.35.06:902][  0]LogTemp: Display: Module 'MacTargetPlatform' loaded TargetPlatform 'Mac'
[2019.11.06-22.35.06:911][  0]LogTemp: Display: Module 'WindowsClientTargetPlatform' loaded TargetPlatform 'WindowsClient'
[2019.11.06-22.35.06:919][  0]LogTemp: Display: Module 'WindowsNoEditorTargetPlatform' loaded TargetPlatform 'WindowsNoEditor'
[2019.11.06-22.35.06:928][  0]LogTemp: Display: Module 'WindowsServerTargetPlatform' loaded TargetPlatform 'WindowsServer'
[2019.11.06-22.35.06:933][  0]LogTemp: Display: Module 'WindowsTargetPlatform' loaded TargetPlatform 'Windows'
[2019.11.06-22.35.06:965][  0]LogTemp: Display: Module 'AndroidTargetPlatform' loaded TargetPlatform 'Android'
[2019.11.06-22.35.06:965][  0]LogTemp: Display: Module 'AndroidTargetPlatform' loaded TargetPlatform 'Android_ASTC'
[2019.11.06-22.35.06:965][  0]LogTemp: Display: Module 'AndroidTargetPlatform' loaded TargetPlatform 'Android_ATC'
[2019.11.06-22.35.06:965][  0]LogTemp: Display: Module 'AndroidTargetPlatform' loaded TargetPlatform 'Android_DXT'
[2019.11.06-22.35.06:965][  0]LogTemp: Display: Module 'AndroidTargetPlatform' loaded TargetPlatform 'Android_ETC1'
[2019.11.06-22.35.06:965][  0]LogTemp: Display: Module 'AndroidTargetPlatform' loaded TargetPlatform 'Android_ETC1a'
[2019.11.06-22.35.06:965][  0]LogTemp: Display: Module 'AndroidTargetPlatform' loaded TargetPlatform 'Android_ETC2'
[2019.11.06-22.35.06:965][  0]LogTemp: Display: Module 'AndroidTargetPlatform' loaded TargetPlatform 'Android_PVRTC'
[2019.11.06-22.35.06:966][  0]LogTemp: Display: Module 'AndroidTargetPlatform' loaded TargetPlatform 'AndroidClient'
[2019.11.06-22.35.06:966][  0]LogTemp: Display: Module 'AndroidTargetPlatform' loaded TargetPlatform 'Android_ASTCClient'
[2019.11.06-22.35.06:966][  0]LogTemp: Display: Module 'AndroidTargetPlatform' loaded TargetPlatform 'Android_ATCClient'
[2019.11.06-22.35.06:966][  0]LogTemp: Display: Module 'AndroidTargetPlatform' loaded TargetPlatform 'Android_DXTClient'
[2019.11.06-22.35.06:966][  0]LogTemp: Display: Module 'AndroidTargetPlatform' loaded TargetPlatform 'Android_ETC1Client'
[2019.11.06-22.35.06:966][  0]LogTemp: Display: Module 'AndroidTargetPlatform' loaded TargetPlatform 'Android_ETC1aClient'
[2019.11.06-22.35.06:966][  0]LogTemp: Display: Module 'AndroidTargetPlatform' loaded TargetPlatform 'Android_ETC2Client'
[2019.11.06-22.35.06:966][  0]LogTemp: Display: Module 'AndroidTargetPlatform' loaded TargetPlatform 'Android_PVRTCClient'
[2019.11.06-22.35.06:966][  0]LogTemp: Display: Module 'AndroidTargetPlatform' loaded TargetPlatform 'Android_Multi'
[2019.11.06-22.35.06:966][  0]LogTemp: Display: Module 'AndroidTargetPlatform' loaded TargetPlatform 'Android_MultiClient'
[2019.11.06-22.35.06:967][  0]LogTemp: Display: Module 'HTML5TargetPlatform' loaded TargetPlatform 'HTML5'
[2019.11.06-22.35.06:984][  0]LogTemp: Display: Module 'IOSTargetPlatform' loaded TargetPlatform 'IOSClient'
[2019.11.06-22.35.06:984][  0]LogTemp: Display: Module 'IOSTargetPlatform' loaded TargetPlatform 'IOS'
[2019.11.06-22.35.06:998][  0]LogTemp: Display: Module 'TVOSTargetPlatform' loaded TargetPlatform 'TVOSClient'
[2019.11.06-22.35.06:998][  0]LogTemp: Display: Module 'TVOSTargetPlatform' loaded TargetPlatform 'TVOS'
[2019.11.06-22.35.07:005][  0]LogTemp: Display: Module 'LinuxClientTargetPlatform' loaded TargetPlatform 'LinuxClient'
[2019.11.06-22.35.07:011][  0]LogTemp: Display: Module 'LinuxNoEditorTargetPlatform' loaded TargetPlatform 'LinuxNoEditor'
[2019.11.06-22.35.07:019][  0]LogTemp: Display: Module 'LinuxServerTargetPlatform' loaded TargetPlatform 'LinuxServer'
[2019.11.06-22.35.07:026][  0]LogTemp: Display: Module 'LinuxTargetPlatform' loaded TargetPlatform 'Linux'
[2019.11.06-22.35.07:049][  0]LogTemp: Display: Module 'LuminTargetPlatform' loaded TargetPlatform 'Lumin'
[2019.11.06-22.35.07:049][  0]LogTemp: Display: Module 'LuminTargetPlatform' loaded TargetPlatform 'LuminClient'
[2019.11.06-22.35.07:049][  0]LogTargetPlatformManager: Display: Building Assets For Windows
[2019.11.06-22.35.07:058][  0]LogAudioDebug: Display: Lib vorbis DLL was dynamically loaded.
[2019.11.06-22.35.07:110][  0]LogShaderCompilers: Guid format shader working directory is -41 characters bigger than the processId version (../../../../../../Users/eanmc/OneDrive/Desktop/Crossy_Road/Crossy_Road/CrossyRoad 4.23/Intermediate/Shaders/WorkingDirectory/18624/).
[2019.11.06-22.35.07:111][  0]LogShaderCompilers: Cleaned the shader compiler working directory 'C:/Users/eanmc/AppData/Local/Temp/UnrealShaderWorkingDir/C352376F4B87D84B1D768696F7CE4637/'.
[2019.11.06-22.35.07:113][  0]LogXGEController: Cannot use XGE Controller as Incredibuild is not installed on this machine.
[2019.11.06-22.35.07:113][  0]LogShaderCompilers: Cannot use XGE Shader Compiler as Incredibuild is not installed on this machine.
[2019.11.06-22.35.07:113][  0]LogShaderCompilers: Display: Using Local Shader Compiler.
[2019.11.06-22.35.07:710][  0]LogDerivedDataCache: Display: Max Cache Size: 512 MB
[2019.11.06-22.35.07:761][  0]LogDerivedDataCache: Loaded boot cache 0.05s 73MB C:/Users/eanmc/AppData/Local/UnrealEngine/4.23/DerivedDataCache/Boot.ddc.
[2019.11.06-22.35.07:761][  0]LogDerivedDataCache: Display: Loaded Boot cache: C:/Users/eanmc/AppData/Local/UnrealEngine/4.23/DerivedDataCache/Boot.ddc
[2019.11.06-22.35.07:761][  0]LogDerivedDataCache: FDerivedDataBackendGraph:  Pak pak cache file ../../../../../../Users/eanmc/OneDrive/Desktop/Crossy_Road/Crossy_Road/CrossyRoad 4.23/DerivedDataCache/DDC.ddp not found, will not use a pak cache.
[2019.11.06-22.35.07:761][  0]LogDerivedDataCache: Unable to find inner node Pak for hierarchical cache Hierarchy.
[2019.11.06-22.35.07:762][  0]LogDerivedDataCache: FDerivedDataBackendGraph:  CompressedPak pak cache file ../../../../../../Users/eanmc/OneDrive/Desktop/Crossy_Road/Crossy_Road/CrossyRoad 4.23/DerivedDataCache/Compressed.ddp not found, will not use a pak cache.
[2019.11.06-22.35.07:762][  0]LogDerivedDataCache: Unable to find inner node CompressedPak for hierarchical cache Hierarchy.
[2019.11.06-22.35.07:773][  0]LogDerivedDataCache: Display: Pak cache opened for reading ../../../Engine/DerivedDataCache/Compressed.ddp.
[2019.11.06-22.35.07:773][  0]LogDerivedDataCache: FDerivedDataBackendGraph:  EnterprisePak pak cache file ../../../Enterprise/DerivedDataCache/Compressed.ddp not found, will not use a pak cache.
[2019.11.06-22.35.07:773][  0]LogDerivedDataCache: Unable to find inner node EnterprisePak for hierarchical cache Hierarchy.
[2019.11.06-22.35.07:774][  0]LogDerivedDataCache: Using Local data cache path C:/Users/eanmc/AppData/Local/UnrealEngine/Common/DerivedDataCache: Writable
[2019.11.06-22.35.07:774][  0]LogDerivedDataCache: Shared data cache path not found in *engine.ini, will not use an Shared cache.
[2019.11.06-22.35.07:774][  0]LogDerivedDataCache: Unable to find inner node Shared for hierarchical cache Hierarchy.
[2019.11.06-22.35.07:795][  0]LogMaterial: Verifying Global Shaders for PCD3D_SM5
[2019.11.06-22.35.07:799][  0]LogSlate: Using FreeType 2.6.0
[2019.11.06-22.35.07:799][  0]LogSlate: SlateFontServices - WITH_FREETYPE: 1, WITH_HARFBUZZ: 1
[2019.11.06-22.35.07:852][  0]LogAssetRegistry: FAssetRegistry took 0.0024 seconds to start up
[2019.11.06-22.35.08:142][  0]LogInit: Selected Device Profile: [Windows]
[2019.11.06-22.35.08:320][  0]LogMeshReduction: Using QuadricMeshReduction for automatic static mesh reduction
[2019.11.06-22.35.08:320][  0]LogMeshReduction: Using SimplygonMeshReduction for automatic skeletal mesh reduction
[2019.11.06-22.35.08:320][  0]LogMeshReduction: Using ProxyLODMeshReduction for automatic mesh merging
[2019.11.06-22.35.08:320][  0]LogMeshReduction: No distributed automatic mesh merging module available
[2019.11.06-22.35.08:320][  0]LogMeshMerging: No distributed automatic mesh merging module available
[2019.11.06-22.35.08:329][  0]LogNetVersion: CrossyRoad 1.0.0, NetCL: 8386587, EngineNetVer: 11, GameNetVer: 0 (Checksum: 3055071226)
[2019.11.06-22.35.08:769][  0]LogPackageLocalizationCache: Processed 12 localized package path(s) for 1 prioritized culture(s) in 0.049298 seconds
[2019.11.06-22.35.08:775][  0]LogUObjectArray: 43444 objects as part of root set at end of initial load.
[2019.11.06-22.35.08:775][  0]LogUObjectAllocator: 7548648 out of 0 bytes used by permanent object pool.
[2019.11.06-22.35.08:775][  0]LogUObjectArray: CloseDisregardForGC: 0/0 objects in disregard for GC pool
[2019.11.06-22.35.09:596][  0]LogTcpMessaging: Initializing TcpMessaging bridge
[2019.11.06-22.35.09:635][  0]LogUdpMessaging: Initializing bridge on interface 0.0.0.0:0 to multicast group 230.0.0.1:6666.
[2019.11.06-22.35.09:686][  0]SourceControl: Source control is disabled
[2019.11.06-22.35.09:686][  0]SourceControl: Source control is disabled
[2019.11.06-22.35.09:687][  0]SourceControl: Source control is disabled
[2019.11.06-22.35.09:688][  0]SourceControl: Source control is disabled
[2019.11.06-22.35.09:771][  0]LogAndroidPermission: UAndroidPermissionCallbackProxy::GetInstance
[2019.11.06-22.35.09:918][  0]LogOcInput: OculusInput pre-init called
[2019.11.06-22.35.09:924][  0]LogWindows: Failed to load 'OVRPlugin.dll' (GetLastError=126)
[2019.11.06-22.35.09:924][  0]LogWindows: File 'OVRPlugin.dll' does not exist
[2019.11.06-22.35.09:994][  0]LogEngine: Initializing Engine...
[2019.11.06-22.35.09:994][  0]LogHMD: Failed to initialize OpenVR with code 110
[2019.11.06-22.35.09:995][  0]LogStats: UGameplayTagsManager::InitializeManager -  0.000 s
[2019.11.06-22.35.10:206][  0]LogInit: Initializing FReadOnlyCVARCache
[2019.11.06-22.35.10:222][  0]LogAIModule: Creating AISystem for world Untitled
[2019.11.06-22.35.10:243][  0]LogInit: XAudio2 using 'Speakers / Headphones (2- Realtek Audio)' : 2 channels at 48 kHz using 32 bits per sample (channel mask 0x3)
[2019.11.06-22.35.11:509][  0]LogInit: FAudioDevice initialized.
[2019.11.06-22.35.11:509][  0]LogNetVersion: Set ProjectVersion to 1.0.0.0. Version Checksum will be recalculated on next use.
[2019.11.06-22.35.11:587][  0]LogDerivedDataCache: Saved boot cache 0.08s 73MB C:/Users/eanmc/AppData/Local/UnrealEngine/4.23/DerivedDataCache/Boot.ddc.
[2019.11.06-22.35.11:594][  0]LogInit: Texture streaming: Enabled
[2019.11.06-22.35.11:613][  0]LogEngineSessionManager: EngineSessionManager initialized
[2019.11.06-22.35.11:613][  0]LogEditorSessionSummary: Verbose: Initializing EditorSessionSummaryWriter for editor session tracking
[2019.11.06-22.35.11:614][  0]LogEditorSessionSummary: EditorSessionSummaryWriter initialized
[2019.11.06-22.35.11:641][  0]LogInit: Transaction tracking system initialized
[2019.11.06-22.35.11:674][  0]BlueprintLog: New page: Editor Load
[2019.11.06-22.35.11:755][  0]LocalizationService: Localization service is disabled
[2019.11.06-22.35.12:019][  0]LogFileCache: Scanning file cache for directory 'C:/Users/eanmc/OneDrive/Desktop/Crossy_Road/Crossy_Road/CrossyRoad 4.23/Content/' took 0.00s
[2019.11.06-22.35.12:019][  0]LogCook: Display: Max memory allowance for cook 16384mb min free memory 0mb
[2019.11.06-22.35.12:019][  0]LogCook: Display: Mobile HDR setting 1
[2019.11.06-22.35.12:197][  0]SourceControl: Source control is disabled
[2019.11.06-22.35.12:198][  0]Cmd: MAP LOAD FILE="../../../Engine/Content/Maps/Templates/Template_Default.umap" TEMPLATE=1 SHOWPROGRESS=1 FEATURELEVEL=3
[2019.11.06-22.35.12:198][  0]LightingResults: New page: Lighting Build
[2019.11.06-22.35.12:201][  0]LogWorld: UWorld::CleanupWorld for Untitled, bSessionEnded=true, bCleanupResources=true
[2019.11.06-22.35.12:201][  0]MapCheck: New page: Map Check
[2019.11.06-22.35.12:201][  0]LightingResults: New page: Lighting Build
[2019.11.06-22.35.12:223][  0]LogUObjectHash: Compacting FUObjectHashTables data took   1.62ms
[2019.11.06-22.35.12:295][  0]LogAIModule: Creating AISystem for world Untitled_1
[2019.11.06-22.35.12:299][  0]LogEditorServer: Finished looking for orphan Actors (0.000 secs)
[2019.11.06-22.35.12:325][  0]LogUObjectHash: Compacting FUObjectHashTables data took   1.97ms
[2019.11.06-22.35.12:325][  0]Cmd: MAP CHECKDEP NOCLEARLOG
[2019.11.06-22.35.12:325][  0]MapCheck: Map check complete: 0 Error(s), 0 Warning(s), took 0.147ms to complete.
[2019.11.06-22.35.12:325][  0]LogFileHelpers: Loading map 'Template_Default' took 0.127
[2019.11.06-22.35.12:480][  0]LogSlate: Updating window title bar state: overlay mode, drag disabled, window buttons hidden, title bar hidden
[2019.11.06-22.35.12:489][  0]LogSlate: Updating window title bar state: overlay mode, drag disabled, window buttons hidden, title bar hidden
[2019.11.06-22.35.12:495][  0]LogSlate: Updating window title bar state: overlay mode, drag disabled, window buttons hidden, title bar hidden
[2019.11.06-22.35.12:502][  0]LogSlate: Updating window title bar state: overlay mode, drag disabled, window buttons hidden, title bar hidden
[2019.11.06-22.35.12:521][  0]LogCollectionManager: Loaded 0 collections in 0.001932 seconds
[2019.11.06-22.35.12:541][  0]LogFileCache: Scanning file cache for directory 'C:/Users/eanmc/OneDrive/Desktop/Crossy_Road/Crossy_Road/CrossyRoad 4.23/Saved/Collections/' took 0.00s
[2019.11.06-22.35.12:541][  0]LogFileCache: Scanning file cache for directory 'C:/Users/eanmc/OneDrive/Desktop/Crossy_Road/Crossy_Road/CrossyRoad 4.23/Content/Developers/eanmc/Collections/' took 0.00s
[2019.11.06-22.35.12:541][  0]LogFileCache: Scanning file cache for directory 'C:/Users/eanmc/OneDrive/Desktop/Crossy_Road/Crossy_Road/CrossyRoad 4.23/Content/Collections/' took 0.00s
[2019.11.06-22.35.12:541][  0]LogCollectionManager: Rebuilt the GUID cache for 0 collections in 0.000002 seconds
[2019.11.06-22.35.12:551][  0]LogContentBrowser: Native class hierarchy populated in 0.0086 seconds. Added 2863 classes and 680 folders.
[2019.11.06-22.35.12:574][  0]LogContentBrowser: Native class hierarchy updated for 'WidgetCarousel' in 0.0002 seconds. Added 0 classes and 0 folders.
[2019.11.06-22.35.12:951][  0]LogContentBrowser: Native class hierarchy updated for 'AddContentDialog' in 0.0003 seconds. Added 0 classes and 0 folders.
[2019.11.06-22.35.12:965][  0]LogContentBrowser: Native class hierarchy updated for 'SceneOutliner' in 0.0002 seconds. Added 1 classes and 2 folders.
[2019.11.06-22.35.13:014][  0]LogSlate: Took 0.000215 seconds to synchronously load lazily loaded font '../../../Engine/Content/Slate/Fonts/Roboto-Regular.ttf' (155K)
[2019.11.06-22.35.13:017][  0]LogSlate: Took 0.000199 seconds to synchronously load lazily loaded font '../../../Engine/Content/Slate/Fonts/Roboto-Bold.ttf' (160K)
[2019.11.06-22.35.13:030][  0]LogSlate: Took 0.007111 seconds to synchronously load lazily loaded font '../../../Engine/Content/Editor/Slate/Fonts/FontAwesome.ttf' (139K)
[2019.11.06-22.35.13:121][  0]LogRenderer: Reallocating scene render targets to support 964x436 Format 10 NumSamples 1 (Frame:1).
[2019.11.06-22.35.13:723][  0]LogContentBrowser: Native class hierarchy updated for 'HierarchicalLODOutliner' in 0.0002 seconds. Added 0 classes and 0 folders.
[2019.11.06-22.35.13:724][  0]LogLoad: (Engine Initialization) Total time: 8.70 seconds
[2019.11.06-22.35.13:724][  0]LogLoad: (Engine Initialization) Total Blueprint compile time: 0.00 seconds
[2019.11.06-22.35.13:783][  0]LogAssetRegistry: Asset discovery search completed in 5.9320 seconds
[2019.11.06-22.35.13:787][  0]LogCollectionManager: Rebuilt the object cache for 0 collections in 0.000005 seconds (found 0 objects)
[2019.11.06-22.35.13:787][  0]LogCollectionManager: Fixed up redirectors for 0 collections in 0.000053 seconds (updated 0 objects)
[2019.11.06-22.35.13:789][  0]LogContentStreaming: Texture pool size now 1000 MB
[2019.11.06-22.35.13:802][  0]LogSlate: Took 0.000157 seconds to synchronously load lazily loaded font '../../../Engine/Content/Slate/Fonts/Roboto-Light.ttf' (167K)
[2019.11.06-22.35.18:429][170]LogSlate: FSceneViewport::OnFocusLost() reason 0
[2019.11.06-22.35.19:836][230]LogSlate: Took 0.000178 seconds to synchronously load lazily loaded font '../../../Engine/Content/Slate/Fonts/Roboto-Light.ttf' (167K)
[2019.11.06-22.35.19:873][230]LogStaticMesh: Building static mesh chicken...
[2019.11.06-22.35.19:898][230]LogStaticMesh: Built static mesh [0.03s] /Game/Assets/chicken.chicken
[2019.11.06-22.35.19:914][230]LogStaticMesh: Building static mesh Car...
[2019.11.06-22.35.19:923][230]LogStaticMesh: Built static mesh [0.01s] /Game/Assets/Car.Car
[2019.11.06-22.35.19:928][230]LogMaterial: Display: Missing cached shader map for material palette, compiling. 
[2019.11.06-22.35.19:929][230]LogMaterial: Warning: C:\Users\eanmc\OneDrive\Desktop\Crossy_Road\Crossy_Road\CrossyRoad 4.23\Content\Assets\palette.uasset: Failed to compile Material for platform PCD3D_SM5, Default Material will be used in game.
[2019.11.06-22.35.19:929][230]LogMaterial: Display: 	(Node TextureSample) Texture Sample> Missing input texture
[2019.11.06-22.35.19:933][230]LogMaterial: Display: Missing cached shader map for material chicken1_Mat, compiling. 
[2019.11.06-22.35.19:987][230]LogAIModule: Creating AISystem for world SampleScene
[2019.11.06-22.35.19:991][230]LogShaderCompilers: Display: Worker (1/5): shaders left to compile 22
[2019.11.06-22.35.19:991][230]LogShaderCompilers: Display: Worker (2/5): shaders left to compile 16
[2019.11.06-22.35.19:991][230]LogShaderCompilers: Display: Worker (3/5): shaders left to compile 10
[2019.11.06-22.35.19:991][230]LogShaderCompilers: Display: Worker (4/5): shaders left to compile 4
[2019.11.06-22.35.19:995][230]LogAssetEditorManager: Opening Asset editor for World /Game/Maps/SampleScene.SampleScene
[2019.11.06-22.35.20:020][230]LogUObjectHash: Compacting FUObjectHashTables data took   1.36ms
[2019.11.06-22.35.20:021][230]Cmd: MAP LOAD FILE="../../../../../../Users/eanmc/OneDrive/Desktop/Crossy_Road/Crossy_Road/CrossyRoad 4.23/Content/Maps/SampleScene.umap" TEMPLATE=0 SHOWPROGRESS=1 FEATURELEVEL=3
[2019.11.06-22.35.20:021][230]LightingResults: New page: Lighting Build
[2019.11.06-22.35.20:021][230]LoadErrors: New page: Loading map: SampleScene.umap
[2019.11.06-22.35.20:022][230]LogWorld: UWorld::CleanupWorld for Untitled_1, bSessionEnded=true, bCleanupResources=true
[2019.11.06-22.35.20:022][230]MapCheck: New page: Map Check
[2019.11.06-22.35.20:022][230]LightingResults: New page: Lighting Build
[2019.11.06-22.35.20:046][230]LogUObjectHash: Compacting FUObjectHashTables data took   1.71ms
[2019.11.06-22.35.20:049][230]LogEditorServer: Finished looking for orphan Actors (0.000 secs)
[2019.11.06-22.35.20:077][230]LogUObjectHash: Compacting FUObjectHashTables data took   2.58ms
[2019.11.06-22.35.20:102][230]Cmd: MAP CHECKDEP NOCLEARLOG
[2019.11.06-22.35.20:102][230]MapCheck: Map check complete: 0 Error(s), 0 Warning(s), took 0.119ms to complete.
[2019.11.06-22.35.20:102][230]LogFileHelpers: Loading map 'SampleScene' took 0.082
[2019.11.06-22.38.10:787][388]LogFactory: FactoryCreateFile: StaticMesh with FbxFactory (0 0 ../../../../../../Users/eanmc/OneDrive/Desktop/Crossy Road Char/Taxi.obj)
[2019.11.06-22.38.10:813][388]LogFbx: Loading FBX Scene from ../../../../../../Users/eanmc/OneDrive/Desktop/Crossy Road Char/Taxi.obj
[2019.11.06-22.38.10:826][388]LogFbx: FBX Scene Loaded Succesfully
[2019.11.06-22.38.15:647][388]LogSlate: Window 'FBX Import Options' being destroyed
[2019.11.06-22.38.15:824][388]LogStaticMesh: Building static mesh Taxi...
[2019.11.06-22.38.15:828][388]LogStaticMesh: Built static mesh [0.00s] /Game/Assets/Taxi.Taxi
[2019.11.06-22.38.15:829][388]LogStaticMesh: Warning: Taxi has degenerate tangent bases which will result in incorrect shading.  MikkTSpace relies on tangent bases and may result in mesh corruption, consider disabling this option.
[2019.11.06-22.38.15:829][388]LogStaticMesh: Warning: Taxi has some nearly zero bi-normals which can create some issues. (Tolerance of 1E-4)
[2019.11.06-22.38.15:840][388]FBXImport: Warning: No smoothing group information was found in this FBX scene.  Please make sure to enable the 'Export Smoothing Groups' option in the FBX Exporter plug-in before exporting the file.  Even for tools that don't support smoothing groups, the FBX Exporter will generate appropriate smoothing data at export-time so that correct vertex normals can be inferred while importing. 
[2019.11.06-22.38.15:840][388]FBXImport: Warning: Taxi has degenerate tangent bases which will result in incorrect shading.  MikkTSpace relies on tangent bases and may result in mesh corruption, consider disabling this option. 
[2019.11.06-22.38.15:840][388]FBXImport: Warning: Taxi has some nearly zero bi-normals which can create some issues. (Tolerance of 1E-4) 
[2019.11.06-22.38.19:376][503]LogSlate: Window 'Message Log' being destroyed
[2019.11.06-22.38.19:382][503]LogSlate: Window 'Message Log' being destroyed
[2019.11.06-22.38.24:955][719]LogActorFactory: Actor Factory created Taxi
[2019.11.06-22.38.25:399][733]LogActorFactory: Actor Factory created Taxi
[2019.11.06-22.38.31:181][904]LogSlate: FSceneViewport::OnFocusLost() reason 0
[2019.11.06-22.39.02:576][551]LogSlate: FSceneViewport::OnFocusLost() reason 0
[2019.11.06-22.39.47:790][917]LogSlate: FSceneViewport::OnFocusLost() reason 0
[2019.11.06-22.39.51:870][ 64]LogEditorViewport: Clicking on Actor (LMB): StaticMeshActor (Car)
[2019.11.06-22.40.12:288][742]LogSlate: FSceneViewport::OnFocusLost() reason 5
[2019.11.06-22.40.18:502][ 81]LogSlate: FSceneViewport::OnFocusLost() reason 5
[2019.11.06-22.40.22:576][293]LogSlate: FSceneViewport::OnFocusLost() reason 5
[2019.11.06-22.40.24:333][375]LogSlate: FSceneViewport::OnFocusLost() reason 5
[2019.11.06-22.40.26:343][493]LogSlate: FSceneViewport::OnFocusLost() reason 5
[2019.11.06-22.40.27:123][539]LogSlate: FSceneViewport::OnFocusLost() reason 5
[2019.11.06-22.40.35:111][843]LogSlate: FSceneViewport::OnFocusLost() reason 0
[2019.11.06-22.40.35:204][847]LogTemp: Repeating last play command: Selected Viewport
[2019.11.06-22.40.35:231][847]LogBlueprintUserMessages: Early PlayInEditor Detection: Level '/Game/Maps/SampleScene.SampleScene:PersistentLevel' has LevelScriptBlueprint '/Game/Maps/SampleScene.SampleScene:PersistentLevel.SampleScene' with GeneratedClass '/Game/Maps/SampleScene.SampleScene_C' with ClassGeneratedBy '/Game/Maps/SampleScene.SampleScene:PersistentLevel.SampleScene'
[2019.11.06-22.40.35:231][847]LogPlayLevel: PlayLevel: No blueprints needed recompiling
[2019.11.06-22.40.35:233][847]PIE: New page: PIE session: SampleScene (Nov 6, 2019, 6:40:35 AM)
[2019.11.06-22.40.35:235][847]LogOnline: OSS: Creating online subsystem instance for: NULL
[2019.11.06-22.40.35:237][847]LogPlayLevel: Creating play world package: /Game/Maps/UEDPIE_0_SampleScene
[2019.11.06-22.40.35:242][847]LogPlayLevel: PIE: StaticDuplicateObject took: (0.005028s)
[2019.11.06-22.40.35:244][847]LogAIModule: Creating AISystem for world SampleScene
[2019.11.06-22.40.35:244][847]LogPlayLevel: PIE: World Init took: (0.001968s)
[2019.11.06-22.40.35:244][847]LogPlayLevel: PIE: Created PIE world by copying editor world from /Game/Maps/SampleScene.SampleScene to /Game/Maps/UEDPIE_0_SampleScene.SampleScene (0.007419s)
[2019.11.06-22.40.35:290][847]LogUObjectHash: Compacting FUObjectHashTables data took   3.23ms
[2019.11.06-22.40.35:312][847]LogInit: XAudio2 using 'Speakers / Headphones (2- Realtek Audio)' : 2 channels at 48 kHz using 32 bits per sample (channel mask 0x3)
[2019.11.06-22.40.35:437][847]LogInit: FAudioDevice initialized.
[2019.11.06-22.40.35:453][847]LogLoad: Game class is 'GameModeBase'
[2019.11.06-22.40.35:456][847]LogWorld: Bringing World /Game/Maps/UEDPIE_0_SampleScene.SampleScene up for play (max tick rate 60) at 2019.11.06-14.40.35
[2019.11.06-22.40.35:457][847]LogWorld: Bringing up level for play took: 0.001051
[2019.11.06-22.40.35:457][847]LogOnline: OSS: Creating online subsystem instance for: :Context_3
[2019.11.06-22.40.35:483][847]LogContentBrowser: Native class hierarchy updated for 'MovieSceneCapture' in 0.0005 seconds. Added 20 classes and 0 folders.
[2019.11.06-22.40.35:488][847]PIE: Play in editor start time for /Game/Maps/UEDPIE_0_SampleScene 0.179
[2019.11.06-22.40.35:489][847]LogBlueprintUserMessages: Late PlayInEditor Detection: Level '/Game/Maps/SampleScene.SampleScene:PersistentLevel' has LevelScriptBlueprint '/Game/Maps/SampleScene.SampleScene:PersistentLevel.SampleScene' with GeneratedClass '/Game/Maps/SampleScene.SampleScene_C' with ClassGeneratedBy '/Game/Maps/SampleScene.SampleScene:PersistentLevel.SampleScene'
[2019.11.06-22.41.12:269][198]LogSlate: FSceneViewport::OnFocusLost() reason 0
[2019.11.06-22.41.15:086][291]LogSlate: FSceneViewport::OnFocusLost() reason 0
[2019.11.06-22.41.19:818][468]LogSlate: FSceneViewport::OnFocusLost() reason 0
[2019.11.06-22.41.19:883][470]LogBlueprintUserMessages: Early EndPlayMap Detection: Level '/Game/Maps/SampleScene.SampleScene:PersistentLevel' has LevelScriptBlueprint '/Game/Maps/SampleScene.SampleScene:PersistentLevel.SampleScene' with GeneratedClass '/Game/Maps/SampleScene.SampleScene_C' with ClassGeneratedBy '/Game/Maps/SampleScene.SampleScene:PersistentLevel.SampleScene'
[2019.11.06-22.41.19:884][470]LogSlate: Updating window title bar state: overlay mode, drag disabled, window buttons hidden, title bar hidden
[2019.11.06-22.41.19:884][470]LogWorld: BeginTearingDown for /Game/Maps/UEDPIE_0_SampleScene
[2019.11.06-22.41.19:884][470]LogWorld: UWorld::CleanupWorld for SampleScene, bSessionEnded=true, bCleanupResources=true
[2019.11.06-22.41.19:949][470]LogPlayLevel: Display: Shutting down PIE online subsystems
[2019.11.06-22.41.19:949][470]LogBlueprintUserMessages: Late EndPlayMap Detection: Level '/Game/Maps/SampleScene.SampleScene:PersistentLevel' has LevelScriptBlueprint '/Game/Maps/SampleScene.SampleScene:PersistentLevel.SampleScene' with GeneratedClass '/Game/Maps/SampleScene.SampleScene_C' with ClassGeneratedBy '/Game/Maps/SampleScene.SampleScene:PersistentLevel.SampleScene'
[2019.11.06-22.41.20:006][470]LogSlate: Updating window title bar state: overlay mode, drag disabled, window buttons hidden, title bar hidden
[2019.11.06-22.41.20:011][470]LogUObjectHash: Compacting FUObjectHashTables data took   3.27ms
[2019.11.06-22.41.20:035][471]LogPlayLevel: Display: Destroying online subsystem :Context_3
[2019.11.06-22.41.28:209][724]LogSlate: FSceneViewport::OnFocusLost() reason 5
[2019.11.06-22.41.48:425][311]LogSlate: FSceneViewport::OnFocusLost() reason 5
[2019.11.06-22.41.48:504][311]LogUObjectHash: Compacting FUObjectHashTables data took   1.13ms
[2019.11.06-22.41.48:698][311]LogSavePackage: Moving '../../../../../../Users/eanmc/OneDrive/Desktop/Crossy_Road/Crossy_Road/CrossyRoad 4.23/Saved/SampleScene48A6A178410E511431C0949A97E28295.tmp' to '../../../../../../Users/eanmc/OneDrive/Desktop/Crossy_Road/Crossy_Road/CrossyRoad 4.23/Content/Maps/SampleScene.umap'
[2019.11.06-22.41.53:554][547]LogUObjectHash: Compacting FUObjectHashTables data took   1.77ms
[2019.11.06-22.41.56:035][547]LogSlate: Window 'Save Content' being destroyed
[2019.11.06-22.41.56:085][547]Cmd: OBJ SAVEPACKAGE PACKAGE="/Game/Assets/Taxi" FILE="../../../../../../Users/eanmc/OneDrive/Desktop/Crossy_Road/Crossy_Road/CrossyRoad 4.23/Content/Assets/Taxi.uasset" SILENT=true
[2019.11.06-22.41.56:104][547]LogSavePackage: Moving '../../../../../../Users/eanmc/OneDrive/Desktop/Crossy_Road/Crossy_Road/CrossyRoad 4.23/Saved/TaxiF11B1EC6477E4F3D35A3A881ECF9DAE3.tmp' to '../../../../../../Users/eanmc/OneDrive/Desktop/Crossy_Road/Crossy_Road/CrossyRoad 4.23/Content/Assets/Taxi.uasset'
[2019.11.06-22.41.56:158][547]LogSlate: Window 'CrossyRoad - Unreal Editor' being destroyed
[2019.11.06-22.41.56:159][547]LogWindowsTextInputMethodSystem: Display: IME system now deactivated.
[2019.11.06-22.41.56:284][548]Cmd: QUIT_EDITOR
[2019.11.06-22.41.56:929][548]LogExit: Preparing to exit.
[2019.11.06-22.41.57:860][548]LogWorld: UWorld::CleanupWorld for World_0, bSessionEnded=true, bCleanupResources=true
[2019.11.06-22.41.57:860][548]LogWorld: UWorld::CleanupWorld for World_1, bSessionEnded=true, bCleanupResources=true
[2019.11.06-22.41.57:864][548]LogDemo: Cleaned up 0 splitscreen connections with owner deletion
[2019.11.06-22.41.57:873][548]LogWorld: UWorld::CleanupWorld for None, bSessionEnded=true, bCleanupResources=true
[2019.11.06-22.41.57:873][548]LogExit: Editor shut down
[2019.11.06-22.41.57:873][548]LogExit: Transaction tracking system shut down
[2019.11.06-22.41.58:043][548]LogExit: Object subsystem successfully closed.
[2019.11.06-22.41.58:059][548]LogShaderCompilers: Display: Shaders left to compile 0
[2019.11.06-22.41.58:084][548]LogModuleManager: Shutting down and abandoning module MovieSceneCapture (676)
[2019.11.06-22.41.58:084][548]LogModuleManager: Shutting down and abandoning module Voice (674)
[2019.11.06-22.41.58:084][548]LogModuleManager: Shutting down and abandoning module MeshBuilder (672)
[2019.11.06-22.41.58:084][548]LogModuleManager: Shutting down and abandoning module HierarchicalLODOutliner (670)
[2019.11.06-22.41.58:084][548]LogModuleManager: Shutting down and abandoning module SceneOutliner (668)
[2019.11.06-22.41.58:084][548]LogModuleManager: Shutting down and abandoning module AddContentDialog (666)
[2019.11.06-22.41.58:084][548]LogModuleManager: Shutting down and abandoning module WidgetCarousel (665)
[2019.11.06-22.41.58:084][548]LogModuleManager: Shutting down and abandoning module EditorWidgets (662)
[2019.11.06-22.41.58:084][548]LogModuleManager: Shutting down and abandoning module CollectionManager (660)
[2019.11.06-22.41.58:084][548]LogModuleManager: Shutting down and abandoning module HierarchicalLODUtilities (658)
[2019.11.06-22.41.58:084][548]LogModuleManager: Shutting down and abandoning module StatsViewer (656)
[2019.11.06-22.41.58:084][548]LogModuleManager: Shutting down and abandoning module VirtualTexturingEditor (654)
[2019.11.06-22.41.58:084][548]LogModuleManager: Shutting down and abandoning module FoliageEdit (652)
[2019.11.06-22.41.58:084][548]LogModuleManager: Shutting down and abandoning module LandscapeEditor (650)
[2019.11.06-22.41.58:084][548]LogModuleManager: Shutting down and abandoning module MeshPaintMode (648)
[2019.11.06-22.41.58:084][548]LogModuleManager: Shutting down and abandoning module SceneDepthPickerMode (646)
[2019.11.06-22.41.58:084][548]LogModuleManager: Shutting down and abandoning module ActorPickerMode (644)
[2019.11.06-22.41.58:084][548]LogModuleManager: Shutting down and abandoning module GeometryMode (642)
[2019.11.06-22.41.58:085][548]LogModuleManager: Shutting down and abandoning module TextureAlignMode (640)
[2019.11.06-22.41.58:085][548]LogModuleManager: Shutting down and abandoning module BspMode (638)
[2019.11.06-22.41.58:085][548]LogModuleManager: Shutting down and abandoning module PIEPreviewDeviceProfileSelector (636)
[2019.11.06-22.41.58:085][548]LogModuleManager: Shutting down and abandoning module SequenceRecorderSections (634)
[2019.11.06-22.41.58:085][548]LogModuleManager: Shutting down and abandoning module AutomationWorker (632)
[2019.11.06-22.41.58:085][548]LogModuleManager: Shutting down and abandoning module OculusMR (630)
[2019.11.06-22.41.58:085][548]LogModuleManager: Shutting down and abandoning module AudioCaptureEditor (628)
[2019.11.06-22.41.58:085][548]LogModuleManager: Shutting down and abandoning module MatineeToLevelSequence (626)
[2019.11.06-22.41.58:085][548]LogModuleManager: Shutting down and abandoning module LevelSequenceEditor (624)
[2019.11.06-22.41.58:085][548]LogModuleManager: Shutting down and abandoning module PlacementMode (623)
[2019.11.06-22.41.58:085][548]LogModuleManager: Shutting down and abandoning module MaterialEditor (622)
[2019.11.06-22.41.58:085][548]LogModuleManager: Shutting down and abandoning module ActorSequenceEditor (618)
[2019.11.06-22.41.58:085][548]LogModuleManager: Shutting down and abandoning module WmfMediaFactory (616)
[2019.11.06-22.41.58:085][548]LogModuleManager: Shutting down and abandoning module WmfMediaEditor (614)
[2019.11.06-22.41.58:085][548]LogModuleManager: Shutting down and abandoning module WebMMediaFactory (612)
[2019.11.06-22.41.58:085][548]LogModuleManager: Shutting down and abandoning module WebMMediaEditor (610)
[2019.11.06-22.41.58:085][548]LogModuleManager: Shutting down and abandoning module WebMMedia (608)
[2019.11.06-22.41.58:085][548]LogModuleManager: Shutting down and abandoning module MediaPlayerEditor (606)
[2019.11.06-22.41.58:085][548]LogModuleManager: Shutting down and abandoning module MediaCompositingEditor (604)
[2019.11.06-22.41.58:085][548]LogModuleManager: Shutting down and abandoning module SequenceRecorder (603)
[2019.11.06-22.41.58:085][548]LogModuleManager: Shutting down and abandoning module OpenExrWrapper (600)
[2019.11.06-22.41.58:085][548]LogModuleManager: Shutting down and abandoning module ImgMediaFactory (598)
[2019.11.06-22.41.58:085][548]LogModuleManager: Shutting down and abandoning module ImgMediaEditor (596)
[2019.11.06-22.41.58:085][548]LogModuleManager: Shutting down and abandoning module AvfMediaFactory (594)
[2019.11.06-22.41.58:085][548]LogModuleManager: Shutting down and abandoning module AvfMediaEditor (592)
[2019.11.06-22.41.58:085][548]LogModuleManager: Shutting down and abandoning module AndroidMediaFactory (590)
[2019.11.06-22.41.58:085][548]LogModuleManager: Shutting down and abandoning module AndroidMediaEditor (588)
[2019.11.06-22.41.58:085][548]LogModuleManager: Shutting down and abandoning module MagicLeapCameraPreviewFactory (586)
[2019.11.06-22.41.58:085][548]LogModuleManager: Shutting down and abandoning module MagicLeapMediaCodecFactory (584)
[2019.11.06-22.41.58:085][548]LogModuleManager: Shutting down and abandoning module MagicLeapMediaFactory (582)
[2019.11.06-22.41.58:085][548]LogModuleManager: Shutting down and abandoning module MagicLeapMediaEditor (580)
[2019.11.06-22.41.58:085][548]LogModuleManager: Shutting down and abandoning module CharacterAI (578)
[2019.11.06-22.41.58:085][548]LogModuleManager: Shutting down and abandoning module SmartSnapping (576)
[2019.11.06-22.41.58:085][548]LogModuleManager: Shutting down and abandoning module SessionServices (574)
[2019.11.06-22.41.58:085][548]LogModuleManager: Shutting down and abandoning module MeshPaint (572)
[2019.11.06-22.41.58:085][548]LogModuleManager: Shutting down and abandoning module ViewportSnapping (570)
[2019.11.06-22.41.58:085][548]LogModuleManager: Shutting down and abandoning module ViewportInteraction (568)
[2019.11.06-22.41.58:085][548]LogModuleManager: Shutting down and abandoning module ClothPainter (566)
[2019.11.06-22.41.58:085][548]LogModuleManager: Shutting down and abandoning module SkeletalMeshEditor (565)
[2019.11.06-22.41.58:085][548]LogModuleManager: Shutting down and abandoning module LogVisualizer (562)
[2019.11.06-22.41.58:085][548]LogModuleManager: Shutting down and abandoning module IntroTutorials (560)
[2019.11.06-22.41.58:086][548]LogModuleManager: Shutting down and abandoning module GameProjectGeneration (559)
[2019.11.06-22.41.58:086][548]LogModuleManager: Shutting down and abandoning module LuminPlatformEditor (556)
[2019.11.06-22.41.58:086][548]LogModuleManager: Shutting down and abandoning module IOSPlatformEditor (554)
[2019.11.06-22.41.58:086][548]LogModuleManager: Shutting down and abandoning module HTML5PlatformEditor (552)
[2019.11.06-22.41.58:086][548]LogModuleManager: Shutting down and abandoning module AndroidPlatformEditor (550)
[2019.11.06-22.41.58:086][548]LogModuleManager: Shutting down and abandoning module AndroidDeviceDetection (549)
[2019.11.06-22.41.59:037][548]LogModuleManager: Shutting down and abandoning module WindowsPlatformEditor (546)
[2019.11.06-22.41.59:037][548]LogModuleManager: Shutting down and abandoning module LuminRuntimeSettings (544)
[2019.11.06-22.41.59:037][548]LogModuleManager: Shutting down and abandoning module IOSRuntimeSettings (542)
[2019.11.06-22.41.59:037][548]LogModuleManager: Shutting down and abandoning module AndroidRuntimeSettings (540)
[2019.11.06-22.41.59:037][548]LogModuleManager: Shutting down and abandoning module TimeManagementEditor (538)
[2019.11.06-22.41.59:037][548]LogModuleManager: Shutting down and abandoning module InputBindingEditor (536)
[2019.11.06-22.41.59:037][548]LogModuleManager: Shutting down and abandoning module MergeActors (534)
[2019.11.06-22.41.59:037][548]LogModuleManager: Shutting down and abandoning module LocalizationDashboard (532)
[2019.11.06-22.41.59:037][548]LogModuleManager: Shutting down and abandoning module LocalizationService (531)
[2019.11.06-22.41.59:037][548]LogModuleManager: Shutting down and abandoning module HardwareTargeting (528)
[2019.11.06-22.41.59:037][548]LogModuleManager: Shutting down and abandoning module DeviceProfileEditor (526)
[2019.11.06-22.41.59:037][548]LogModuleManager: Shutting down and abandoning module UndoHistory (524)
[2019.11.06-22.41.59:037][548]LogModuleManager: Shutting down and abandoning module XmlParser (522)
[2019.11.06-22.41.59:037][548]LogModuleManager: Shutting down and abandoning module Blutility (520)
[2019.11.06-22.41.59:037][548]LogModuleManager: Shutting down and abandoning module ProjectSettingsViewer (518)
[2019.11.06-22.41.59:037][548]LogModuleManager: Shutting down and abandoning module ProjectTargetPlatformEditor (517)
[2019.11.06-22.41.59:037][548]LogModuleManager: Shutting down and abandoning module EditorSettingsViewer (514)
[2019.11.06-22.41.59:037][548]LogModuleManager: Shutting down and abandoning module SettingsEditor (512)
[2019.11.06-22.41.59:037][548]LogModuleManager: Shutting down and abandoning module ProjectLauncher (510)
[2019.11.06-22.41.59:037][548]LogModuleManager: Shutting down and abandoning module SessionFrontend (508)
[2019.11.06-22.41.59:037][548]LogModuleManager: Shutting down and abandoning module ProfilerClient (506)
[2019.11.06-22.41.59:037][548]LogModuleManager: Shutting down and abandoning module DeviceManager (504)
[2019.11.06-22.41.59:037][548]LogModuleManager: Shutting down and abandoning module TargetDeviceServices (503)
[2019.11.06-22.41.59:081][548]LogModuleManager: Shutting down and abandoning module AutomationController (500)
[2019.11.06-22.41.59:081][548]LogModuleManager: Shutting down and abandoning module AutomationWindow (498)
[2019.11.06-22.41.59:081][548]LogModuleManager: Shutting down and abandoning module Layers (496)
[2019.11.06-22.41.59:081][548]LogModuleManager: Shutting down and abandoning module ComponentVisualizers (494)
[2019.11.06-22.41.59:081][548]LogModuleManager: Shutting down and abandoning module DetailCustomizations (492)
[2019.11.06-22.41.59:081][548]LogModuleManager: Shutting down and abandoning module PackagesDialog (490)
[2019.11.06-22.41.59:081][548]LogModuleManager: Shutting down and abandoning module AnimationBlueprintEditor (488)
[2019.11.06-22.41.59:081][548]LogModuleManager: Shutting down and abandoning module Persona (486)
[2019.11.06-22.41.59:081][548]LogModuleManager: Shutting down and abandoning module AdvancedPreviewScene (485)
[2019.11.06-22.41.59:081][548]LogModuleManager: Shutting down and abandoning module AnimGraph (483)
[2019.11.06-22.41.59:081][548]LogModuleManager: Shutting down and abandoning module Kismet (480)
[2019.11.06-22.41.59:081][548]LogModuleManager: Shutting down and abandoning module KismetWidgets (479)
[2019.11.06-22.41.59:081][548]LogModuleManager: Shutting down and abandoning module GraphEditor (476)
[2019.11.06-22.41.59:081][548]LogModuleManager: Shutting down and abandoning module StructViewer (474)
[2019.11.06-22.41.59:081][548]LogModuleManager: Shutting down and abandoning module ClassViewer (472)
[2019.11.06-22.41.59:081][548]LogModuleManager: Shutting down and abandoning module Toolbox (470)
[2019.11.06-22.41.59:081][548]LogModuleManager: Shutting down and abandoning module ModuleUI (468)
[2019.11.06-22.41.59:081][548]LogModuleManager: Shutting down and abandoning module MovieSceneTools (466)
[2019.11.06-22.41.59:082][548]LogModuleManager: Shutting down and abandoning module OutputLog (464)
[2019.11.06-22.41.59:082][548]LogModuleManager: Shutting down and abandoning module GammaUI (462)
[2019.11.06-22.41.59:082][548]LogModuleManager: Shutting down and abandoning module Documentation (460)
[2019.11.06-22.41.59:082][548]LogModuleManager: Shutting down and abandoning module LiveCoding (458)
[2019.11.06-22.41.59:082][548]LogModuleManager: Shutting down and abandoning module LevelSequence (456)
[2019.11.06-22.41.59:082][548]LogModuleManager: Shutting down and abandoning module MovieSceneTracks (454)
[2019.11.06-22.41.59:082][548]LogModuleManager: Shutting down and abandoning module MovieScene (452)
[2019.11.06-22.41.59:082][548]LogModuleManager: Shutting down and abandoning module StreamingPauseRendering (450)
[2019.11.06-22.41.59:082][548]LogModuleManager: Shutting down and abandoning module LauncherPlatform (448)
[2019.11.06-22.41.59:082][548]LogModuleManager: Shutting down and abandoning module AnalyticsET (446)
[2019.11.06-22.41.59:082][548]LogModuleManager: Shutting down and abandoning module PortalServices (444)
[2019.11.06-22.41.59:082][548]LogModuleManager: Shutting down and abandoning module PortalRpc (442)
[2019.11.06-22.41.59:082][548]LogModuleManager: Shutting down and abandoning module MessagingRpc (440)
[2019.11.06-22.41.59:082][548]LogModuleManager: Shutting down and abandoning module AIModule (438)
[2019.11.06-22.41.59:082][548]LogModuleManager: Shutting down and abandoning module GameplayDebugger (437)
[2019.11.06-22.41.59:082][548]LogModuleManager: Shutting down and abandoning module AITestSuite (435)
[2019.11.06-22.41.59:082][548]LogModuleManager: Shutting down and abandoning module NavigationSystem (433)
[2019.11.06-22.41.59:082][548]LogModuleManager: Shutting down and abandoning module DesktopPlatform (430)
[2019.11.06-22.41.59:082][548]LogModuleManager: Shutting down and abandoning module ImageWriteQueue (428)
[2019.11.06-22.41.59:086][548]LogModuleManager: Shutting down and abandoning module ProfilerService (426)
[2019.11.06-22.41.59:218][548]LogModuleManager: Shutting down and abandoning module TaskGraph (424)
[2019.11.06-22.41.59:218][548]LogModuleManager: Shutting down and abandoning module ScreenshotTools (422)
[2019.11.06-22.41.59:218][548]LogModuleManager: Shutting down and abandoning module SteamVRController (420)
[2019.11.06-22.41.59:218][548]LogModuleManager: Shutting down and abandoning module ProceduralMeshComponentEditor (418)
[2019.11.06-22.41.59:218][548]LogModuleManager: Shutting down and abandoning module ProceduralMeshComponent (416)
[2019.11.06-22.41.59:218][548]LogModuleManager: Shutting down and abandoning module OculusEditor (414)
[2019.11.06-22.41.59:218][548]LogModuleManager: Shutting down and abandoning module OculusInput (412)
[2019.11.06-22.41.59:218][548]LogModuleManager: Shutting down and abandoning module MobilePatchingUtils (410)
[2019.11.06-22.41.59:218][548]LogModuleManager: Shutting down and abandoning module EditableMesh (408)
[2019.11.06-22.41.59:218][548]LogModuleManager: Shutting down and abandoning module CustomMeshComponent (406)
[2019.11.06-22.41.59:218][548]LogModuleManager: Shutting down and abandoning module CableComponent (404)
[2019.11.06-22.41.59:218][548]LogModuleManager: Shutting down and abandoning module AudioCapture (402)
[2019.11.06-22.41.59:218][548]LogModuleManager: Shutting down and abandoning module ArchVisCharacter (400)
[2019.11.06-22.41.59:218][548]LogModuleManager: Shutting down and abandoning module AppleImageUtilsBlueprintSupport (398)
[2019.11.06-22.41.59:218][548]LogModuleManager: Shutting down and abandoning module AppleImageUtils (396)
[2019.11.06-22.41.59:218][548]LogModuleManager: Shutting down and abandoning module AndroidPermission (394)
[2019.11.06-22.41.59:218][548]LogModuleManager: Shutting down and abandoning module NUTUnrealEngine4 (392)
[2019.11.06-22.41.59:218][548]LogModuleManager: Shutting down and abandoning module NetcodeUnitTest (390)
[2019.11.06-22.41.59:218][548]LogModuleManager: Shutting down and abandoning module MediaCompositing (388)
[2019.11.06-22.41.59:218][548]LogModuleManager: Shutting down and abandoning module ImgMedia (386)
[2019.11.06-22.41.59:218][548]LogModuleManager: Shutting down and abandoning module MagicLeapHelperVulkan (384)
[2019.11.06-22.41.59:218][548]LogModuleManager: Shutting down and abandoning module MagicLeapHelperOpenGL (382)
[2019.11.06-22.41.59:218][548]LogModuleManager: Shutting down and abandoning module MagicLeapAudio (380)
[2019.11.06-22.41.59:218][548]LogModuleManager: Shutting down and abandoning module HTML5Networking (378)
[2019.11.06-22.41.59:218][548]LogModuleManager: Shutting down and abandoning module GeometryCacheTracks (376)
[2019.11.06-22.41.59:218][548]LogModuleManager: Shutting down and abandoning module GeometryCacheSequencer (374)
[2019.11.06-22.41.59:218][548]LogModuleManager: Shutting down and abandoning module BackChannel (372)
[2019.11.06-22.41.59:218][548]LogModuleManager: Shutting down and abandoning module AutomationUtilsEditor (370)
[2019.11.06-22.41.59:218][548]LogModuleManager: Shutting down and abandoning module AutomationUtils (368)
[2019.11.06-22.41.59:218][548]LogModuleManager: Shutting down and abandoning module AlembicImporter (366)
[2019.11.06-22.41.59:218][548]LogModuleManager: Shutting down and abandoning module AlembicLibrary (365)
[2019.11.06-22.41.59:218][548]LogModuleManager: Shutting down and abandoning module GeometryCache (364)
[2019.11.06-22.41.59:218][548]LogModuleManager: Shutting down and abandoning module GeometryCacheEd (363)
[2019.11.06-22.41.59:218][548]LogModuleManager: Shutting down and abandoning module VariantManagerContent (358)
[2019.11.06-22.41.59:218][548]LogModuleManager: Shutting down and abandoning module DatasmithContentEditor (356)
[2019.11.06-22.41.59:218][548]LogModuleManager: Shutting down and abandoning module SpeedTreeImporter (354)
[2019.11.06-22.41.59:218][548]LogModuleManager: Shutting down and abandoning module PluginBrowser (352)
[2019.11.06-22.41.59:218][548]LogModuleManager: Shutting down and abandoning module MobileLauncherProfileWizard (350)
[2019.11.06-22.41.59:218][548]LogModuleManager: Shutting down and abandoning module MaterialAnalyzer (348)
[2019.11.06-22.41.59:218][548]LogModuleManager: Shutting down and abandoning module CurveEditorTools (346)
[2019.11.06-22.41.59:218][548]LogModuleManager: Shutting down and abandoning module CurveEditor (345)
[2019.11.06-22.41.59:218][548]LogModuleManager: Shutting down and abandoning module CryptoKeysOpenSSL (342)
[2019.11.06-22.41.59:218][548]LogModuleManager: Shutting down and abandoning module CryptoKeys (340)
[2019.11.06-22.41.59:218][548]LogModuleManager: Shutting down and abandoning module VisualStudioSourceCodeAccess (338)
[2019.11.06-22.41.59:218][548]LogModuleManager: Shutting down and abandoning module VisualStudioCodeSourceCodeAccess (336)
[2019.11.06-22.41.59:218][548]LogModuleManager: Shutting down and abandoning module UObjectPlugin (334)
[2019.11.06-22.41.59:218][548]LogModuleManager: Shutting down and abandoning module SubversionSourceControl (332)
[2019.11.06-22.41.59:219][548]LogModuleManager: Shutting down and abandoning module PerforceSourceControl (330)
[2019.11.06-22.41.59:219][548]LogModuleManager: Shutting down and abandoning module GitSourceControl (328)
[2019.11.06-22.41.59:219][548]LogModuleManager: Shutting down and abandoning module SourceControl (327)
[2019.11.06-22.41.59:219][548]LogModuleManager: Shutting down and abandoning module CLionSourceCodeAccess (324)
[2019.11.06-22.41.59:219][548]LogModuleManager: Shutting down and abandoning module AnimationSharingEd (322)
[2019.11.06-22.41.59:219][548]LogModuleManager: Shutting down and abandoning module ActorLayerUtilitiesEditor (320)
[2019.11.06-22.41.59:219][548]LogModuleManager: Shutting down and abandoning module ActorLayerUtilities (318)
[2019.11.06-22.41.59:219][548]LogModuleManager: Shutting down and abandoning module LightPropagationVolumeEditor (316)
[2019.11.06-22.41.59:219][548]LogModuleManager: Shutting down and abandoning module PaperTiledImporter (314)
[2019.11.06-22.41.59:219][548]LogModuleManager: Shutting down and abandoning module PaperSpriteSheetImporter (312)
[2019.11.06-22.41.59:219][548]LogModuleManager: Shutting down and abandoning module Paper2DEditor (310)
[2019.11.06-22.41.59:219][548]LogModuleManager: Shutting down and abandoning module SignificanceManager (308)
[2019.11.06-22.41.59:219][548]LogModuleManager: Shutting down and abandoning module RuntimePhysXCooking (306)
[2019.11.06-22.41.59:219][548]LogModuleManager: Shutting down and abandoning module PhysXVehiclesEditor (304)
[2019.11.06-22.41.59:219][548]LogModuleManager: Shutting down and abandoning module LocationServicesBPLibrary (300)
[2019.11.06-22.41.59:219][548]LogModuleManager: Shutting down and abandoning module ActorSequence (298)
[2019.11.06-22.41.59:219][548]LogModuleManager: Shutting down and abandoning module UdpMessaging (296)
[2019.11.06-22.41.59:320][548]LogModuleManager: Shutting down and abandoning module TcpMessaging (294)
[2019.11.06-22.41.59:421][548]LogModuleManager: Shutting down and abandoning module MagicLeapIdentity (292)
[2019.11.06-22.41.59:421][548]LogModuleManager: Shutting down and abandoning module MagicLeapSecureStorage (290)
[2019.11.06-22.41.59:421][548]LogModuleManager: Shutting down and abandoning module MagicLeapHandTracking (288)
[2019.11.06-22.41.59:421][548]LogModuleManager: Shutting down and abandoning module MagicLeapEyeTracker (286)
[2019.11.06-22.41.59:421][548]LogModuleManager: Shutting down and abandoning module MagicLeapController (284)
[2019.11.06-22.41.59:421][548]LogSlate: Slate User Destroyed.  User Index 0, Is Virtual User: 0
[2019.11.06-22.41.59:421][548]LogModuleManager: Shutting down and abandoning module MagicLeapAR (282)
[2019.11.06-22.41.59:421][548]LogModuleManager: Shutting down and abandoning module AugmentedReality (281)
[2019.11.06-22.41.59:421][548]LogModuleManager: Shutting down and abandoning module GameplayTagsEditor (278)
[2019.11.06-22.41.59:421][548]LogModuleManager: Shutting down and abandoning module FacialAnimationEditor (276)
[2019.11.06-22.41.59:421][548]LogModuleManager: Shutting down and abandoning module FacialAnimation (274)
[2019.11.06-22.41.59:421][548]LogModuleManager: Shutting down and abandoning module DataValidation (272)
[2019.11.06-22.41.59:421][548]LogModuleManager: Shutting down and abandoning module AssetManagerEditor (270)
[2019.11.06-22.41.59:421][548]LogModuleManager: Shutting down and abandoning module LevelEditor (269)
[2019.11.06-22.41.59:422][548]LogModuleManager: Shutting down and abandoning module PixelInspectorModule (268)
[2019.11.06-22.41.59:422][548]LogModuleManager: Shutting down and abandoning module CommonMenuExtensions (266)
[2019.11.06-22.41.59:422][548]LogModuleManager: Shutting down and abandoning module MainFrame (264)
[2019.11.06-22.41.59:422][548]LogModuleManager: Shutting down and abandoning module HotReload (263)
[2019.11.06-22.41.59:422][548]LogModuleManager: Shutting down and abandoning module ContentBrowser (259)
[2019.11.06-22.41.59:423][548]LogModuleManager: Shutting down and abandoning module TreeMap (257)
[2019.11.06-22.41.59:423][548]LogModuleManager: Shutting down and abandoning module AnimationSharing (254)
[2019.11.06-22.41.59:423][548]LogModuleManager: Shutting down and abandoning module LightPropagationVolumeRuntime (252)
[2019.11.06-22.41.59:423][548]LogModuleManager: Shutting down and abandoning module Paper2D (250)
[2019.11.06-22.41.59:423][548]LogModuleManager: Shutting down and abandoning module WindowsMoviePlayer (248)
[2019.11.06-22.41.59:425][548]LogModuleManager: Shutting down and abandoning module WebMMoviePlayer (246)
[2019.11.06-22.41.59:425][548]LogModuleManager: Shutting down and abandoning module NetworkReplayStreaming (244)
[2019.11.06-22.41.59:425][548]LogModuleManager: Shutting down and abandoning module PacketHandler (242)
[2019.11.06-22.41.59:425][548]LogModuleManager: Shutting down and abandoning module ClothingSystemEditor (240)
[2019.11.06-22.41.59:425][548]LogModuleManager: Shutting down and abandoning module ClothingSystemRuntime (238)
[2019.11.06-22.41.59:425][548]LogModuleManager: Shutting down and abandoning module MediaAssets (236)
[2019.11.06-22.41.59:425][548]LogModuleManager: Shutting down and abandoning module Overlay (234)
[2019.11.06-22.41.59:425][548]LogModuleManager: Shutting down and abandoning module OverlayEditor (233)
[2019.11.06-22.41.59:425][548]LogModuleManager: Shutting down and abandoning module VREditor (230)
[2019.11.06-22.41.59:425][548]LogModuleManager: Shutting down and abandoning module StringTableEditor (228)
[2019.11.06-22.41.59:425][548]LogModuleManager: Shutting down and abandoning module GameplayTasksEditor (226)
[2019.11.06-22.41.59:425][548]LogModuleManager: Shutting down and abandoning module BehaviorTreeEditor (224)
[2019.11.06-22.41.59:425][548]LogModuleManager: Shutting down and abandoning module FunctionalTesting (222)
[2019.11.06-22.41.59:425][548]LogModuleManager: Shutting down and abandoning module CollisionAnalyzer (220)
[2019.11.06-22.41.59:425][548]LogModuleManager: Shutting down and abandoning module WorkspaceMenuStructure (219)
[2019.11.06-22.41.59:425][548]LogModuleManager: Shutting down and abandoning module UMG (216)
[2019.11.06-22.41.59:425][548]LogModuleManager: Shutting down and abandoning module UMGEditor (215)
[2019.11.06-22.41.59:425][548]LogModuleManager: Shutting down and abandoning module Sequencer (214)
[2019.11.06-22.41.59:426][548]LogModuleManager: Shutting down and abandoning module MessageLog (211)
[2019.11.06-22.41.59:426][548]LogModuleManager: Shutting down and abandoning module SlateReflector (206)
[2019.11.06-22.41.59:426][548]LogModuleManager: Shutting down and abandoning module Slate (204)
[2019.11.06-22.41.59:426][548]LogModuleManager: Shutting down and abandoning module LandscapeEditorUtilities (202)
[2019.11.06-22.41.59:426][548]LogModuleManager: Shutting down and abandoning module EditorStyle (200)
[2019.11.06-22.41.59:427][548]LogModuleManager: Shutting down and abandoning module UnrealEd (198)
[2019.11.06-22.41.59:427][548]LogModuleManager: Shutting down and abandoning module MRMesh (196)
[2019.11.06-22.41.59:427][548]LogModuleManager: Shutting down and abandoning module SourceCodeAccess (194)
[2019.11.06-22.41.59:427][548]LogModuleManager: Shutting down and abandoning module HeadMountedDisplay (192)
[2019.11.06-22.41.59:427][548]LogModuleManager: Shutting down and abandoning module XAudio2 (190)
[2019.11.06-22.41.59:427][548]LogModuleManager: Shutting down and abandoning module Networking (188)
[2019.11.06-22.41.59:427][548]LogModuleManager: Shutting down and abandoning module Core (186)
[2019.11.06-22.41.59:427][548]LogModuleManager: Shutting down and abandoning module KismetCompiler (184)
[2019.11.06-22.41.59:427][548]LogModuleManager: Shutting down and abandoning module MeshUtilities (182)
[2019.11.06-22.41.59:427][548]LogModuleManager: Shutting down and abandoning module MeshMergeUtilities (181)
[2019.11.06-22.41.59:427][548]LogModuleManager: Shutting down and abandoning module MeshReductionInterface (180)
[2019.11.06-22.41.59:427][548]LogModuleManager: Shutting down and abandoning module SkeletalMeshReduction (179)
[2019.11.06-22.41.59:427][548]LogModuleManager: Shutting down and abandoning module ProxyLODMeshReduction (177)
[2019.11.06-22.41.59:427][548]LogModuleManager: Shutting down and abandoning module QuadricMeshReduction (175)
[2019.11.06-22.41.59:427][548]LogModuleManager: Shutting down and abandoning module MaterialBaking (171)
[2019.11.06-22.41.59:427][548]LogModuleManager: Shutting down and abandoning module NullInstallBundleManager (166)
[2019.11.06-22.41.59:427][548]LogModuleManager: Shutting down and abandoning module DerivedDataCache (164)
[2019.11.06-22.41.59:509][548]LogDerivedDataCache: Shutdown
[2019.11.06-22.41.59:509][548]LogModuleManager: Shutting down and abandoning module XGEController (162)
[2019.11.06-22.41.59:509][548]LogModuleManager: Shutting down and abandoning module TargetPlatform (160)
[2019.11.06-22.41.59:509][548]LogModuleManager: Shutting down and abandoning module VulkanShaderFormat (159)
[2019.11.06-22.41.59:509][548]LogModuleManager: Shutting down and abandoning module ShaderFormatVectorVM (157)
[2019.11.06-22.41.59:509][548]LogModuleManager: Shutting down and abandoning module ShaderFormatOpenGL (155)
[2019.11.06-22.41.59:509][548]LogModuleManager: Shutting down and abandoning module ShaderFormatD3D (153)
[2019.11.06-22.41.59:510][548]LogModuleManager: Shutting down and abandoning module MetalShaderFormat (151)
[2019.11.06-22.41.59:510][548]LogModuleManager: Shutting down and abandoning module TextureFormatUncompressed (149)
[2019.11.06-22.41.59:510][548]LogModuleManager: Shutting down and abandoning module TextureFormatPVR (147)
[2019.11.06-22.41.59:510][548]LogModuleManager: Shutting down and abandoning module TextureFormatDXT (145)
[2019.11.06-22.41.59:510][548]LogModuleManager: Shutting down and abandoning module TextureFormatIntelISPCTexComp (143)
[2019.11.06-22.41.59:510][548]LogModuleManager: Shutting down and abandoning module TextureFormatASTC (141)
[2019.11.06-22.41.59:510][548]LogModuleManager: Shutting down and abandoning module ImageWrapper (140)
[2019.11.06-22.41.59:510][548]LogModuleManager: Shutting down and abandoning module TextureFormatAndroid (137)
[2019.11.06-22.41.59:510][548]LogModuleManager: Shutting down and abandoning module AudioFormatOpus (135)
[2019.11.06-22.41.59:510][548]LogModuleManager: Shutting down and abandoning module AudioFormatOgg (133)
[2019.11.06-22.41.59:510][548]LogModuleManager: Shutting down and abandoning module AudioFormatADPCM (131)
[2019.11.06-22.41.59:510][548]LogModuleManager: Shutting down and abandoning module LuminTargetPlatform (129)
[2019.11.06-22.41.59:510][548]LogModuleManager: Shutting down and abandoning module LinuxTargetPlatform (127)
[2019.11.06-22.41.59:510][548]LogModuleManager: Shutting down and abandoning module LinuxServerTargetPlatform (125)
[2019.11.06-22.41.59:510][548]LogModuleManager: Shutting down and abandoning module LinuxNoEditorTargetPlatform (123)
[2019.11.06-22.41.59:511][548]LogModuleManager: Shutting down and abandoning module LinuxClientTargetPlatform (121)
[2019.11.06-22.41.59:511][548]LogModuleManager: Shutting down and abandoning module TVOSTargetPlatform (119)
[2019.11.06-22.41.59:511][548]LogModuleManager: Shutting down and abandoning module Messaging (117)
[2019.11.06-22.41.59:511][548]LogModuleManager: Shutting down and abandoning module IOSTargetPlatform (115)
[2019.11.06-22.41.59:512][548]LogModuleManager: Shutting down and abandoning module HTML5TargetPlatform (113)
[2019.11.06-22.41.59:512][548]LogModuleManager: Shutting down and abandoning module AndroidTargetPlatform (111)
[2019.11.06-22.41.59:517][548]LogModuleManager: Shutting down and abandoning module WindowsTargetPlatform (109)
[2019.11.06-22.41.59:517][548]LogModuleManager: Shutting down and abandoning module WindowsServerTargetPlatform (107)
[2019.11.06-22.41.59:517][548]LogModuleManager: Shutting down and abandoning module WindowsNoEditorTargetPlatform (105)
[2019.11.06-22.41.59:518][548]LogModuleManager: Shutting down and abandoning module WindowsClientTargetPlatform (103)
[2019.11.06-22.41.59:518][548]LogModuleManager: Shutting down and abandoning module MacTargetPlatform (101)
[2019.11.06-22.41.59:518][548]LogModuleManager: Shutting down and abandoning module MacServerTargetPlatform (99)
[2019.11.06-22.41.59:518][548]LogModuleManager: Shutting down and abandoning module MacNoEditorTargetPlatform (97)
[2019.11.06-22.41.59:518][548]LogModuleManager: Shutting down and abandoning module MacClientTargetPlatform (95)
[2019.11.06-22.41.59:518][548]LogModuleManager: Shutting down and abandoning module AllDesktopTargetPlatform (93)
[2019.11.06-22.41.59:518][548]LogModuleManager: Shutting down and abandoning module InputCore (90)
[2019.11.06-22.41.59:518][548]LogModuleManager: Shutting down and abandoning module Settings (88)
[2019.11.06-22.41.59:518][548]LogModuleManager: Shutting down and abandoning module DirectoryWatcher (86)
[2019.11.06-22.41.59:518][548]LogModuleManager: Shutting down and abandoning module PhysXCooking (84)
[2019.11.06-22.41.59:518][548]LogModuleManager: Shutting down and abandoning module WindowsPlatformFeatures (82)
[2019.11.06-22.41.59:518][548]LogModuleManager: Shutting down and abandoning module GameplayMediaEncoder (81)
[2019.11.06-22.41.59:518][548]LogModuleManager: Shutting down and abandoning module SteamVR (78)
[2019.11.06-22.41.59:518][548]LogHMD: Freeing OpenVRDLLHandle.
[2019.11.06-22.41.59:518][548]LogModuleManager: Shutting down and abandoning module OculusHMD (76)
[2019.11.06-22.41.59:518][548]LogModuleManager: Shutting down and abandoning module ExampleDeviceProfileSelector (74)
[2019.11.06-22.41.59:518][548]LogModuleManager: Shutting down and abandoning module LauncherChunkInstaller (72)
[2019.11.06-22.41.59:518][548]LogModuleManager: Shutting down and abandoning module OnlineBlueprintSupport (70)
[2019.11.06-22.41.59:518][548]LogModuleManager: Shutting down and abandoning module OnlineSubsystem (66)
[2019.11.06-22.41.59:519][548]LogModuleManager: Shutting down and abandoning module XMPP (61)
[2019.11.06-22.41.59:519][548]LogModuleManager: Shutting down and abandoning module WebSockets (60)
[2019.11.06-22.41.59:547][548]LogModuleManager: Shutting down and abandoning module HTTP (57)
[2019.11.06-22.41.59:547][548]LogHttp: Display: Http module shutting down, but needs to wait on 1 outstanding Http requests:
[2019.11.06-22.41.59:547][548]LogHttp: Display: 	verb=[POST] url=[https://datarouter.ol.epicgames.com/datarouter/api/v1/public/data?SessionID=%7B13ACC11E-4DC5-A541-D074-1EA5CFF5DEC5%7D&AppID=UEEditor.Rocket.Release&AppVersion=4.23.1-9631420%2B%2B%2BUE4%2BRelease-4.23&UserID=c6da6db044e5f45b4663698c801fa130%7Cd7204e4c1be644a4bbd46e44ff2a6fbb%7Cce1737cc-0387-42e1-b59c-a88de5648f48&AppEnvironment=datacollector-binary&UploadType=eteventstream] status=Processing
[2019.11.06-22.41.59:577][548]LogModuleManager: Shutting down and abandoning module SSL (56)
[2019.11.06-22.41.59:578][548]LogModuleManager: Shutting down and abandoning module WmfMedia (52)
[2019.11.06-22.41.59:580][548]LogModuleManager: Shutting down and abandoning module Media (51)
[2019.11.06-22.41.59:580][548]LogModuleManager: Shutting down and abandoning module MagicLeap (48)
[2019.11.06-22.41.59:580][548]LogModuleManager: Shutting down and abandoning module DatasmithContent (46)
[2019.11.06-22.41.59:580][548]LogModuleManager: Shutting down and abandoning module AISupportModule (44)
[2019.11.06-22.41.59:580][548]LogModuleManager: Shutting down and abandoning module PlatformCryptoOpenSSL (42)
[2019.11.06-22.41.59:580][548]LogModuleManager: Shutting down and abandoning module PlatformCrypto (40)
[2019.11.06-22.41.59:580][548]LogModuleManager: Shutting down and abandoning module AnimationModifiers (38)
[2019.11.06-22.41.59:580][548]LogModuleManager: Shutting down and abandoning module PropertyEditor (37)
[2019.11.06-22.41.59:581][548]LogModuleManager: Shutting down and abandoning module AudioEditor (34)
[2019.11.06-22.41.59:581][548]LogModuleManager: Shutting down and abandoning module TextureCompressor (32)
[2019.11.06-22.41.59:581][548]LogModuleManager: Shutting down and abandoning module RenderCore (30)
[2019.11.06-22.41.59:581][548]LogModuleManager: Shutting down and abandoning module Landscape (28)
[2019.11.06-22.41.59:581][548]LogModuleManager: Shutting down and abandoning module SlateRHIRenderer (26)
[2019.11.06-22.41.59:582][548]LogModuleManager: Shutting down and abandoning module OpenGLDrv (24)
[2019.11.06-22.41.59:582][548]LogModuleManager: Shutting down and abandoning module D3D11RHI (22)
[2019.11.06-22.41.59:582][548]LogModuleManager: Shutting down and abandoning module AnimGraphRuntime (20)
[2019.11.06-22.41.59:582][548]LogModuleManager: Shutting down and abandoning module Renderer (18)
[2019.11.06-22.41.59:582][548]LogModuleManager: Shutting down and abandoning module Engine (16)
[2019.11.06-22.41.59:582][548]LogModuleManager: Shutting down and abandoning module CoreUObject (14)
[2019.11.06-22.41.59:582][548]LogModuleManager: Shutting down and abandoning module NetworkFile (12)
[2019.11.06-22.41.59:582][548]LogModuleManager: Shutting down and abandoning module CookedIterativeFile (10)
[2019.11.06-22.41.59:582][548]LogModuleManager: Shutting down and abandoning module StreamingFile (8)
[2019.11.06-22.41.59:582][548]LogModuleManager: Shutting down and abandoning module SandboxFile (6)
[2019.11.06-22.41.59:582][548]LogModuleManager: Shutting down and abandoning module PakFile (4)
[2019.11.06-22.41.59:582][548]LogModuleManager: Shutting down and abandoning module RSA (3)
[2019.11.06-22.41.59:585][548]LogD3D11RHI: Shutdown
[2019.11.06-22.41.59:585][548]LogD3D11RHI: CleanupD3DDevice
[2019.11.06-22.41.59:586][548]LogRendererCore: FGlobalDynamicReadBuffer::Cleanup()
[2019.11.06-22.41.59:586][548]LogRendererCore: FGlobalDynamicReadBuffer::Cleanup()
[2019.11.06-22.41.59:586][548]LogRendererCore: FGlobalDynamicReadBuffer::Cleanup()
[2019.11.06-22.41.59:595][548]LogD3D11RHI: [IntelMetricsDiscovery] Stopped
[2019.11.06-22.41.59:746][548]LogD3D11RHI: ~FD3D11DynamicRHI
[2019.11.06-22.41.59:753][548]LogExit: Exiting.
[2019.11.06-22.41.59:774][548]Log file closed, 11/06/19 14:41:59
