Log file open, 11/18/19 18:48:33
LogWindows: Failed to load 'aqProf.dll' (GetLastError=126)
LogWindows: File 'aqProf.dll' does not exist
LogWindows: Failed to load 'VtuneApi.dll' (GetLastError=126)
LogWindows: File 'VtuneApi.dll' does not exist
LogWindows: Failed to load 'VtuneApi32e.dll' (GetLastError=126)
LogWindows: File 'VtuneApi32e.dll' does not exist
LogConsoleResponse: Display: Failed to find resolution value strings in scalability ini. Falling back to default.
LogInit: Display: Running engine for game: CrossyRoad
LogPlatformFile: Not using cached read wrapper
LogTaskGraph: Started task graph with 5 named threads and 23 total threads with 3 sets of task threads.
LogStats: Stats thread started at 0.109268
LogD3D11RHI: Loaded GFSDK_Aftermath_Lib.x64.dll
LogICUInternationalization: ICU TimeZone Detection - Raw Offset: -8:00, Platform Override: ''
LogPluginManager: Mounting plugin Paper2D
LogPluginManager: Mounting plugin AISupport
LogPluginManager: Mounting plugin LightPropagationVolume
LogPluginManager: Mounting plugin ActorLayerUtilities
LogPluginManager: Mounting plugin AnimationSharing
LogPluginManager: Mounting plugin CLionSourceCodeAccess
LogPluginManager: Mounting plugin CodeLiteSourceCodeAccess
LogPluginManager: Mounting plugin GitSourceControl
LogPluginManager: Mounting plugin KDevelopSourceCodeAccess
LogPluginManager: Mounting plugin NullSourceCodeAccess
LogPluginManager: Mounting plugin PerforceSourceControl
LogPluginManager: Mounting plugin SubversionSourceControl
LogPluginManager: Mounting plugin UObjectPlugin
LogPluginManager: Mounting plugin VisualStudioCodeSourceCodeAccess
LogPluginManager: Mounting plugin VisualStudioSourceCodeAccess
LogPluginManager: Mounting plugin XCodeSourceCodeAccess
LogPluginManager: Mounting plugin AssetManagerEditor
LogPluginManager: Mounting plugin CryptoKeys
LogPluginManager: Mounting plugin CurveEditorTools
LogPluginManager: Mounting plugin DataValidation
LogPluginManager: Mounting plugin FacialAnimation
LogPluginManager: Mounting plugin GameplayTagsEditor
LogPluginManager: Mounting plugin MacGraphicsSwitching
LogPluginManager: Mounting plugin MaterialAnalyzer
LogPluginManager: Mounting plugin MobileLauncherProfileWizard
LogPluginManager: Mounting plugin PluginBrowser
LogPluginManager: Mounting plugin SpeedTreeImporter
LogPluginManager: Mounting plugin DatasmithContent
LogPluginManager: Mounting plugin VariantManagerContent
LogPluginManager: Mounting plugin AlembicImporter
LogPluginManager: Mounting plugin AutomationUtils
LogPluginManager: Mounting plugin BackChannel
LogPluginManager: Mounting plugin CharacterAI
LogPluginManager: Mounting plugin GeometryCache
LogPluginManager: Mounting plugin HTML5Networking
LogPluginManager: Mounting plugin PlatformCrypto
LogPluginManager: Mounting plugin ProxyLODPlugin
LogPluginManager: Mounting plugin SkeletalReduction
LogPluginManager: Mounting plugin MagicLeap
LogPluginManager: Mounting plugin MagicLeapMedia
LogPluginManager: Mounting plugin AndroidMedia
LogPluginManager: Mounting plugin AvfMedia
LogPluginManager: Mounting plugin ImgMedia
LogPluginManager: Mounting plugin MediaCompositing
LogPluginManager: Mounting plugin MediaPlayerEditor
LogPluginManager: Mounting plugin WebMMedia
LogPluginManager: Mounting plugin WmfMedia
LogPluginManager: Mounting plugin TcpMessaging
LogPluginManager: Mounting plugin UdpMessaging
LogPluginManager: Mounting plugin ActorSequence
LogPluginManager: Mounting plugin LevelSequenceEditor
LogPluginManager: Mounting plugin MatineeToLevelSequence
LogPluginManager: Mounting plugin NetcodeUnitTest
LogPluginManager: Mounting plugin NUTUnrealEngine4
LogPluginManager: Mounting plugin OnlineSubsystemGooglePlay
LogPluginManager: Mounting plugin OnlineSubsystemIOS
LogPluginManager: Mounting plugin OnlineSubsystem
LogPluginManager: Mounting plugin OnlineSubsystemNull
LogPluginManager: Mounting plugin OnlineSubsystemUtils
LogPluginManager: Mounting plugin LauncherChunkInstaller
LogPluginManager: Mounting plugin AndroidDeviceProfileSelector
LogPluginManager: Mounting plugin AndroidMoviePlayer
LogPluginManager: Mounting plugin AndroidPermission
LogPluginManager: Mounting plugin AppleImageUtils
LogPluginManager: Mounting plugin AppleMoviePlayer
LogPluginManager: Mounting plugin ArchVisCharacter
LogPluginManager: Mounting plugin AudioCapture
LogPluginManager: Mounting plugin CableComponent
LogPluginManager: Mounting plugin CustomMeshComponent
LogPluginManager: Mounting plugin EditableMesh
LogPluginManager: Mounting plugin ExampleDeviceProfileSelector
LogPluginManager: Mounting plugin GoogleCloudMessaging
LogPluginManager: Mounting plugin IOSDeviceProfileSelector
LogPluginManager: Mounting plugin LinuxDeviceProfileSelector
LogPluginManager: Mounting plugin LocationServicesBPLibrary
LogPluginManager: Mounting plugin MobilePatchingUtils
LogPluginManager: Mounting plugin OculusVR
LogPluginManager: Mounting plugin PhysXVehicles
LogPluginManager: Mounting plugin ProceduralMeshComponent
LogPluginManager: Mounting plugin RuntimePhysXCooking
LogPluginManager: Mounting plugin SignificanceManager
LogPluginManager: Mounting plugin SteamVR
LogPluginManager: Mounting plugin WebMMoviePlayer
LogPluginManager: Mounting plugin WindowsMoviePlayer
LogPluginManager: Mounting plugin ScreenshotTools
LogInit: Using libcurl 7.55.1-DEV
LogInit:  - built for x86_64-pc-win32
LogInit:  - supports SSL with OpenSSL/1.1.1
LogInit:  - supports HTTP deflate (compression) using libz 1.2.8
LogInit:  - other features:
LogInit:      CURL_VERSION_SSL
LogInit:      CURL_VERSION_LIBZ
LogInit:      CURL_VERSION_IPV6
LogInit:      CURL_VERSION_ASYNCHDNS
LogInit:      CURL_VERSION_LARGEFILE
LogInit:      CURL_VERSION_IDN
LogInit:  CurlRequestOptions (configurable via config and command line):
LogInit:  - bVerifyPeer = true  - Libcurl will verify peer certificate
LogInit:  - bUseHttpProxy = false  - Libcurl will NOT use HTTP proxy
LogInit:  - bDontReuseConnections = false  - Libcurl will reuse connections
LogInit:  - MaxHostConnections = 16  - Libcurl will limit the number of connections to a host
LogInit:  - LocalHostAddr = Default
LogInit:  - BufferSize = 65536
LogOnline: OSS: Creating online subsystem instance for: NULL
LogInit: WinSock: version 1.1 (2.2), MaxSocks=32767, MaxUdp=65467
LogInit: Build: ++UE4+Release-4.23-CL-8386587
LogInit: Engine Version: 4.23.0-8386587+++UE4+Release-4.23
LogInit: Compatible Engine Version: 4.23.0-8386587+++UE4+Release-4.23
LogInit: Net CL: 8386587
LogInit: OS: Windows 10 (Release 1903) (), CPU: Intel(R) Core(TM) i5-8250U CPU @ 1.60GHz, GPU: Intel(R) UHD Graphics 620
LogInit: Compiled (64-bit): Aug 31 2019 02:04:44
LogInit: Compiled with Visual C++: 19.16.27030.01
LogInit: Build Configuration: Development
LogInit: Branch Name: ++UE4+Release-4.23
LogInit: Command Line: 
LogInit: Base Directory: C:/Program Files/Epic Games/UE_4.23/Engine/Binaries/Win64/
LogInit: Installed Engine Build: 1
LogDevObjectVersion: Number of dev versions registered: 23
LogDevObjectVersion:   Dev-Blueprints (B0D832E4-1F89-4F0D-ACCF-7EB736FD4AA2): 10
LogDevObjectVersion:   Dev-Build (E1C64328-A22C-4D53-A36C-8E866417BD8C): 0
LogDevObjectVersion:   Dev-Core (375EC13C-06E4-48FB-B500-84F0262A717E): 3
LogDevObjectVersion:   Dev-Editor (E4B068ED-F494-42E9-A231-DA0B2E46BB41): 34
LogDevObjectVersion:   Dev-Framework (CFFC743F-43B0-4480-9391-14DF171D2073): 35
LogDevObjectVersion:   Dev-Mobile (B02B49B5-BB20-44E9-A304-32B752E40360): 2
LogDevObjectVersion:   Dev-Networking (A4E4105C-59A1-49B5-A7C5-40C4547EDFEE): 0
LogDevObjectVersion:   Dev-Online (39C831C9-5AE6-47DC-9A44-9C173E1C8E7C): 0
LogDevObjectVersion:   Dev-Physics (78F01B33-EBEA-4F98-B9B4-84EACCB95AA2): 0
LogDevObjectVersion:   Dev-Platform (6631380F-2D4D-43E0-8009-CF276956A95A): 0
LogDevObjectVersion:   Dev-Rendering (12F88B9F-8875-4AFC-A67C-D90C383ABD29): 31
LogDevObjectVersion:   Dev-Sequencer (7B5AE74C-D270-4C10-A958-57980B212A5A): 11
LogDevObjectVersion:   Dev-VR (D7296918-1DD6-4BDD-9DE2-64A83CC13884): 2
LogDevObjectVersion:   Dev-LoadTimes (C2A15278-BFE7-4AFE-6C17-90FF531DF755): 1
LogDevObjectVersion:   Private-Geometry (6EACA3D4-40EC-4CC1-B786-8BED09428FC5): 3
LogDevObjectVersion:   Dev-AnimPhys (29E575DD-E0A3-4627-9D10-D276232CDCEA): 17
LogDevObjectVersion:   Dev-Anim (AF43A65D-7FD3-4947-9873-3E8ED9C1BB05): 2
LogDevObjectVersion:   Dev-ReflectionCapture (6B266CEC-1EC7-4B8F-A30B-E4D90942FC07): 1
LogDevObjectVersion:   Dev-Automation (0DF73D61-A23F-47EA-B727-89E90C41499A): 1
LogDevObjectVersion:   FortniteMain (601D1886-AC64-4F84-AA16-D3DE0DEAC7D6): 27
LogDevObjectVersion:   Dev-Enterprise (9DFFBCD6-494F-0158-E221-12823C92A888): 6
LogDevObjectVersion:   Dev-Niagara (F2AED0AC-9AFE-416F-8664-AA7FFA26D6FC): 1
LogDevObjectVersion:   Dev-Destruction (174F1F0B-B4C6-45A5-B13F-2EE8D0FB917D): 9
LogInit: Presizing for max 16777216 objects, including 0 objects not considered by GC, pre-allocating 0 bytes for permanent pool.
LogInit: Object subsystem initialized
LogConfig: Setting CVar [[con.DebugEarlyDefault:1]]
LogConfig: Setting CVar [[r.setres:1280x720]]
[2019.11.19-02.48.34:080][  0]LogConfig: Setting CVar [[r.VSync:0]]
[2019.11.19-02.48.34:080][  0]LogConfig: Setting CVar [[r.RHICmdBypass:0]]
[2019.11.19-02.48.34:080][  0]LogConfig: Applying CVar settings from Section [/Script/Engine.RendererSettings] File [C:/Users/gmltk/OneDrive/Desktop/Crossy_Road/CrossyRoad 4.23/Saved/Config/Windows/Engine.ini]
[2019.11.19-02.48.34:080][  0]LogConfig: Setting CVar [[r.GPUCrashDebugging:0]]
[2019.11.19-02.48.34:080][  0]LogConfig: Setting CVar [[r.DefaultFeature.AutoExposure.ExtendDefaultLuminanceRange:1]]
[2019.11.19-02.48.34:080][  0]LogConfig: Applying CVar settings from Section [/Script/Engine.RendererOverrideSettings] File [C:/Users/gmltk/OneDrive/Desktop/Crossy_Road/CrossyRoad 4.23/Saved/Config/Windows/Engine.ini]
[2019.11.19-02.48.34:080][  0]LogConfig: Applying CVar settings from Section [/Script/Engine.StreamingSettings] File [C:/Users/gmltk/OneDrive/Desktop/Crossy_Road/CrossyRoad 4.23/Saved/Config/Windows/Engine.ini]
[2019.11.19-02.48.34:081][  0]LogConfig: Setting CVar [[s.MinBulkDataSizeForAsyncLoading:131072]]
[2019.11.19-02.48.34:081][  0]LogConfig: Setting CVar [[s.AsyncLoadingThreadEnabled:0]]
[2019.11.19-02.48.34:081][  0]LogConfig: Setting CVar [[s.EventDrivenLoaderEnabled:1]]
[2019.11.19-02.48.34:081][  0]LogConfig: Setting CVar [[s.WarnIfTimeLimitExceeded:0]]
[2019.11.19-02.48.34:081][  0]LogConfig: Setting CVar [[s.TimeLimitExceededMultiplier:1.5]]
[2019.11.19-02.48.34:081][  0]LogConfig: Setting CVar [[s.TimeLimitExceededMinTime:0.005]]
[2019.11.19-02.48.34:081][  0]LogConfig: Setting CVar [[s.UseBackgroundLevelStreaming:1]]
[2019.11.19-02.48.34:081][  0]LogConfig: Setting CVar [[s.PriorityAsyncLoadingExtraTime:15.0]]
[2019.11.19-02.48.34:081][  0]LogConfig: Setting CVar [[s.LevelStreamingActorsUpdateTimeLimit:5.0]]
[2019.11.19-02.48.34:081][  0]LogConfig: Setting CVar [[s.PriorityLevelStreamingActorsUpdateExtraTime:5.0]]
[2019.11.19-02.48.34:081][  0]LogConfig: Setting CVar [[s.LevelStreamingComponentsRegistrationGranularity:10]]
[2019.11.19-02.48.34:081][  0]LogConfig: Setting CVar [[s.UnregisterComponentsTimeLimit:1.0]]
[2019.11.19-02.48.34:081][  0]LogConfig: Setting CVar [[s.LevelStreamingComponentsUnregistrationGranularity:5]]
[2019.11.19-02.48.34:081][  0]LogConfig: Applying CVar settings from Section [/Script/Engine.GarbageCollectionSettings] File [C:/Users/gmltk/OneDrive/Desktop/Crossy_Road/CrossyRoad 4.23/Saved/Config/Windows/Engine.ini]
[2019.11.19-02.48.34:081][  0]LogConfig: Setting CVar [[gc.MaxObjectsNotConsideredByGC:1]]
[2019.11.19-02.48.34:081][  0]LogConfig: Setting CVar [[gc.SizeOfPermanentObjectPool:0]]
[2019.11.19-02.48.34:081][  0]LogConfig: Setting CVar [[gc.FlushStreamingOnGC:0]]
[2019.11.19-02.48.34:081][  0]LogConfig: Setting CVar [[gc.NumRetriesBeforeForcingGC:10]]
[2019.11.19-02.48.34:081][  0]LogConfig: Setting CVar [[gc.AllowParallelGC:1]]
[2019.11.19-02.48.34:081][  0]LogConfig: Setting CVar [[gc.TimeBetweenPurgingPendingKillObjects:61.1]]
[2019.11.19-02.48.34:081][  0]LogConfig: Setting CVar [[gc.MaxObjectsInEditor:16777216]]
[2019.11.19-02.48.34:081][  0]LogConfig: Setting CVar [[gc.IncrementalBeginDestroyEnabled:1]]
[2019.11.19-02.48.34:081][  0]LogConfig: Setting CVar [[gc.CreateGCClusters:1]]
[2019.11.19-02.48.34:081][  0]LogConfig: Setting CVar [[gc.MinGCClusterSize:5]]
[2019.11.19-02.48.34:081][  0]LogConfig: Setting CVar [[gc.ActorClusteringEnabled:0]]
[2019.11.19-02.48.34:081][  0]LogConfig: Setting CVar [[gc.BlueprintClusteringEnabled:0]]
[2019.11.19-02.48.34:081][  0]LogConfig: Setting CVar [[gc.UseDisregardForGCOnDedicatedServers:0]]
[2019.11.19-02.48.34:081][  0]LogConfig: Applying CVar settings from Section [/Script/Engine.NetworkSettings] File [C:/Users/gmltk/OneDrive/Desktop/Crossy_Road/CrossyRoad 4.23/Saved/Config/Windows/Engine.ini]
[2019.11.19-02.48.34:081][  0]LogConfig: Applying CVar settings from Section [/Script/UnrealEd.CookerSettings] File [C:/Users/gmltk/OneDrive/Desktop/Crossy_Road/CrossyRoad 4.23/Saved/Config/Windows/Engine.ini]
[2019.11.19-02.48.34:083][  0]LogConfig: Applying CVar settings from Section [ViewDistanceQuality@3] File [C:/Users/gmltk/OneDrive/Desktop/Crossy_Road/CrossyRoad 4.23/Saved/Config/Windows/Scalability.ini]
[2019.11.19-02.48.34:083][  0]LogConfig: Setting CVar [[r.SkeletalMeshLODBias:0]]
[2019.11.19-02.48.34:083][  0]LogConfig: Setting CVar [[r.ViewDistanceScale:1.0]]
[2019.11.19-02.48.34:083][  0]LogConfig: Applying CVar settings from Section [AntiAliasingQuality@3] File [C:/Users/gmltk/OneDrive/Desktop/Crossy_Road/CrossyRoad 4.23/Saved/Config/Windows/Scalability.ini]
[2019.11.19-02.48.34:083][  0]LogConfig: Setting CVar [[r.PostProcessAAQuality:4]]
[2019.11.19-02.48.34:083][  0]LogConfig: Applying CVar settings from Section [ShadowQuality@3] File [C:/Users/gmltk/OneDrive/Desktop/Crossy_Road/CrossyRoad 4.23/Saved/Config/Windows/Scalability.ini]
[2019.11.19-02.48.34:083][  0]LogConfig: Setting CVar [[r.LightFunctionQuality:1]]
[2019.11.19-02.48.34:083][  0]LogConfig: Setting CVar [[r.ShadowQuality:5]]
[2019.11.19-02.48.34:083][  0]LogConfig: Setting CVar [[r.Shadow.CSM.MaxCascades:10]]
[2019.11.19-02.48.34:083][  0]LogConfig: Setting CVar [[r.Shadow.MaxResolution:2048]]
[2019.11.19-02.48.34:083][  0]LogConfig: Setting CVar [[r.Shadow.MaxCSMResolution:2048]]
[2019.11.19-02.48.34:083][  0]LogConfig: Setting CVar [[r.Shadow.RadiusThreshold:0.01]]
[2019.11.19-02.48.34:083][  0]LogConfig: Setting CVar [[r.Shadow.DistanceScale:1.0]]
[2019.11.19-02.48.34:083][  0]LogConfig: Setting CVar [[r.Shadow.CSM.TransitionScale:1.0]]
[2019.11.19-02.48.34:084][  0]LogConfig: Setting CVar [[r.Shadow.PreShadowResolutionFactor:1.0]]
[2019.11.19-02.48.34:084][  0]LogConfig: Setting CVar [[r.DistanceFieldShadowing:1]]
[2019.11.19-02.48.34:084][  0]LogConfig: Setting CVar [[r.DistanceFieldAO:1]]
[2019.11.19-02.48.34:084][  0]LogConfig: Setting CVar [[r.AOQuality:2]]
[2019.11.19-02.48.34:084][  0]LogConfig: Setting CVar [[r.VolumetricFog:1]]
[2019.11.19-02.48.34:084][  0]LogConfig: Setting CVar [[r.VolumetricFog.GridPixelSize:8]]
[2019.11.19-02.48.34:084][  0]LogConfig: Setting CVar [[r.VolumetricFog.GridSizeZ:128]]
[2019.11.19-02.48.34:084][  0]LogConfig: Setting CVar [[r.VolumetricFog.HistoryMissSupersampleCount:4]]
[2019.11.19-02.48.34:084][  0]LogConfig: Setting CVar [[r.LightMaxDrawDistanceScale:1]]
[2019.11.19-02.48.34:084][  0]LogConfig: Setting CVar [[r.CapsuleShadows:1]]
[2019.11.19-02.48.34:084][  0]LogConfig: Applying CVar settings from Section [PostProcessQuality@3] File [C:/Users/gmltk/OneDrive/Desktop/Crossy_Road/CrossyRoad 4.23/Saved/Config/Windows/Scalability.ini]
[2019.11.19-02.48.34:084][  0]LogConfig: Setting CVar [[r.MotionBlurQuality:4]]
[2019.11.19-02.48.34:084][  0]LogConfig: Setting CVar [[r.AmbientOcclusionMipLevelFactor:0.4]]
[2019.11.19-02.48.34:084][  0]LogConfig: Setting CVar [[r.AmbientOcclusionMaxQuality:100]]
[2019.11.19-02.48.34:084][  0]LogConfig: Setting CVar [[r.AmbientOcclusionLevels:-1]]
[2019.11.19-02.48.34:084][  0]LogConfig: Setting CVar [[r.AmbientOcclusionRadiusScale:1.0]]
[2019.11.19-02.48.34:084][  0]LogConfig: Setting CVar [[r.DepthOfFieldQuality:2]]
[2019.11.19-02.48.34:084][  0]LogConfig: Setting CVar [[r.RenderTargetPoolMin:400]]
[2019.11.19-02.48.34:084][  0]LogConfig: Setting CVar [[r.LensFlareQuality:2]]
[2019.11.19-02.48.34:084][  0]LogConfig: Setting CVar [[r.SceneColorFringeQuality:1]]
[2019.11.19-02.48.34:084][  0]LogConfig: Setting CVar [[r.EyeAdaptationQuality:2]]
[2019.11.19-02.48.34:084][  0]LogConfig: Setting CVar [[r.BloomQuality:5]]
[2019.11.19-02.48.34:084][  0]LogConfig: Setting CVar [[r.FastBlurThreshold:100]]
[2019.11.19-02.48.34:084][  0]LogConfig: Setting CVar [[r.Upscale.Quality:3]]
[2019.11.19-02.48.34:084][  0]LogConfig: Setting CVar [[r.Tonemapper.GrainQuantization:1]]
[2019.11.19-02.48.34:084][  0]LogConfig: Setting CVar [[r.LightShaftQuality:1]]
[2019.11.19-02.48.34:084][  0]LogConfig: Setting CVar [[r.Filter.SizeScale:1]]
[2019.11.19-02.48.34:084][  0]LogConfig: Setting CVar [[r.Tonemapper.Quality:5]]
[2019.11.19-02.48.34:084][  0]LogConfig: Setting CVar [[r.DOF.Gather.AccumulatorQuality:1        ; higher gathering accumulator quality]]
[2019.11.19-02.48.34:084][  0]LogConfig: Setting CVar [[r.DOF.Gather.PostfilterMethod:1          ; Median3x3 postfilering method]]
[2019.11.19-02.48.34:084][  0]LogConfig: Setting CVar [[r.DOF.Gather.EnableBokehSettings:0       ; no bokeh simulation when gathering]]
[2019.11.19-02.48.34:084][  0]LogConfig: Setting CVar [[r.DOF.Gather.RingCount:4                 ; medium number of samples when gathering]]
[2019.11.19-02.48.34:084][  0]LogConfig: Setting CVar [[r.DOF.Scatter.ForegroundCompositing:1    ; additive foreground scattering]]
[2019.11.19-02.48.34:084][  0]LogConfig: Setting CVar [[r.DOF.Scatter.BackgroundCompositing:2    ; additive background scattering]]
[2019.11.19-02.48.34:084][  0]LogConfig: Setting CVar [[r.DOF.Scatter.EnableBokehSettings:1      ; bokeh simulation when scattering]]
[2019.11.19-02.48.34:084][  0]LogConfig: Setting CVar [[r.DOF.Scatter.MaxSpriteRatio:0.1         ; only a maximum of 10% of scattered bokeh]]
[2019.11.19-02.48.34:084][  0]LogConfig: Setting CVar [[r.DOF.Recombine.Quality:1                ; cheap slight out of focus]]
[2019.11.19-02.48.34:084][  0]LogConfig: Setting CVar [[r.DOF.Recombine.EnableBokehSettings:0    ; no bokeh simulation on slight out of focus]]
[2019.11.19-02.48.34:084][  0]LogConfig: Setting CVar [[r.DOF.TemporalAAQuality:1                ; more stable temporal accumulation]]
[2019.11.19-02.48.34:084][  0]LogConfig: Setting CVar [[r.DOF.Kernel.MaxForegroundRadius:0.025]]
[2019.11.19-02.48.34:084][  0]LogConfig: Setting CVar [[r.DOF.Kernel.MaxBackgroundRadius:0.025]]
[2019.11.19-02.48.34:084][  0]LogConfig: Applying CVar settings from Section [TextureQuality@3] File [C:/Users/gmltk/OneDrive/Desktop/Crossy_Road/CrossyRoad 4.23/Saved/Config/Windows/Scalability.ini]
[2019.11.19-02.48.34:084][  0]LogConfig: Setting CVar [[r.Streaming.MipBias:0]]
[2019.11.19-02.48.34:084][  0]LogConfig: Setting CVar [[r.Streaming.AmortizeCPUToGPUCopy:0]]
[2019.11.19-02.48.34:084][  0]LogConfig: Setting CVar [[r.Streaming.MaxNumTexturesToStreamPerFrame:0]]
[2019.11.19-02.48.34:084][  0]LogConfig: Setting CVar [[r.Streaming.Boost:1]]
[2019.11.19-02.48.34:084][  0]LogConfig: Setting CVar [[r.MaxAnisotropy:8]]
[2019.11.19-02.48.34:084][  0]LogConfig: Setting CVar [[r.Streaming.LimitPoolSizeToVRAM:0]]
[2019.11.19-02.48.34:084][  0]LogConfig: Setting CVar [[r.Streaming.PoolSize:1000]]
[2019.11.19-02.48.34:084][  0]LogConfig: Setting CVar [[r.Streaming.MaxEffectiveScreenSize:0]]
[2019.11.19-02.48.34:084][  0]LogConfig: Applying CVar settings from Section [EffectsQuality@3] File [C:/Users/gmltk/OneDrive/Desktop/Crossy_Road/CrossyRoad 4.23/Saved/Config/Windows/Scalability.ini]
[2019.11.19-02.48.34:084][  0]LogConfig: Setting CVar [[r.TranslucencyLightingVolumeDim:64]]
[2019.11.19-02.48.34:084][  0]LogConfig: Setting CVar [[r.RefractionQuality:2]]
[2019.11.19-02.48.34:084][  0]LogConfig: Setting CVar [[r.SSR.Quality:3]]
[2019.11.19-02.48.34:084][  0]LogConfig: Setting CVar [[r.SceneColorFormat:4]]
[2019.11.19-02.48.34:084][  0]LogConfig: Setting CVar [[r.DetailMode:2]]
[2019.11.19-02.48.34:084][  0]LogConfig: Setting CVar [[r.TranslucencyVolumeBlur:1]]
[2019.11.19-02.48.34:084][  0]LogConfig: Setting CVar [[r.MaterialQualityLevel:1 ; High quality]]
[2019.11.19-02.48.34:084][  0]LogConfig: Setting CVar [[r.SSS.Scale:1]]
[2019.11.19-02.48.34:084][  0]LogConfig: Setting CVar [[r.SSS.SampleSet:2]]
[2019.11.19-02.48.34:084][  0]LogConfig: Setting CVar [[r.SSS.Quality:1]]
[2019.11.19-02.48.34:085][  0]LogConfig: Setting CVar [[r.SSS.HalfRes:1]]
[2019.11.19-02.48.34:085][  0]LogConfig: Setting CVar [[r.EmitterSpawnRateScale:1.0]]
[2019.11.19-02.48.34:085][  0]LogConfig: Setting CVar [[r.ParticleLightQuality:2]]
[2019.11.19-02.48.34:085][  0]LogConfig: Applying CVar settings from Section [FoliageQuality@3] File [C:/Users/gmltk/OneDrive/Desktop/Crossy_Road/CrossyRoad 4.23/Saved/Config/Windows/Scalability.ini]
[2019.11.19-02.48.34:085][  0]LogConfig: Setting CVar [[foliage.DensityScale:1.0]]
[2019.11.19-02.48.34:085][  0]LogConfig: Setting CVar [[grass.DensityScale:1.0]]
[2019.11.19-02.48.34:085][  0]LogInit: Selected Device Profile: [Windows]
[2019.11.19-02.48.34:085][  0]LogInit: Applying CVar settings loaded from the selected device profile: [Windows]
[2019.11.19-02.48.34:088][  0]LogHAL: Display: Platform has ~ 8 GB [8396877824 / 8589934592 / 8], which maps to Default [LargestMinGB=32, LargerMinGB=12, DefaultMinGB=8, SmallerMinGB=6, SmallestMinGB=0)
[2019.11.19-02.48.34:088][  0]LogInit: Going up to parent DeviceProfile []
[2019.11.19-02.48.34:088][  0]LogConfig: Applying CVar settings from Section [ViewDistanceQuality@3] File [C:/Users/gmltk/OneDrive/Desktop/Crossy_Road/CrossyRoad 4.23/Saved/Config/Windows/Scalability.ini]
[2019.11.19-02.48.34:088][  0]LogConfig: Setting CVar [[r.SkeletalMeshLODBias:0]]
[2019.11.19-02.48.34:088][  0]LogConfig: Setting CVar [[r.ViewDistanceScale:1.0]]
[2019.11.19-02.48.34:088][  0]LogConfig: Applying CVar settings from Section [AntiAliasingQuality@3] File [C:/Users/gmltk/OneDrive/Desktop/Crossy_Road/CrossyRoad 4.23/Saved/Config/Windows/Scalability.ini]
[2019.11.19-02.48.34:088][  0]LogConfig: Setting CVar [[r.PostProcessAAQuality:4]]
[2019.11.19-02.48.34:088][  0]LogConfig: Applying CVar settings from Section [ShadowQuality@3] File [C:/Users/gmltk/OneDrive/Desktop/Crossy_Road/CrossyRoad 4.23/Saved/Config/Windows/Scalability.ini]
[2019.11.19-02.48.34:088][  0]LogConfig: Setting CVar [[r.LightFunctionQuality:1]]
[2019.11.19-02.48.34:088][  0]LogConfig: Setting CVar [[r.ShadowQuality:5]]
[2019.11.19-02.48.34:088][  0]LogConfig: Setting CVar [[r.Shadow.CSM.MaxCascades:10]]
[2019.11.19-02.48.34:088][  0]LogConfig: Setting CVar [[r.Shadow.MaxResolution:2048]]
[2019.11.19-02.48.34:088][  0]LogConfig: Setting CVar [[r.Shadow.MaxCSMResolution:2048]]
[2019.11.19-02.48.34:088][  0]LogConfig: Setting CVar [[r.Shadow.RadiusThreshold:0.01]]
[2019.11.19-02.48.34:088][  0]LogConfig: Setting CVar [[r.Shadow.DistanceScale:1.0]]
[2019.11.19-02.48.34:088][  0]LogConfig: Setting CVar [[r.Shadow.CSM.TransitionScale:1.0]]
[2019.11.19-02.48.34:088][  0]LogConfig: Setting CVar [[r.Shadow.PreShadowResolutionFactor:1.0]]
[2019.11.19-02.48.34:088][  0]LogConfig: Setting CVar [[r.DistanceFieldShadowing:1]]
[2019.11.19-02.48.34:088][  0]LogConfig: Setting CVar [[r.DistanceFieldAO:1]]
[2019.11.19-02.48.34:088][  0]LogConfig: Setting CVar [[r.AOQuality:2]]
[2019.11.19-02.48.34:088][  0]LogConfig: Setting CVar [[r.VolumetricFog:1]]
[2019.11.19-02.48.34:088][  0]LogConfig: Setting CVar [[r.VolumetricFog.GridPixelSize:8]]
[2019.11.19-02.48.34:088][  0]LogConfig: Setting CVar [[r.VolumetricFog.GridSizeZ:128]]
[2019.11.19-02.48.34:088][  0]LogConfig: Setting CVar [[r.VolumetricFog.HistoryMissSupersampleCount:4]]
[2019.11.19-02.48.34:088][  0]LogConfig: Setting CVar [[r.LightMaxDrawDistanceScale:1]]
[2019.11.19-02.48.34:088][  0]LogConfig: Setting CVar [[r.CapsuleShadows:1]]
[2019.11.19-02.48.34:088][  0]LogConfig: Applying CVar settings from Section [PostProcessQuality@3] File [C:/Users/gmltk/OneDrive/Desktop/Crossy_Road/CrossyRoad 4.23/Saved/Config/Windows/Scalability.ini]
[2019.11.19-02.48.34:088][  0]LogConfig: Setting CVar [[r.MotionBlurQuality:4]]
[2019.11.19-02.48.34:088][  0]LogConfig: Setting CVar [[r.AmbientOcclusionMipLevelFactor:0.4]]
[2019.11.19-02.48.34:088][  0]LogConfig: Setting CVar [[r.AmbientOcclusionMaxQuality:100]]
[2019.11.19-02.48.34:088][  0]LogConfig: Setting CVar [[r.AmbientOcclusionLevels:-1]]
[2019.11.19-02.48.34:088][  0]LogConfig: Setting CVar [[r.AmbientOcclusionRadiusScale:1.0]]
[2019.11.19-02.48.34:088][  0]LogConfig: Setting CVar [[r.DepthOfFieldQuality:2]]
[2019.11.19-02.48.34:088][  0]LogConfig: Setting CVar [[r.RenderTargetPoolMin:400]]
[2019.11.19-02.48.34:089][  0]LogConfig: Setting CVar [[r.LensFlareQuality:2]]
[2019.11.19-02.48.34:089][  0]LogConfig: Setting CVar [[r.SceneColorFringeQuality:1]]
[2019.11.19-02.48.34:089][  0]LogConfig: Setting CVar [[r.EyeAdaptationQuality:2]]
[2019.11.19-02.48.34:089][  0]LogConfig: Setting CVar [[r.BloomQuality:5]]
[2019.11.19-02.48.34:089][  0]LogConfig: Setting CVar [[r.FastBlurThreshold:100]]
[2019.11.19-02.48.34:089][  0]LogConfig: Setting CVar [[r.Upscale.Quality:3]]
[2019.11.19-02.48.34:089][  0]LogConfig: Setting CVar [[r.Tonemapper.GrainQuantization:1]]
[2019.11.19-02.48.34:089][  0]LogConfig: Setting CVar [[r.LightShaftQuality:1]]
[2019.11.19-02.48.34:089][  0]LogConfig: Setting CVar [[r.Filter.SizeScale:1]]
[2019.11.19-02.48.34:089][  0]LogConfig: Setting CVar [[r.Tonemapper.Quality:5]]
[2019.11.19-02.48.34:089][  0]LogConfig: Setting CVar [[r.DOF.Gather.AccumulatorQuality:1        ; higher gathering accumulator quality]]
[2019.11.19-02.48.34:089][  0]LogConfig: Setting CVar [[r.DOF.Gather.PostfilterMethod:1          ; Median3x3 postfilering method]]
[2019.11.19-02.48.34:089][  0]LogConfig: Setting CVar [[r.DOF.Gather.EnableBokehSettings:0       ; no bokeh simulation when gathering]]
[2019.11.19-02.48.34:089][  0]LogConfig: Setting CVar [[r.DOF.Gather.RingCount:4                 ; medium number of samples when gathering]]
[2019.11.19-02.48.34:089][  0]LogConfig: Setting CVar [[r.DOF.Scatter.ForegroundCompositing:1    ; additive foreground scattering]]
[2019.11.19-02.48.34:089][  0]LogConfig: Setting CVar [[r.DOF.Scatter.BackgroundCompositing:2    ; additive background scattering]]
[2019.11.19-02.48.34:089][  0]LogConfig: Setting CVar [[r.DOF.Scatter.EnableBokehSettings:1      ; bokeh simulation when scattering]]
[2019.11.19-02.48.34:089][  0]LogConfig: Setting CVar [[r.DOF.Scatter.MaxSpriteRatio:0.1         ; only a maximum of 10% of scattered bokeh]]
[2019.11.19-02.48.34:089][  0]LogConfig: Setting CVar [[r.DOF.Recombine.Quality:1                ; cheap slight out of focus]]
[2019.11.19-02.48.34:089][  0]LogConfig: Setting CVar [[r.DOF.Recombine.EnableBokehSettings:0    ; no bokeh simulation on slight out of focus]]
[2019.11.19-02.48.34:089][  0]LogConfig: Setting CVar [[r.DOF.TemporalAAQuality:1                ; more stable temporal accumulation]]
[2019.11.19-02.48.34:089][  0]LogConfig: Setting CVar [[r.DOF.Kernel.MaxForegroundRadius:0.025]]
[2019.11.19-02.48.34:089][  0]LogConfig: Setting CVar [[r.DOF.Kernel.MaxBackgroundRadius:0.025]]
[2019.11.19-02.48.34:089][  0]LogConfig: Applying CVar settings from Section [TextureQuality@3] File [C:/Users/gmltk/OneDrive/Desktop/Crossy_Road/CrossyRoad 4.23/Saved/Config/Windows/Scalability.ini]
[2019.11.19-02.48.34:089][  0]LogConfig: Setting CVar [[r.Streaming.MipBias:0]]
[2019.11.19-02.48.34:089][  0]LogConfig: Setting CVar [[r.Streaming.AmortizeCPUToGPUCopy:0]]
[2019.11.19-02.48.34:089][  0]LogConfig: Setting CVar [[r.Streaming.MaxNumTexturesToStreamPerFrame:0]]
[2019.11.19-02.48.34:089][  0]LogConfig: Setting CVar [[r.Streaming.Boost:1]]
[2019.11.19-02.48.34:089][  0]LogConfig: Setting CVar [[r.MaxAnisotropy:8]]
[2019.11.19-02.48.34:089][  0]LogConfig: Setting CVar [[r.Streaming.LimitPoolSizeToVRAM:0]]
[2019.11.19-02.48.34:089][  0]LogConfig: Setting CVar [[r.Streaming.PoolSize:1000]]
[2019.11.19-02.48.34:089][  0]LogConfig: Setting CVar [[r.Streaming.MaxEffectiveScreenSize:0]]
[2019.11.19-02.48.34:089][  0]LogConfig: Applying CVar settings from Section [EffectsQuality@3] File [C:/Users/gmltk/OneDrive/Desktop/Crossy_Road/CrossyRoad 4.23/Saved/Config/Windows/Scalability.ini]
[2019.11.19-02.48.34:089][  0]LogConfig: Setting CVar [[r.TranslucencyLightingVolumeDim:64]]
[2019.11.19-02.48.34:089][  0]LogConfig: Setting CVar [[r.RefractionQuality:2]]
[2019.11.19-02.48.34:089][  0]LogConfig: Setting CVar [[r.SSR.Quality:3]]
[2019.11.19-02.48.34:089][  0]LogConfig: Setting CVar [[r.SceneColorFormat:4]]
[2019.11.19-02.48.34:089][  0]LogConfig: Setting CVar [[r.DetailMode:2]]
[2019.11.19-02.48.34:089][  0]LogConfig: Setting CVar [[r.TranslucencyVolumeBlur:1]]
[2019.11.19-02.48.34:089][  0]LogConfig: Setting CVar [[r.MaterialQualityLevel:1 ; High quality]]
[2019.11.19-02.48.34:089][  0]LogConfig: Setting CVar [[r.SSS.Scale:1]]
[2019.11.19-02.48.34:089][  0]LogConfig: Setting CVar [[r.SSS.SampleSet:2]]
[2019.11.19-02.48.34:089][  0]LogConfig: Setting CVar [[r.SSS.Quality:1]]
[2019.11.19-02.48.34:089][  0]LogConfig: Setting CVar [[r.SSS.HalfRes:1]]
[2019.11.19-02.48.34:089][  0]LogConfig: Setting CVar [[r.EmitterSpawnRateScale:1.0]]
[2019.11.19-02.48.34:089][  0]LogConfig: Setting CVar [[r.ParticleLightQuality:2]]
[2019.11.19-02.48.34:089][  0]LogConfig: Applying CVar settings from Section [FoliageQuality@3] File [C:/Users/gmltk/OneDrive/Desktop/Crossy_Road/CrossyRoad 4.23/Saved/Config/Windows/Scalability.ini]
[2019.11.19-02.48.34:089][  0]LogConfig: Setting CVar [[foliage.DensityScale:1.0]]
[2019.11.19-02.48.34:089][  0]LogConfig: Setting CVar [[grass.DensityScale:1.0]]
[2019.11.19-02.48.34:089][  0]LogConfig: Applying CVar settings from Section [Startup] File [../../../Engine/Config/ConsoleVariables.ini]
[2019.11.19-02.48.34:089][  0]LogConfig: Setting CVar [[net.UseAdaptiveNetUpdateFrequency:0]]
[2019.11.19-02.48.34:089][  0]LogConfig: Setting CVar [[p.chaos.AllowCreatePhysxBodies:1]]
[2019.11.19-02.48.34:090][  0]LogConfig: Applying CVar settings from Section [ConsoleVariables] File [C:/Users/gmltk/OneDrive/Desktop/Crossy_Road/CrossyRoad 4.23/Saved/Config/Windows/Engine.ini]
[2019.11.19-02.48.34:090][  0]LogInit: Computer: DESKTOP-7S0LTS5
[2019.11.19-02.48.34:090][  0]LogInit: User: gmltk
[2019.11.19-02.48.34:090][  0]LogInit: CPU Page size=4096, Cores=4
[2019.11.19-02.48.34:090][  0]LogInit: High frequency timer resolution =10.000000 MHz
[2019.11.19-02.48.34:091][  0]LogMemory: Memory total: Physical=7.8GB (8GB approx)
[2019.11.19-02.48.34:091][  0]LogMemory: Platform Memory Stats for Windows
[2019.11.19-02.48.34:091][  0]LogMemory: Process Physical Memory: 100.61 MB used, 100.61 MB peak
[2019.11.19-02.48.34:091][  0]LogMemory: Process Virtual Memory: 112.59 MB used, 112.59 MB peak
[2019.11.19-02.48.34:091][  0]LogMemory: Physical Memory: 5088.34 MB used,  2919.55 MB free, 8007.89 MB total
[2019.11.19-02.48.34:091][  0]LogMemory: Virtual Memory: 4680.31 MB used,  134213048.00 MB free, 134217728.00 MB total
[2019.11.19-02.48.34:103][  0]LogWindows: WindowsPlatformFeatures enabled
[2019.11.19-02.48.34:154][  0]LogInit: Using OS detected language (en-US).
[2019.11.19-02.48.34:154][  0]LogInit: Using OS detected locale (en-US).
[2019.11.19-02.48.34:155][  0]LogTextLocalizationManager: No specific localization for 'en-US' exists, so the 'en' localization will be used.
[2019.11.19-02.48.34:341][  0]LogInit: Setting process to per monitor DPI aware
[2019.11.19-02.48.34:432][  0]LogSlate: New Slate User Created.  User Index 0, Is Virtual User: 0
[2019.11.19-02.48.34:432][  0]LogSlate: Slate User Registered.  User Index 0, Is Virtual User: 0
[2019.11.19-02.48.34:693][  0]LogHMD: Failed to initialize OpenVR with code 110
[2019.11.19-02.48.34:693][  0]LogD3D11RHI: D3D11 adapters:
[2019.11.19-02.48.34:746][  0]LogD3D11RHI:    0. 'Intel(R) UHD Graphics 620' (Feature Level 11_0)
[2019.11.19-02.48.34:746][  0]LogD3D11RHI:       128/0/4003 MB DedicatedVideo/DedicatedSystem/SharedSystem, Outputs:1, VendorId:0x8086
[2019.11.19-02.48.34:753][  0]LogD3D11RHI:    1. 'Microsoft Basic Render Driver' (Feature Level 11_0)
[2019.11.19-02.48.34:753][  0]LogD3D11RHI:       0/0/4003 MB DedicatedVideo/DedicatedSystem/SharedSystem, Outputs:0, VendorId:0x1414
[2019.11.19-02.48.34:753][  0]LogD3D11RHI: Chosen D3D11 Adapter: 0
[2019.11.19-02.48.34:766][  0]LogD3D11RHI: Creating new Direct3DDevice
[2019.11.19-02.48.34:766][  0]LogD3D11RHI:     GPU DeviceId: 0x5917 (for the marketing name, search the web for "GPU Device Id")
[2019.11.19-02.48.34:766][  0]LogWindows: EnumDisplayDevices:
[2019.11.19-02.48.34:766][  0]LogWindows:    0. 'Intel(R) UHD Graphics 620' (P:1 D:1)
[2019.11.19-02.48.34:767][  0]LogWindows:    1. 'Intel(R) UHD Graphics 620' (P:0 D:0)
[2019.11.19-02.48.34:768][  0]LogWindows:    2. 'Intel(R) UHD Graphics 620' (P:0 D:0)
[2019.11.19-02.48.34:768][  0]LogWindows: DebugString: FoundDriverCount:3 
[2019.11.19-02.48.34:768][  0]LogD3D11RHI:     Adapter Name: Intel(R) UHD Graphics 620
[2019.11.19-02.48.34:768][  0]LogD3D11RHI:   Driver Version: 24.20.100.6344 (internal:24.20.100.6344, unified:24.20.100.6344)
[2019.11.19-02.48.34:769][  0]LogD3D11RHI:      Driver Date: 9-14-2018
[2019.11.19-02.48.34:769][  0]LogRHI: Texture pool is 1490 MB (70% of 2129 MB)
[2019.11.19-02.48.34:825][  0]LogD3D11RHI: [IntelMetricsDiscovery] Started
[2019.11.19-02.48.34:825][  0]LogD3D11RHI: Async texture creation enabled
[2019.11.19-02.48.34:836][  0]LogD3D11RHI: GPU Timing Frequency: 12.000048 (Debug: 2 0)
[2019.11.19-02.48.35:614][  0]LogTemp: Display: Module 'AllDesktopTargetPlatform' loaded TargetPlatform 'AllDesktop'
[2019.11.19-02.48.35:638][  0]LogTemp: Display: Module 'MacClientTargetPlatform' loaded TargetPlatform 'MacClient'
[2019.11.19-02.48.35:650][  0]LogTemp: Display: Module 'MacNoEditorTargetPlatform' loaded TargetPlatform 'MacNoEditor'
[2019.11.19-02.48.35:667][  0]LogTemp: Display: Module 'MacServerTargetPlatform' loaded TargetPlatform 'MacServer'
[2019.11.19-02.48.35:695][  0]LogTemp: Display: Module 'MacTargetPlatform' loaded TargetPlatform 'Mac'
[2019.11.19-02.48.35:721][  0]LogTemp: Display: Module 'WindowsClientTargetPlatform' loaded TargetPlatform 'WindowsClient'
[2019.11.19-02.48.35:749][  0]LogTemp: Display: Module 'WindowsNoEditorTargetPlatform' loaded TargetPlatform 'WindowsNoEditor'
[2019.11.19-02.48.35:770][  0]LogTemp: Display: Module 'WindowsServerTargetPlatform' loaded TargetPlatform 'WindowsServer'
[2019.11.19-02.48.35:780][  0]LogTemp: Display: Module 'WindowsTargetPlatform' loaded TargetPlatform 'Windows'
[2019.11.19-02.48.35:859][  0]LogTemp: Display: Module 'AndroidTargetPlatform' loaded TargetPlatform 'Android'
[2019.11.19-02.48.35:859][  0]LogTemp: Display: Module 'AndroidTargetPlatform' loaded TargetPlatform 'Android_ASTC'
[2019.11.19-02.48.35:859][  0]LogTemp: Display: Module 'AndroidTargetPlatform' loaded TargetPlatform 'Android_ATC'
[2019.11.19-02.48.35:859][  0]LogTemp: Display: Module 'AndroidTargetPlatform' loaded TargetPlatform 'Android_DXT'
[2019.11.19-02.48.35:860][  0]LogTemp: Display: Module 'AndroidTargetPlatform' loaded TargetPlatform 'Android_ETC1'
[2019.11.19-02.48.35:860][  0]LogTemp: Display: Module 'AndroidTargetPlatform' loaded TargetPlatform 'Android_ETC1a'
[2019.11.19-02.48.35:860][  0]LogTemp: Display: Module 'AndroidTargetPlatform' loaded TargetPlatform 'Android_ETC2'
[2019.11.19-02.48.35:860][  0]LogTemp: Display: Module 'AndroidTargetPlatform' loaded TargetPlatform 'Android_PVRTC'
[2019.11.19-02.48.35:860][  0]LogTemp: Display: Module 'AndroidTargetPlatform' loaded TargetPlatform 'AndroidClient'
[2019.11.19-02.48.35:860][  0]LogTemp: Display: Module 'AndroidTargetPlatform' loaded TargetPlatform 'Android_ASTCClient'
[2019.11.19-02.48.35:860][  0]LogTemp: Display: Module 'AndroidTargetPlatform' loaded TargetPlatform 'Android_ATCClient'
[2019.11.19-02.48.35:860][  0]LogTemp: Display: Module 'AndroidTargetPlatform' loaded TargetPlatform 'Android_DXTClient'
[2019.11.19-02.48.35:860][  0]LogTemp: Display: Module 'AndroidTargetPlatform' loaded TargetPlatform 'Android_ETC1Client'
[2019.11.19-02.48.35:860][  0]LogTemp: Display: Module 'AndroidTargetPlatform' loaded TargetPlatform 'Android_ETC1aClient'
[2019.11.19-02.48.35:860][  0]LogTemp: Display: Module 'AndroidTargetPlatform' loaded TargetPlatform 'Android_ETC2Client'
[2019.11.19-02.48.35:860][  0]LogTemp: Display: Module 'AndroidTargetPlatform' loaded TargetPlatform 'Android_PVRTCClient'
[2019.11.19-02.48.35:860][  0]LogTemp: Display: Module 'AndroidTargetPlatform' loaded TargetPlatform 'Android_Multi'
[2019.11.19-02.48.35:860][  0]LogTemp: Display: Module 'AndroidTargetPlatform' loaded TargetPlatform 'Android_MultiClient'
[2019.11.19-02.48.35:863][  0]LogTemp: Display: Module 'HTML5TargetPlatform' loaded TargetPlatform 'HTML5'
[2019.11.19-02.48.35:902][  0]LogTemp: Display: Module 'IOSTargetPlatform' loaded TargetPlatform 'IOSClient'
[2019.11.19-02.48.35:902][  0]LogTemp: Display: Module 'IOSTargetPlatform' loaded TargetPlatform 'IOS'
[2019.11.19-02.48.35:931][  0]LogTemp: Display: Module 'TVOSTargetPlatform' loaded TargetPlatform 'TVOSClient'
[2019.11.19-02.48.35:931][  0]LogTemp: Display: Module 'TVOSTargetPlatform' loaded TargetPlatform 'TVOS'
[2019.11.19-02.48.35:944][  0]LogTemp: Display: Module 'LinuxClientTargetPlatform' loaded TargetPlatform 'LinuxClient'
[2019.11.19-02.48.35:960][  0]LogTemp: Display: Module 'LinuxNoEditorTargetPlatform' loaded TargetPlatform 'LinuxNoEditor'
[2019.11.19-02.48.35:973][  0]LogTemp: Display: Module 'LinuxServerTargetPlatform' loaded TargetPlatform 'LinuxServer'
[2019.11.19-02.48.35:988][  0]LogTemp: Display: Module 'LinuxTargetPlatform' loaded TargetPlatform 'Linux'
[2019.11.19-02.48.36:042][  0]LogTemp: Display: Module 'LuminTargetPlatform' loaded TargetPlatform 'Lumin'
[2019.11.19-02.48.36:042][  0]LogTemp: Display: Module 'LuminTargetPlatform' loaded TargetPlatform 'LuminClient'
[2019.11.19-02.48.36:042][  0]LogTargetPlatformManager: Display: Building Assets For Windows
[2019.11.19-02.48.36:062][  0]LogAudioDebug: Display: Lib vorbis DLL was dynamically loaded.
[2019.11.19-02.48.36:185][  0]LogShaderCompilers: Guid format shader working directory is -28 characters bigger than the processId version (../../../../../../Users/gmltk/OneDrive/Desktop/Crossy_Road/CrossyRoad 4.23/Intermediate/Shaders/WorkingDirectory/6676/).
[2019.11.19-02.48.36:185][  0]LogShaderCompilers: Cleaned the shader compiler working directory 'C:/Users/gmltk/AppData/Local/Temp/UnrealShaderWorkingDir/FE811A7440DF2F184944B3B6016FD51E/'.
[2019.11.19-02.48.36:191][  0]LogXGEController: Cannot use XGE Controller as Incredibuild is not installed on this machine.
[2019.11.19-02.48.36:191][  0]LogShaderCompilers: Cannot use XGE Shader Compiler as Incredibuild is not installed on this machine.
[2019.11.19-02.48.36:192][  0]LogShaderCompilers: Display: Using Local Shader Compiler.
[2019.11.19-02.48.37:457][  0]LogDerivedDataCache: Display: Max Cache Size: 512 MB
[2019.11.19-02.48.37:515][  0]LogDerivedDataCache: Loaded boot cache 0.06s 73MB C:/Users/gmltk/AppData/Local/UnrealEngine/4.23/DerivedDataCache/Boot.ddc.
[2019.11.19-02.48.37:516][  0]LogDerivedDataCache: Display: Loaded Boot cache: C:/Users/gmltk/AppData/Local/UnrealEngine/4.23/DerivedDataCache/Boot.ddc
[2019.11.19-02.48.37:516][  0]LogDerivedDataCache: FDerivedDataBackendGraph:  Pak pak cache file ../../../../../../Users/gmltk/OneDrive/Desktop/Crossy_Road/CrossyRoad 4.23/DerivedDataCache/DDC.ddp not found, will not use a pak cache.
[2019.11.19-02.48.37:516][  0]LogDerivedDataCache: Unable to find inner node Pak for hierarchical cache Hierarchy.
[2019.11.19-02.48.37:516][  0]LogDerivedDataCache: FDerivedDataBackendGraph:  CompressedPak pak cache file ../../../../../../Users/gmltk/OneDrive/Desktop/Crossy_Road/CrossyRoad 4.23/DerivedDataCache/Compressed.ddp not found, will not use a pak cache.
[2019.11.19-02.48.37:516][  0]LogDerivedDataCache: Unable to find inner node CompressedPak for hierarchical cache Hierarchy.
[2019.11.19-02.48.37:529][  0]LogDerivedDataCache: Display: Pak cache opened for reading ../../../Engine/DerivedDataCache/Compressed.ddp.
[2019.11.19-02.48.37:529][  0]LogDerivedDataCache: FDerivedDataBackendGraph:  EnterprisePak pak cache file ../../../Enterprise/DerivedDataCache/Compressed.ddp not found, will not use a pak cache.
[2019.11.19-02.48.37:529][  0]LogDerivedDataCache: Unable to find inner node EnterprisePak for hierarchical cache Hierarchy.
[2019.11.19-02.48.37:531][  0]LogDerivedDataCache: Using Local data cache path C:/Users/gmltk/AppData/Local/UnrealEngine/Common/DerivedDataCache: Writable
[2019.11.19-02.48.37:531][  0]LogDerivedDataCache: Shared data cache path not found in *engine.ini, will not use an Shared cache.
[2019.11.19-02.48.37:531][  0]LogDerivedDataCache: Unable to find inner node Shared for hierarchical cache Hierarchy.
[2019.11.19-02.48.37:581][  0]LogMaterial: Verifying Global Shaders for PCD3D_SM5
[2019.11.19-02.48.37:586][  0]LogSlate: Using FreeType 2.6.0
[2019.11.19-02.48.37:587][  0]LogSlate: SlateFontServices - WITH_FREETYPE: 1, WITH_HARFBUZZ: 1
[2019.11.19-02.48.37:666][  0]LogAssetRegistry: FAssetRegistry took 0.0025 seconds to start up
[2019.11.19-02.48.37:946][  0]LogInit: Selected Device Profile: [Windows]
[2019.11.19-02.48.38:093][  0]LogMeshReduction: Using QuadricMeshReduction for automatic static mesh reduction
[2019.11.19-02.48.38:093][  0]LogMeshReduction: Using SimplygonMeshReduction for automatic skeletal mesh reduction
[2019.11.19-02.48.38:093][  0]LogMeshReduction: Using ProxyLODMeshReduction for automatic mesh merging
[2019.11.19-02.48.38:093][  0]LogMeshReduction: No distributed automatic mesh merging module available
[2019.11.19-02.48.38:093][  0]LogMeshMerging: No distributed automatic mesh merging module available
[2019.11.19-02.48.38:101][  0]LogNetVersion: CrossyRoad 1.0.0, NetCL: 8386587, EngineNetVer: 11, GameNetVer: 0 (Checksum: 3055071226)
[2019.11.19-02.48.38:644][  0]LogPackageLocalizationCache: Processed 12 localized package path(s) for 1 prioritized culture(s) in 0.052374 seconds
[2019.11.19-02.48.38:652][  0]LogUObjectArray: 43444 objects as part of root set at end of initial load.
[2019.11.19-02.48.38:652][  0]LogUObjectAllocator: 7548648 out of 0 bytes used by permanent object pool.
[2019.11.19-02.48.38:652][  0]LogUObjectArray: CloseDisregardForGC: 0/0 objects in disregard for GC pool
[2019.11.19-02.48.39:484][  0]LogTcpMessaging: Initializing TcpMessaging bridge
[2019.11.19-02.48.39:488][  0]LogUdpMessaging: Initializing bridge on interface 0.0.0.0:0 to multicast group 230.0.0.1:6666.
[2019.11.19-02.48.39:551][  0]SourceControl: Source control is disabled
[2019.11.19-02.48.40:077][  0]LogAndroidPermission: UAndroidPermissionCallbackProxy::GetInstance
[2019.11.19-02.48.40:364][  0]LogOcInput: OculusInput pre-init called
[2019.11.19-02.48.40:377][  0]LogWindows: Failed to load 'OVRPlugin.dll' (GetLastError=126)
[2019.11.19-02.48.40:377][  0]LogWindows: File 'OVRPlugin.dll' does not exist
[2019.11.19-02.48.40:522][  0]LogEngine: Initializing Engine...
[2019.11.19-02.48.40:522][  0]LogHMD: Failed to initialize OpenVR with code 110
[2019.11.19-02.48.40:523][  0]LogStats: UGameplayTagsManager::InitializeManager -  0.000 s
[2019.11.19-02.48.40:744][  0]LogInit: Initializing FReadOnlyCVARCache
[2019.11.19-02.48.40:769][  0]LogAIModule: Creating AISystem for world Untitled
[2019.11.19-02.48.40:780][  0]LogInit: XAudio2 using 'Speakers (Realtek High Definition Audio)' : 2 channels at 48 kHz using 32 bits per sample (channel mask 0x3)
[2019.11.19-02.48.41:056][  0]LogInit: FAudioDevice initialized.
[2019.11.19-02.48.41:056][  0]LogNetVersion: Set ProjectVersion to 1.0.0.0. Version Checksum will be recalculated on next use.
[2019.11.19-02.48.41:237][  0]LogDerivedDataCache: Saved boot cache 0.18s 73MB C:/Users/gmltk/AppData/Local/UnrealEngine/4.23/DerivedDataCache/Boot.ddc.
[2019.11.19-02.48.41:261][  0]LogInit: Texture streaming: Enabled
[2019.11.19-02.48.41:312][  0]LogEngineSessionManager: EngineSessionManager initialized
[2019.11.19-02.48.41:448][  0]LogInit: Transaction tracking system initialized
[2019.11.19-02.48.41:554][  0]BlueprintLog: New page: Editor Load
[2019.11.19-02.48.41:742][  0]LocalizationService: Localization service is disabled
[2019.11.19-02.48.42:005][  0]LogFileCache: Scanning file cache for directory 'C:/Users/gmltk/OneDrive/Desktop/Crossy_Road/CrossyRoad 4.23/Content/' took 0.00s
[2019.11.19-02.48.42:005][  0]LogCook: Display: Max memory allowance for cook 16384mb min free memory 0mb
[2019.11.19-02.48.42:006][  0]LogCook: Display: Mobile HDR setting 1
[2019.11.19-02.48.42:248][  0]Cmd: MAP LOAD FILE="../../../Engine/Content/Maps/Templates/Template_Default.umap" TEMPLATE=1 SHOWPROGRESS=1 FEATURELEVEL=3
[2019.11.19-02.48.42:248][  0]LightingResults: New page: Lighting Build
[2019.11.19-02.48.42:253][  0]LogWorld: UWorld::CleanupWorld for Untitled, bSessionEnded=true, bCleanupResources=true
[2019.11.19-02.48.42:254][  0]MapCheck: New page: Map Check
[2019.11.19-02.48.42:254][  0]LightingResults: New page: Lighting Build
[2019.11.19-02.48.42:306][  0]LogUObjectHash: Compacting FUObjectHashTables data took   3.47ms
[2019.11.19-02.48.42:401][  0]LogAIModule: Creating AISystem for world Untitled_1
[2019.11.19-02.48.42:407][  0]LogEditorServer: Finished looking for orphan Actors (0.000 secs)
[2019.11.19-02.48.42:434][  0]LogUObjectHash: Compacting FUObjectHashTables data took   2.00ms
[2019.11.19-02.48.42:434][  0]Cmd: MAP CHECKDEP NOCLEARLOG
[2019.11.19-02.48.42:435][  0]MapCheck: Map check complete: 0 Error(s), 0 Warning(s), took 0.217ms to complete.
[2019.11.19-02.48.42:435][  0]LogFileHelpers: Loading map 'Template_Default' took 0.187
[2019.11.19-02.48.42:559][  0]LogSlate: Updating window title bar state: overlay mode, drag disabled, window buttons hidden, title bar hidden
[2019.11.19-02.48.42:570][  0]LogSlate: Updating window title bar state: overlay mode, drag disabled, window buttons hidden, title bar hidden
[2019.11.19-02.48.42:579][  0]LogSlate: Updating window title bar state: overlay mode, drag disabled, window buttons hidden, title bar hidden
[2019.11.19-02.48.42:592][  0]LogSlate: Updating window title bar state: overlay mode, drag disabled, window buttons hidden, title bar hidden
[2019.11.19-02.48.42:602][  0]LogCollectionManager: Loaded 0 collections in 0.003639 seconds
[2019.11.19-02.48.42:612][  0]LogFileCache: Scanning file cache for directory 'C:/Users/gmltk/OneDrive/Desktop/Crossy_Road/CrossyRoad 4.23/Saved/Collections/' took 0.00s
[2019.11.19-02.48.42:612][  0]LogFileCache: Scanning file cache for directory 'C:/Users/gmltk/OneDrive/Desktop/Crossy_Road/CrossyRoad 4.23/Content/Developers/gmltk/Collections/' took 0.00s
[2019.11.19-02.48.42:612][  0]LogFileCache: Scanning file cache for directory 'C:/Users/gmltk/OneDrive/Desktop/Crossy_Road/CrossyRoad 4.23/Content/Collections/' took 0.00s
[2019.11.19-02.48.42:612][  0]LogCollectionManager: Rebuilt the GUID cache for 0 collections in 0.000002 seconds
[2019.11.19-02.48.42:624][  0]LogContentBrowser: Native class hierarchy populated in 0.0120 seconds. Added 2863 classes and 680 folders.
[2019.11.19-02.48.42:635][  0]LogContentBrowser: Native class hierarchy updated for 'WidgetCarousel' in 0.0002 seconds. Added 0 classes and 0 folders.
[2019.11.19-02.48.42:681][  0]LogContentBrowser: Native class hierarchy updated for 'AddContentDialog' in 0.0004 seconds. Added 0 classes and 0 folders.
[2019.11.19-02.48.42:688][  0]LogContentBrowser: Native class hierarchy updated for 'SceneOutliner' in 0.0002 seconds. Added 1 classes and 2 folders.
[2019.11.19-02.48.42:760][  0]LogSlate: Took 0.000207 seconds to synchronously load lazily loaded font '../../../Engine/Content/Slate/Fonts/Roboto-Regular.ttf' (155K)
[2019.11.19-02.48.42:763][  0]LogSlate: Took 0.000203 seconds to synchronously load lazily loaded font '../../../Engine/Content/Slate/Fonts/Roboto-Bold.ttf' (160K)
[2019.11.19-02.48.42:773][  0]LogSlate: Took 0.000188 seconds to synchronously load lazily loaded font '../../../Engine/Content/Editor/Slate/Fonts/FontAwesome.ttf' (139K)
[2019.11.19-02.48.42:868][  0]LogRenderer: Reallocating scene render targets to support 964x436 Format 10 NumSamples 1 (Frame:1).
[2019.11.19-02.48.43:020][  0]LogContentBrowser: Native class hierarchy updated for 'HierarchicalLODOutliner' in 0.0003 seconds. Added 0 classes and 0 folders.
[2019.11.19-02.48.43:021][  0]LogLoad: (Engine Initialization) Total time: 10.24 seconds
[2019.11.19-02.48.43:021][  0]LogLoad: (Engine Initialization) Total Blueprint compile time: 0.00 seconds
[2019.11.19-02.48.43:074][  0]LogAssetRegistry: Asset discovery search completed in 5.4090 seconds
[2019.11.19-02.48.43:079][  0]LogCollectionManager: Rebuilt the object cache for 0 collections in 0.000005 seconds (found 0 objects)
[2019.11.19-02.48.43:079][  0]LogCollectionManager: Fixed up redirectors for 0 collections in 0.000063 seconds (updated 0 objects)
[2019.11.19-02.48.43:080][  0]SourceControl: Error: ignoring NAME extension
[2019.11.19-02.48.43:080][  0]SourceControl: Error: ignoring NAME extension
[2019.11.19-02.48.43:081][  0]LogContentStreaming: Texture pool size now 1000 MB
[2019.11.19-02.48.43:101][  0]LogSlate: Took 0.000173 seconds to synchronously load lazily loaded font '../../../Engine/Content/Slate/Fonts/Roboto-Light.ttf' (167K)
[2019.11.19-02.48.44:365][ 32]SourceControl: Error: ignoring NAME extension
[2019.11.19-02.48.47:995][149]LogSlate: FSceneViewport::OnFocusLost() reason 2
[2019.11.19-02.48.57:171][594]SourceControl: Error: ignoring NAME extension
[2019.11.19-02.49.02:839][788]SourceControl: Error: ignoring NAME extension
[2019.11.19-02.49.06:400][902]SourceControl: Error: ignoring NAME extension
[2019.11.19-02.49.08:102][958]SourceControl: Error: ignoring NAME extension
[2019.11.19-02.49.11:064][ 51]SourceControl: Error: ignoring NAME extension
[2019.11.19-02.49.12:941][107]SourceControl: Error: ignoring NAME extension
[2019.11.19-02.49.14:626][157]SourceControl: Error: ignoring NAME extension
[2019.11.19-02.49.17:588][250]SourceControl: Error: ignoring NAME extension
[2019.11.19-02.49.36:043][435]LogSlate: Took 0.000202 seconds to synchronously load lazily loaded font '../../../Engine/Content/Slate/Fonts/Roboto-Light.ttf' (167K)
[2019.11.19-02.49.36:047][435]LogSlate: FSceneViewport::OnFocusLost() reason 5
[2019.11.19-02.49.36:150][435]SourceControl: Error: ignoring NAME extension
[2019.11.19-02.49.36:156][435]LogFactory: FactoryCreateFile: Texture with ReimportTextureFactory (0 0 ../../../../../../Users/gmltk/OneDrive/Desktop/grass1.png)
[2019.11.19-02.49.36:158][435]LogTexture: Display: Building textures: grass1 (BGRA8, 256X1)
[2019.11.19-02.49.36:255][435]SourceControl: Error: ignoring NAME extension
[2019.11.19-02.49.36:260][435]LogFactory: FactoryCreateFile: Texture with ReimportTextureFactory (0 0 ../../../../../../Users/gmltk/OneDrive/Desktop/grass2.png)
[2019.11.19-02.49.36:261][435]LogTexture: Display: Building textures: grass2 (BGRA8, 256X1)
[2019.11.19-02.49.36:354][435]SourceControl: Error: ignoring NAME extension
[2019.11.19-02.49.36:359][435]LogFactory: FactoryCreateFile: Texture with ReimportTextureFactory (0 0 ../../../../../../Users/gmltk/OneDrive/Desktop/grass3.png)
[2019.11.19-02.49.36:361][435]LogTexture: Display: Building textures: grass3 (BGRA8, 256X1)
[2019.11.19-02.49.36:452][435]SourceControl: Error: ignoring NAME extension
[2019.11.19-02.49.36:457][435]LogFactory: FactoryCreateFile: Texture with ReimportTextureFactory (0 0 ../../../../../../Users/gmltk/OneDrive/Desktop/road.png)
[2019.11.19-02.49.36:459][435]LogTexture: Display: Building textures: road (BGRA8, 256X1)
[2019.11.19-02.49.36:552][435]SourceControl: Error: ignoring NAME extension
[2019.11.19-02.49.36:556][435]LogFactory: FactoryCreateFile: Texture with ReimportTextureFactory (0 0 ../../../../../../Users/gmltk/OneDrive/Desktop/RR_light.png)
[2019.11.19-02.49.36:557][435]LogTexture: Display: Building textures: RR_light (BGRA8, 256X1)
[2019.11.19-02.49.36:662][435]SourceControl: Error: ignoring NAME extension
[2019.11.19-02.49.36:669][435]LogFactory: FactoryCreateFile: Texture with ReimportTextureFactory (0 0 ../../../../../../Users/gmltk/OneDrive/Desktop/RR_track.png)
[2019.11.19-02.49.36:671][435]LogTexture: Display: Building textures: RR_track (BGRA8, 256X1)
[2019.11.19-02.49.36:843][440]SourceControl: Error: ignoring NAME extension
[2019.11.19-02.49.37:909][473]SourceControl: Error: ignoring NAME extension
[2019.11.19-02.49.39:806][535]LogUObjectHash: Compacting FUObjectHashTables data took   3.28ms
[2019.11.19-02.49.40:882][535]LogSlate: Window 'Delete Assets' being destroyed
[2019.11.19-02.49.40:896][535]LogSlate: FSceneViewport::OnFocusLost() reason 5
[2019.11.19-02.49.40:920][535]LogSlate: FSceneViewport::OnFocusLost() reason 5
[2019.11.19-02.49.40:988][535]LogUObjectHash: Compacting FUObjectHashTables data took   1.70ms
[2019.11.19-02.49.53:574][573]LogSlate: FSceneViewport::OnFocusLost() reason 5
[2019.11.19-02.49.53:665][573]SourceControl: Error: ignoring NAME extension
[2019.11.19-02.49.53:669][573]LogFactory: FactoryCreateFile: Texture with ReimportTextureFactory (0 0 ../../../../../../Users/gmltk/OneDrive/Desktop/RR_track_1.png)
[2019.11.19-02.49.53:671][573]LogTexture: Display: Building textures: RR_track_1 (BGRA8, 256X1)
[2019.11.19-02.49.53:778][573]SourceControl: Error: ignoring NAME extension
[2019.11.19-02.49.53:784][573]LogFactory: FactoryCreateFile: Texture with ReimportTextureFactory (0 0 ../../../../../../Users/gmltk/OneDrive/Desktop/truck.png)
[2019.11.19-02.49.53:786][573]LogTexture: Display: Building textures: truck (BGRA8, 256X1)
[2019.11.19-02.49.53:878][573]SourceControl: Error: ignoring NAME extension
[2019.11.19-02.49.53:882][573]LogFactory: FactoryCreateFile: Texture with ReimportTextureFactory (0 0 ../../../../../../Users/gmltk/OneDrive/Desktop/water.png)
[2019.11.19-02.49.53:883][573]LogTexture: Display: Building textures: water (BGRA8, 256X1)
[2019.11.19-02.49.54:081][580]SourceControl: Error: ignoring NAME extension
[2019.11.19-02.49.55:141][614]SourceControl: Error: ignoring NAME extension
[2019.11.19-02.50.03:506][889]SourceControl: fatal: /Temp: '/Temp' is outside repository
[2019.11.19-02.50.03:520][889]LogSlate: FSceneViewport::OnFocusLost() reason 5
[2019.11.19-02.50.06:950][889]LogSlate: Window 'Save Level As' being destroyed
[2019.11.19-02.50.06:972][889]LogSlate: FSceneViewport::OnFocusLost() reason 5
[2019.11.19-02.50.07:019][889]LogUObjectHash: Compacting FUObjectHashTables data took   2.65ms
[2019.11.19-02.50.07:022][889]Cmd: OBJ SAVEPACKAGE PACKAGE="/Game/Maps/NewMap" FILE="../../../../../../Users/gmltk/OneDrive/Desktop/Crossy_Road/CrossyRoad 4.23/Content/Maps/NewMap.umap" SILENT=true AUTOSAVING=false KEEPDIRTY=false
[2019.11.19-02.50.07:053][889]LogUObjectHash: Compacting FUObjectHashTables data took   1.24ms
[2019.11.19-02.50.07:208][889]LogSavePackage: Moving '../../../../../../Users/gmltk/OneDrive/Desktop/Crossy_Road/CrossyRoad 4.23/Saved/NewMapF11D55D244481B82D085C986D6E746CD.tmp' to '../../../../../../Users/gmltk/OneDrive/Desktop/Crossy_Road/CrossyRoad 4.23/Content/Maps/NewMap.umap'
[2019.11.19-02.50.07:397][889]SourceControl: Error: ignoring NAME extension
[2019.11.19-02.50.07:619][889]Cmd: OBJ SAVEPACKAGE PACKAGE="/Game/Maps/NewMap_BuiltData" FILE="../../../../../../Users/gmltk/OneDrive/Desktop/Crossy_Road/CrossyRoad 4.23/Content/Maps/NewMap_BuiltData.uasset" SILENT=true
[2019.11.19-02.50.07:668][889]LogSavePackage: Moving '../../../../../../Users/gmltk/OneDrive/Desktop/Crossy_Road/CrossyRoad 4.23/Saved/NewMap_BuiltData84E62D2D44087EEDBD539C90992885CC.tmp' to '../../../../../../Users/gmltk/OneDrive/Desktop/Crossy_Road/CrossyRoad 4.23/Content/Maps/NewMap_BuiltData.uasset'
[2019.11.19-02.50.08:136][889]SourceControl: Error: The following paths are ignored by one of your .gitignore files:
[2019.11.19-02.50.08:136][889]SourceControl: Error: CrossyRoad 4.23/Content/Maps/NewMap_BuiltData.uasset
[2019.11.19-02.50.08:136][889]SourceControl: Error: Use -f if you really want to add them.
[2019.11.19-02.50.08:152][889]LogFileHelpers: Saving map 'NewMap' took 1.188
[2019.11.19-02.50.08:499][901]SourceControl: fatal: /Temp: '/Temp' is outside repository
[2019.11.19-02.50.15:382][143]LogUObjectHash: Compacting FUObjectHashTables data took   2.06ms
[2019.11.19-02.50.15:491][143]Cmd: OBJ SAVEPACKAGE PACKAGE="/Game/Textures/grass1" FILE="../../../../../../Users/gmltk/OneDrive/Desktop/Crossy_Road/CrossyRoad 4.23/Content/Textures/grass1.uasset" SILENT=true
[2019.11.19-02.50.15:500][143]LogSavePackage: Moving '../../../../../../Users/gmltk/OneDrive/Desktop/Crossy_Road/CrossyRoad 4.23/Saved/grass17D31F7FF424314BD9C4B979CE26B6CA9.tmp' to '../../../../../../Users/gmltk/OneDrive/Desktop/Crossy_Road/CrossyRoad 4.23/Content/Textures/grass1.uasset'
[2019.11.19-02.50.15:666][143]Cmd: OBJ SAVEPACKAGE PACKAGE="/Game/Textures/grass2" FILE="../../../../../../Users/gmltk/OneDrive/Desktop/Crossy_Road/CrossyRoad 4.23/Content/Textures/grass2.uasset" SILENT=true
[2019.11.19-02.50.15:675][143]LogSavePackage: Moving '../../../../../../Users/gmltk/OneDrive/Desktop/Crossy_Road/CrossyRoad 4.23/Saved/grass29B74355849FFC198039933BE59B50DEF.tmp' to '../../../../../../Users/gmltk/OneDrive/Desktop/Crossy_Road/CrossyRoad 4.23/Content/Textures/grass2.uasset'
[2019.11.19-02.50.15:840][143]Cmd: OBJ SAVEPACKAGE PACKAGE="/Game/Textures/grass3" FILE="../../../../../../Users/gmltk/OneDrive/Desktop/Crossy_Road/CrossyRoad 4.23/Content/Textures/grass3.uasset" SILENT=true
[2019.11.19-02.50.15:850][143]LogSavePackage: Moving '../../../../../../Users/gmltk/OneDrive/Desktop/Crossy_Road/CrossyRoad 4.23/Saved/grass317B0A2F64DA3712CA69175A972F0604C.tmp' to '../../../../../../Users/gmltk/OneDrive/Desktop/Crossy_Road/CrossyRoad 4.23/Content/Textures/grass3.uasset'
[2019.11.19-02.50.16:015][143]Cmd: OBJ SAVEPACKAGE PACKAGE="/Game/Textures/road" FILE="../../../../../../Users/gmltk/OneDrive/Desktop/Crossy_Road/CrossyRoad 4.23/Content/Textures/road.uasset" SILENT=true
[2019.11.19-02.50.16:028][143]LogSavePackage: Moving '../../../../../../Users/gmltk/OneDrive/Desktop/Crossy_Road/CrossyRoad 4.23/Saved/road20E9A0C84168999CEB2E18B9CFD3C81F.tmp' to '../../../../../../Users/gmltk/OneDrive/Desktop/Crossy_Road/CrossyRoad 4.23/Content/Textures/road.uasset'
[2019.11.19-02.50.16:196][143]Cmd: OBJ SAVEPACKAGE PACKAGE="/Game/Textures/RR_light" FILE="../../../../../../Users/gmltk/OneDrive/Desktop/Crossy_Road/CrossyRoad 4.23/Content/Textures/RR_light.uasset" SILENT=true
[2019.11.19-02.50.16:204][143]LogSavePackage: Moving '../../../../../../Users/gmltk/OneDrive/Desktop/Crossy_Road/CrossyRoad 4.23/Saved/RR_lightFB2FE8C4453DE70CC294B5BCD3A79055.tmp' to '../../../../../../Users/gmltk/OneDrive/Desktop/Crossy_Road/CrossyRoad 4.23/Content/Textures/RR_light.uasset'
[2019.11.19-02.50.16:369][143]Cmd: OBJ SAVEPACKAGE PACKAGE="/Game/Textures/RR_track_1" FILE="../../../../../../Users/gmltk/OneDrive/Desktop/Crossy_Road/CrossyRoad 4.23/Content/Textures/RR_track_1.uasset" SILENT=true
[2019.11.19-02.50.16:380][143]LogSavePackage: Moving '../../../../../../Users/gmltk/OneDrive/Desktop/Crossy_Road/CrossyRoad 4.23/Saved/RR_track_1EDDA7671402E5C0289CE648E1EAB0613.tmp' to '../../../../../../Users/gmltk/OneDrive/Desktop/Crossy_Road/CrossyRoad 4.23/Content/Textures/RR_track_1.uasset'
[2019.11.19-02.50.16:553][143]Cmd: OBJ SAVEPACKAGE PACKAGE="/Game/Textures/truck" FILE="../../../../../../Users/gmltk/OneDrive/Desktop/Crossy_Road/CrossyRoad 4.23/Content/Textures/truck.uasset" SILENT=true
[2019.11.19-02.50.16:563][143]LogSavePackage: Moving '../../../../../../Users/gmltk/OneDrive/Desktop/Crossy_Road/CrossyRoad 4.23/Saved/truck1DB827394D80A753ABBC54A74BE3E1C0.tmp' to '../../../../../../Users/gmltk/OneDrive/Desktop/Crossy_Road/CrossyRoad 4.23/Content/Textures/truck.uasset'
[2019.11.19-02.50.16:725][143]Cmd: OBJ SAVEPACKAGE PACKAGE="/Game/Textures/water" FILE="../../../../../../Users/gmltk/OneDrive/Desktop/Crossy_Road/CrossyRoad 4.23/Content/Textures/water.uasset" SILENT=true
[2019.11.19-02.50.16:735][143]LogSavePackage: Moving '../../../../../../Users/gmltk/OneDrive/Desktop/Crossy_Road/CrossyRoad 4.23/Saved/water3DCE61F948C33584317123AF1A76339D.tmp' to '../../../../../../Users/gmltk/OneDrive/Desktop/Crossy_Road/CrossyRoad 4.23/Content/Textures/water.uasset'
[2019.11.19-02.51.02:506][365]Cmd: OBJ SAVEPACKAGE PACKAGE="/Game/Maps/NewMap" FILE="../../../../../../Users/gmltk/OneDrive/Desktop/Crossy_Road/CrossyRoad 4.23/Content/Maps/NewMap.umap" SILENT=true AUTOSAVING=false KEEPDIRTY=false
[2019.11.19-02.51.02:534][365]LogUObjectHash: Compacting FUObjectHashTables data took   1.57ms
[2019.11.19-02.51.02:655][365]LogSavePackage: Moving '../../../../../../Users/gmltk/OneDrive/Desktop/Crossy_Road/CrossyRoad 4.23/Saved/NewMap289627CF4DAA7997FFE68D9DEC32680A.tmp' to '../../../../../../Users/gmltk/OneDrive/Desktop/Crossy_Road/CrossyRoad 4.23/Content/Maps/NewMap.umap'
[2019.11.19-02.51.02:779][365]Cmd: OBJ SAVEPACKAGE PACKAGE="/Game/Maps/NewMap_BuiltData" FILE="../../../../../../Users/gmltk/OneDrive/Desktop/Crossy_Road/CrossyRoad 4.23/Content/Maps/NewMap_BuiltData.uasset" SILENT=true
[2019.11.19-02.51.02:840][365]LogSavePackage: Moving '../../../../../../Users/gmltk/OneDrive/Desktop/Crossy_Road/CrossyRoad 4.23/Saved/NewMap_BuiltData99D22BCB417171E960EB0280846CFC8E.tmp' to '../../../../../../Users/gmltk/OneDrive/Desktop/Crossy_Road/CrossyRoad 4.23/Content/Maps/NewMap_BuiltData.uasset'
[2019.11.19-02.51.04:007][405]LogUObjectHash: Compacting FUObjectHashTables data took   2.53ms
[2019.11.19-02.51.04:102][405]LogSlate: Window 'CrossyRoad - Unreal Editor' being destroyed
[2019.11.19-02.51.04:107][405]LogWindowsTextInputMethodSystem: Display: IME system now activated using TSF (Microsoft IME).
[2019.11.19-02.51.04:348][406]Cmd: QUIT_EDITOR
[2019.11.19-02.51.04:422][406]LogExit: Preparing to exit.
[2019.11.19-02.51.04:635][406]LogDemo: Cleaned up 0 splitscreen connections with owner deletion
[2019.11.19-02.51.04:644][406]LogWorld: UWorld::CleanupWorld for None, bSessionEnded=true, bCleanupResources=true
[2019.11.19-02.51.04:644][406]LogExit: Editor shut down
[2019.11.19-02.51.04:646][406]LogExit: Transaction tracking system shut down
[2019.11.19-02.51.05:104][406]LogExit: Object subsystem successfully closed.
[2019.11.19-02.51.05:173][406]LogShaderCompilers: Display: Shaders left to compile 0
[2019.11.19-02.51.05:255][406]LogModuleManager: Shutting down and abandoning module HierarchicalLODOutliner (670)
[2019.11.19-02.51.05:255][406]LogModuleManager: Shutting down and abandoning module SceneOutliner (668)
[2019.11.19-02.51.05:255][406]LogModuleManager: Shutting down and abandoning module AddContentDialog (666)
[2019.11.19-02.51.05:256][406]LogModuleManager: Shutting down and abandoning module WidgetCarousel (665)
[2019.11.19-02.51.05:256][406]LogModuleManager: Shutting down and abandoning module EditorWidgets (662)
[2019.11.19-02.51.05:256][406]LogModuleManager: Shutting down and abandoning module CollectionManager (660)
[2019.11.19-02.51.05:256][406]LogModuleManager: Shutting down and abandoning module HierarchicalLODUtilities (658)
[2019.11.19-02.51.05:256][406]LogModuleManager: Shutting down and abandoning module StatsViewer (656)
[2019.11.19-02.51.05:256][406]LogModuleManager: Shutting down and abandoning module VirtualTexturingEditor (654)
[2019.11.19-02.51.05:256][406]LogModuleManager: Shutting down and abandoning module FoliageEdit (652)
[2019.11.19-02.51.05:256][406]LogModuleManager: Shutting down and abandoning module LandscapeEditor (650)
[2019.11.19-02.51.05:256][406]LogModuleManager: Shutting down and abandoning module MeshPaintMode (648)
[2019.11.19-02.51.05:256][406]LogModuleManager: Shutting down and abandoning module SceneDepthPickerMode (646)
[2019.11.19-02.51.05:256][406]LogModuleManager: Shutting down and abandoning module ActorPickerMode (644)
[2019.11.19-02.51.05:256][406]LogModuleManager: Shutting down and abandoning module GeometryMode (642)
[2019.11.19-02.51.05:256][406]LogModuleManager: Shutting down and abandoning module TextureAlignMode (640)
[2019.11.19-02.51.05:256][406]LogModuleManager: Shutting down and abandoning module BspMode (638)
[2019.11.19-02.51.05:256][406]LogModuleManager: Shutting down and abandoning module PIEPreviewDeviceProfileSelector (636)
[2019.11.19-02.51.05:256][406]LogModuleManager: Shutting down and abandoning module SequenceRecorderSections (634)
[2019.11.19-02.51.05:256][406]LogModuleManager: Shutting down and abandoning module AutomationWorker (632)
[2019.11.19-02.51.05:256][406]LogModuleManager: Shutting down and abandoning module OculusMR (630)
[2019.11.19-02.51.05:256][406]LogModuleManager: Shutting down and abandoning module AudioCaptureEditor (628)
[2019.11.19-02.51.05:256][406]LogModuleManager: Shutting down and abandoning module MatineeToLevelSequence (626)
[2019.11.19-02.51.05:256][406]LogModuleManager: Shutting down and abandoning module LevelSequenceEditor (624)
[2019.11.19-02.51.05:256][406]LogModuleManager: Shutting down and abandoning module PlacementMode (623)
[2019.11.19-02.51.05:256][406]LogModuleManager: Shutting down and abandoning module MaterialEditor (622)
[2019.11.19-02.51.05:257][406]LogModuleManager: Shutting down and abandoning module ActorSequenceEditor (618)
[2019.11.19-02.51.05:257][406]LogModuleManager: Shutting down and abandoning module WmfMediaFactory (616)
[2019.11.19-02.51.05:257][406]LogModuleManager: Shutting down and abandoning module WmfMediaEditor (614)
[2019.11.19-02.51.05:257][406]LogModuleManager: Shutting down and abandoning module WebMMediaFactory (612)
[2019.11.19-02.51.05:257][406]LogModuleManager: Shutting down and abandoning module WebMMediaEditor (610)
[2019.11.19-02.51.05:257][406]LogModuleManager: Shutting down and abandoning module WebMMedia (608)
[2019.11.19-02.51.05:257][406]LogModuleManager: Shutting down and abandoning module MediaPlayerEditor (606)
[2019.11.19-02.51.05:257][406]LogModuleManager: Shutting down and abandoning module MediaCompositingEditor (604)
[2019.11.19-02.51.05:257][406]LogModuleManager: Shutting down and abandoning module SequenceRecorder (603)
[2019.11.19-02.51.05:257][406]LogModuleManager: Shutting down and abandoning module OpenExrWrapper (600)
[2019.11.19-02.51.05:257][406]LogModuleManager: Shutting down and abandoning module ImgMediaFactory (598)
[2019.11.19-02.51.05:257][406]LogModuleManager: Shutting down and abandoning module ImgMediaEditor (596)
[2019.11.19-02.51.05:257][406]LogModuleManager: Shutting down and abandoning module AvfMediaFactory (594)
[2019.11.19-02.51.05:257][406]LogModuleManager: Shutting down and abandoning module AvfMediaEditor (592)
[2019.11.19-02.51.05:257][406]LogModuleManager: Shutting down and abandoning module AndroidMediaFactory (590)
[2019.11.19-02.51.05:257][406]LogModuleManager: Shutting down and abandoning module AndroidMediaEditor (588)
[2019.11.19-02.51.05:257][406]LogModuleManager: Shutting down and abandoning module MagicLeapCameraPreviewFactory (586)
[2019.11.19-02.51.05:257][406]LogModuleManager: Shutting down and abandoning module MagicLeapMediaCodecFactory (584)
[2019.11.19-02.51.05:257][406]LogModuleManager: Shutting down and abandoning module MagicLeapMediaFactory (582)
[2019.11.19-02.51.05:257][406]LogModuleManager: Shutting down and abandoning module MagicLeapMediaEditor (580)
[2019.11.19-02.51.05:257][406]LogModuleManager: Shutting down and abandoning module CharacterAI (578)
[2019.11.19-02.51.05:257][406]LogModuleManager: Shutting down and abandoning module SmartSnapping (576)
[2019.11.19-02.51.05:257][406]LogModuleManager: Shutting down and abandoning module SessionServices (574)
[2019.11.19-02.51.05:257][406]LogModuleManager: Shutting down and abandoning module MeshPaint (572)
[2019.11.19-02.51.05:257][406]LogModuleManager: Shutting down and abandoning module ViewportSnapping (570)
[2019.11.19-02.51.05:257][406]LogModuleManager: Shutting down and abandoning module ViewportInteraction (568)
[2019.11.19-02.51.05:257][406]LogModuleManager: Shutting down and abandoning module ClothPainter (566)
[2019.11.19-02.51.05:257][406]LogModuleManager: Shutting down and abandoning module SkeletalMeshEditor (565)
[2019.11.19-02.51.05:257][406]LogModuleManager: Shutting down and abandoning module LogVisualizer (562)
[2019.11.19-02.51.05:257][406]LogModuleManager: Shutting down and abandoning module IntroTutorials (560)
[2019.11.19-02.51.05:258][406]LogModuleManager: Shutting down and abandoning module GameProjectGeneration (559)
[2019.11.19-02.51.05:258][406]LogModuleManager: Shutting down and abandoning module LuminPlatformEditor (556)
[2019.11.19-02.51.05:258][406]LogModuleManager: Shutting down and abandoning module IOSPlatformEditor (554)
[2019.11.19-02.51.05:258][406]LogModuleManager: Shutting down and abandoning module HTML5PlatformEditor (552)
[2019.11.19-02.51.05:258][406]LogModuleManager: Shutting down and abandoning module AndroidPlatformEditor (550)
[2019.11.19-02.51.05:258][406]LogModuleManager: Shutting down and abandoning module AndroidDeviceDetection (549)
[2019.11.19-02.51.05:871][406]LogModuleManager: Shutting down and abandoning module WindowsPlatformEditor (546)
[2019.11.19-02.51.05:871][406]LogModuleManager: Shutting down and abandoning module LuminRuntimeSettings (544)
[2019.11.19-02.51.05:872][406]LogModuleManager: Shutting down and abandoning module IOSRuntimeSettings (542)
[2019.11.19-02.51.05:872][406]LogModuleManager: Shutting down and abandoning module AndroidRuntimeSettings (540)
[2019.11.19-02.51.05:872][406]LogModuleManager: Shutting down and abandoning module TimeManagementEditor (538)
[2019.11.19-02.51.05:872][406]LogModuleManager: Shutting down and abandoning module InputBindingEditor (536)
[2019.11.19-02.51.05:872][406]LogModuleManager: Shutting down and abandoning module MergeActors (534)
[2019.11.19-02.51.05:872][406]LogModuleManager: Shutting down and abandoning module LocalizationDashboard (532)
[2019.11.19-02.51.05:872][406]LogModuleManager: Shutting down and abandoning module LocalizationService (531)
[2019.11.19-02.51.05:872][406]LogModuleManager: Shutting down and abandoning module HardwareTargeting (528)
[2019.11.19-02.51.05:872][406]LogModuleManager: Shutting down and abandoning module DeviceProfileEditor (526)
[2019.11.19-02.51.05:872][406]LogModuleManager: Shutting down and abandoning module UndoHistory (524)
[2019.11.19-02.51.05:872][406]LogModuleManager: Shutting down and abandoning module XmlParser (522)
[2019.11.19-02.51.05:872][406]LogModuleManager: Shutting down and abandoning module Blutility (520)
[2019.11.19-02.51.05:872][406]LogModuleManager: Shutting down and abandoning module ProjectSettingsViewer (518)
[2019.11.19-02.51.05:873][406]LogModuleManager: Shutting down and abandoning module ProjectTargetPlatformEditor (517)
[2019.11.19-02.51.05:873][406]LogModuleManager: Shutting down and abandoning module EditorSettingsViewer (514)
[2019.11.19-02.51.05:873][406]LogModuleManager: Shutting down and abandoning module SettingsEditor (512)
[2019.11.19-02.51.05:873][406]LogModuleManager: Shutting down and abandoning module ProjectLauncher (510)
[2019.11.19-02.51.05:873][406]LogModuleManager: Shutting down and abandoning module SessionFrontend (508)
[2019.11.19-02.51.05:873][406]LogModuleManager: Shutting down and abandoning module ProfilerClient (506)
[2019.11.19-02.51.05:873][406]LogModuleManager: Shutting down and abandoning module DeviceManager (504)
[2019.11.19-02.51.05:874][406]LogModuleManager: Shutting down and abandoning module TargetDeviceServices (503)
[2019.11.19-02.51.05:917][406]LogModuleManager: Shutting down and abandoning module AutomationController (500)
[2019.11.19-02.51.05:917][406]LogModuleManager: Shutting down and abandoning module AutomationWindow (498)
[2019.11.19-02.51.05:917][406]LogModuleManager: Shutting down and abandoning module Layers (496)
[2019.11.19-02.51.05:917][406]LogModuleManager: Shutting down and abandoning module ComponentVisualizers (494)
[2019.11.19-02.51.05:917][406]LogModuleManager: Shutting down and abandoning module DetailCustomizations (492)
[2019.11.19-02.51.05:917][406]LogModuleManager: Shutting down and abandoning module PackagesDialog (490)
[2019.11.19-02.51.05:917][406]LogModuleManager: Shutting down and abandoning module AnimationBlueprintEditor (488)
[2019.11.19-02.51.05:917][406]LogModuleManager: Shutting down and abandoning module Persona (486)
[2019.11.19-02.51.05:917][406]LogModuleManager: Shutting down and abandoning module AdvancedPreviewScene (485)
[2019.11.19-02.51.05:917][406]LogModuleManager: Shutting down and abandoning module AnimGraph (483)
[2019.11.19-02.51.05:917][406]LogModuleManager: Shutting down and abandoning module Kismet (480)
[2019.11.19-02.51.05:918][406]LogModuleManager: Shutting down and abandoning module KismetWidgets (479)
[2019.11.19-02.51.05:918][406]LogModuleManager: Shutting down and abandoning module GraphEditor (476)
[2019.11.19-02.51.05:919][406]LogModuleManager: Shutting down and abandoning module StructViewer (474)
[2019.11.19-02.51.05:920][406]LogModuleManager: Shutting down and abandoning module ClassViewer (472)
[2019.11.19-02.51.05:920][406]LogModuleManager: Shutting down and abandoning module Toolbox (470)
[2019.11.19-02.51.05:920][406]LogModuleManager: Shutting down and abandoning module ModuleUI (468)
[2019.11.19-02.51.05:920][406]LogModuleManager: Shutting down and abandoning module MovieSceneTools (466)
[2019.11.19-02.51.05:920][406]LogModuleManager: Shutting down and abandoning module OutputLog (464)
[2019.11.19-02.51.05:921][406]LogModuleManager: Shutting down and abandoning module GammaUI (462)
[2019.11.19-02.51.05:921][406]LogModuleManager: Shutting down and abandoning module Documentation (460)
[2019.11.19-02.51.05:921][406]LogModuleManager: Shutting down and abandoning module LiveCoding (458)
[2019.11.19-02.51.05:921][406]LogModuleManager: Shutting down and abandoning module LevelSequence (456)
[2019.11.19-02.51.05:921][406]LogModuleManager: Shutting down and abandoning module MovieSceneTracks (454)
[2019.11.19-02.51.05:921][406]LogModuleManager: Shutting down and abandoning module MovieScene (452)
[2019.11.19-02.51.05:921][406]LogModuleManager: Shutting down and abandoning module StreamingPauseRendering (450)
[2019.11.19-02.51.05:922][406]LogModuleManager: Shutting down and abandoning module LauncherPlatform (448)
[2019.11.19-02.51.05:922][406]LogModuleManager: Shutting down and abandoning module AnalyticsET (446)
[2019.11.19-02.51.05:922][406]LogModuleManager: Shutting down and abandoning module PortalServices (444)
[2019.11.19-02.51.05:922][406]LogModuleManager: Shutting down and abandoning module PortalRpc (442)
[2019.11.19-02.51.05:922][406]LogModuleManager: Shutting down and abandoning module MessagingRpc (440)
[2019.11.19-02.51.05:922][406]LogModuleManager: Shutting down and abandoning module AIModule (438)
[2019.11.19-02.51.05:922][406]LogModuleManager: Shutting down and abandoning module GameplayDebugger (437)
[2019.11.19-02.51.05:922][406]LogModuleManager: Shutting down and abandoning module AITestSuite (435)
[2019.11.19-02.51.05:922][406]LogModuleManager: Shutting down and abandoning module NavigationSystem (433)
[2019.11.19-02.51.05:922][406]LogModuleManager: Shutting down and abandoning module DesktopPlatform (430)
[2019.11.19-02.51.05:922][406]LogModuleManager: Shutting down and abandoning module ImageWriteQueue (428)
[2019.11.19-02.51.05:935][406]LogModuleManager: Shutting down and abandoning module ProfilerService (426)
[2019.11.19-02.51.06:005][406]LogModuleManager: Shutting down and abandoning module TaskGraph (424)
[2019.11.19-02.51.06:005][406]LogModuleManager: Shutting down and abandoning module ScreenshotTools (422)
[2019.11.19-02.51.06:005][406]LogModuleManager: Shutting down and abandoning module SteamVRController (420)
[2019.11.19-02.51.06:005][406]LogModuleManager: Shutting down and abandoning module ProceduralMeshComponentEditor (418)
[2019.11.19-02.51.06:005][406]LogModuleManager: Shutting down and abandoning module ProceduralMeshComponent (416)
[2019.11.19-02.51.06:005][406]LogModuleManager: Shutting down and abandoning module OculusEditor (414)
[2019.11.19-02.51.06:005][406]LogModuleManager: Shutting down and abandoning module OculusInput (412)
[2019.11.19-02.51.06:005][406]LogModuleManager: Shutting down and abandoning module MobilePatchingUtils (410)
[2019.11.19-02.51.06:005][406]LogModuleManager: Shutting down and abandoning module EditableMesh (408)
[2019.11.19-02.51.06:005][406]LogModuleManager: Shutting down and abandoning module CustomMeshComponent (406)
[2019.11.19-02.51.06:005][406]LogModuleManager: Shutting down and abandoning module CableComponent (404)
[2019.11.19-02.51.06:005][406]LogModuleManager: Shutting down and abandoning module AudioCapture (402)
[2019.11.19-02.51.06:005][406]LogModuleManager: Shutting down and abandoning module ArchVisCharacter (400)
[2019.11.19-02.51.06:005][406]LogModuleManager: Shutting down and abandoning module AppleImageUtilsBlueprintSupport (398)
[2019.11.19-02.51.06:005][406]LogModuleManager: Shutting down and abandoning module AppleImageUtils (396)
[2019.11.19-02.51.06:005][406]LogModuleManager: Shutting down and abandoning module AndroidPermission (394)
[2019.11.19-02.51.06:005][406]LogModuleManager: Shutting down and abandoning module NUTUnrealEngine4 (392)
[2019.11.19-02.51.06:005][406]LogModuleManager: Shutting down and abandoning module NetcodeUnitTest (390)
[2019.11.19-02.51.06:005][406]LogModuleManager: Shutting down and abandoning module MediaCompositing (388)
[2019.11.19-02.51.06:006][406]LogModuleManager: Shutting down and abandoning module ImgMedia (386)
[2019.11.19-02.51.06:006][406]LogModuleManager: Shutting down and abandoning module MagicLeapHelperVulkan (384)
[2019.11.19-02.51.06:006][406]LogModuleManager: Shutting down and abandoning module MagicLeapHelperOpenGL (382)
[2019.11.19-02.51.06:006][406]LogModuleManager: Shutting down and abandoning module MagicLeapAudio (380)
[2019.11.19-02.51.06:006][406]LogModuleManager: Shutting down and abandoning module HTML5Networking (378)
[2019.11.19-02.51.06:006][406]LogModuleManager: Shutting down and abandoning module GeometryCacheTracks (376)
[2019.11.19-02.51.06:006][406]LogModuleManager: Shutting down and abandoning module GeometryCacheSequencer (374)
[2019.11.19-02.51.06:006][406]LogModuleManager: Shutting down and abandoning module BackChannel (372)
[2019.11.19-02.51.06:006][406]LogModuleManager: Shutting down and abandoning module AutomationUtilsEditor (370)
[2019.11.19-02.51.06:006][406]LogModuleManager: Shutting down and abandoning module AutomationUtils (368)
[2019.11.19-02.51.06:006][406]LogModuleManager: Shutting down and abandoning module AlembicImporter (366)
[2019.11.19-02.51.06:006][406]LogModuleManager: Shutting down and abandoning module AlembicLibrary (365)
[2019.11.19-02.51.06:006][406]LogModuleManager: Shutting down and abandoning module GeometryCache (364)
[2019.11.19-02.51.06:006][406]LogModuleManager: Shutting down and abandoning module GeometryCacheEd (363)
[2019.11.19-02.51.06:006][406]LogModuleManager: Shutting down and abandoning module VariantManagerContent (358)
[2019.11.19-02.51.06:006][406]LogModuleManager: Shutting down and abandoning module DatasmithContentEditor (356)
[2019.11.19-02.51.06:007][406]LogModuleManager: Shutting down and abandoning module SpeedTreeImporter (354)
[2019.11.19-02.51.06:007][406]LogModuleManager: Shutting down and abandoning module PluginBrowser (352)
[2019.11.19-02.51.06:007][406]LogModuleManager: Shutting down and abandoning module MobileLauncherProfileWizard (350)
[2019.11.19-02.51.06:007][406]LogModuleManager: Shutting down and abandoning module MaterialAnalyzer (348)
[2019.11.19-02.51.06:007][406]LogModuleManager: Shutting down and abandoning module CurveEditorTools (346)
[2019.11.19-02.51.06:007][406]LogModuleManager: Shutting down and abandoning module CurveEditor (345)
[2019.11.19-02.51.06:007][406]LogModuleManager: Shutting down and abandoning module CryptoKeysOpenSSL (342)
[2019.11.19-02.51.06:007][406]LogModuleManager: Shutting down and abandoning module CryptoKeys (340)
[2019.11.19-02.51.06:007][406]LogModuleManager: Shutting down and abandoning module VisualStudioSourceCodeAccess (338)
[2019.11.19-02.51.06:007][406]LogModuleManager: Shutting down and abandoning module VisualStudioCodeSourceCodeAccess (336)
[2019.11.19-02.51.06:007][406]LogModuleManager: Shutting down and abandoning module UObjectPlugin (334)
[2019.11.19-02.51.06:007][406]LogModuleManager: Shutting down and abandoning module SubversionSourceControl (332)
[2019.11.19-02.51.06:008][406]LogModuleManager: Shutting down and abandoning module PerforceSourceControl (330)
[2019.11.19-02.51.06:008][406]LogModuleManager: Shutting down and abandoning module GitSourceControl (328)
[2019.11.19-02.51.06:008][406]LogModuleManager: Shutting down and abandoning module SourceControl (327)
[2019.11.19-02.51.06:008][406]LogModuleManager: Shutting down and abandoning module CLionSourceCodeAccess (324)
[2019.11.19-02.51.06:008][406]LogModuleManager: Shutting down and abandoning module AnimationSharingEd (322)
[2019.11.19-02.51.06:008][406]LogModuleManager: Shutting down and abandoning module ActorLayerUtilitiesEditor (320)
[2019.11.19-02.51.06:008][406]LogModuleManager: Shutting down and abandoning module ActorLayerUtilities (318)
[2019.11.19-02.51.06:008][406]LogModuleManager: Shutting down and abandoning module LightPropagationVolumeEditor (316)
[2019.11.19-02.51.06:008][406]LogModuleManager: Shutting down and abandoning module PaperTiledImporter (314)
[2019.11.19-02.51.06:008][406]LogModuleManager: Shutting down and abandoning module PaperSpriteSheetImporter (312)
[2019.11.19-02.51.06:008][406]LogModuleManager: Shutting down and abandoning module Paper2DEditor (310)
[2019.11.19-02.51.06:008][406]LogModuleManager: Shutting down and abandoning module SignificanceManager (308)
[2019.11.19-02.51.06:009][406]LogModuleManager: Shutting down and abandoning module RuntimePhysXCooking (306)
[2019.11.19-02.51.06:009][406]LogModuleManager: Shutting down and abandoning module PhysXVehiclesEditor (304)
[2019.11.19-02.51.06:009][406]LogModuleManager: Shutting down and abandoning module LocationServicesBPLibrary (300)
[2019.11.19-02.51.06:009][406]LogModuleManager: Shutting down and abandoning module ActorSequence (298)
[2019.11.19-02.51.06:009][406]LogModuleManager: Shutting down and abandoning module UdpMessaging (296)
[2019.11.19-02.51.06:110][406]LogModuleManager: Shutting down and abandoning module TcpMessaging (294)
[2019.11.19-02.51.06:211][406]LogModuleManager: Shutting down and abandoning module MagicLeapIdentity (292)
[2019.11.19-02.51.06:211][406]LogModuleManager: Shutting down and abandoning module MagicLeapSecureStorage (290)
[2019.11.19-02.51.06:211][406]LogModuleManager: Shutting down and abandoning module MagicLeapHandTracking (288)
[2019.11.19-02.51.06:211][406]LogModuleManager: Shutting down and abandoning module MagicLeapEyeTracker (286)
[2019.11.19-02.51.06:211][406]LogModuleManager: Shutting down and abandoning module MagicLeapController (284)
[2019.11.19-02.51.06:211][406]LogSlate: Slate User Destroyed.  User Index 0, Is Virtual User: 0
[2019.11.19-02.51.06:211][406]LogModuleManager: Shutting down and abandoning module MagicLeapAR (282)
[2019.11.19-02.51.06:211][406]LogModuleManager: Shutting down and abandoning module AugmentedReality (281)
[2019.11.19-02.51.06:211][406]LogModuleManager: Shutting down and abandoning module GameplayTagsEditor (278)
[2019.11.19-02.51.06:211][406]LogModuleManager: Shutting down and abandoning module FacialAnimationEditor (276)
[2019.11.19-02.51.06:211][406]LogModuleManager: Shutting down and abandoning module FacialAnimation (274)
[2019.11.19-02.51.06:212][406]LogModuleManager: Shutting down and abandoning module DataValidation (272)
[2019.11.19-02.51.06:212][406]LogModuleManager: Shutting down and abandoning module AssetManagerEditor (270)
[2019.11.19-02.51.06:212][406]LogModuleManager: Shutting down and abandoning module LevelEditor (269)
[2019.11.19-02.51.06:214][406]LogModuleManager: Shutting down and abandoning module PixelInspectorModule (268)
[2019.11.19-02.51.06:214][406]LogModuleManager: Shutting down and abandoning module CommonMenuExtensions (266)
[2019.11.19-02.51.06:215][406]LogModuleManager: Shutting down and abandoning module MainFrame (264)
[2019.11.19-02.51.06:215][406]LogModuleManager: Shutting down and abandoning module HotReload (263)
[2019.11.19-02.51.06:216][406]LogModuleManager: Shutting down and abandoning module ContentBrowser (259)
[2019.11.19-02.51.06:218][406]LogModuleManager: Shutting down and abandoning module TreeMap (257)
[2019.11.19-02.51.06:218][406]LogModuleManager: Shutting down and abandoning module AnimationSharing (254)
[2019.11.19-02.51.06:218][406]LogModuleManager: Shutting down and abandoning module LightPropagationVolumeRuntime (252)
[2019.11.19-02.51.06:218][406]LogModuleManager: Shutting down and abandoning module Paper2D (250)
[2019.11.19-02.51.06:218][406]LogModuleManager: Shutting down and abandoning module WindowsMoviePlayer (248)
[2019.11.19-02.51.06:224][406]LogModuleManager: Shutting down and abandoning module WebMMoviePlayer (246)
[2019.11.19-02.51.06:225][406]LogModuleManager: Shutting down and abandoning module NetworkReplayStreaming (244)
[2019.11.19-02.51.06:225][406]LogModuleManager: Shutting down and abandoning module PacketHandler (242)
[2019.11.19-02.51.06:225][406]LogModuleManager: Shutting down and abandoning module ClothingSystemEditor (240)
[2019.11.19-02.51.06:225][406]LogModuleManager: Shutting down and abandoning module ClothingSystemRuntime (238)
[2019.11.19-02.51.06:225][406]LogModuleManager: Shutting down and abandoning module MediaAssets (236)
[2019.11.19-02.51.06:225][406]LogModuleManager: Shutting down and abandoning module Overlay (234)
[2019.11.19-02.51.06:225][406]LogModuleManager: Shutting down and abandoning module OverlayEditor (233)
[2019.11.19-02.51.06:225][406]LogModuleManager: Shutting down and abandoning module VREditor (230)
[2019.11.19-02.51.06:225][406]LogModuleManager: Shutting down and abandoning module StringTableEditor (228)
[2019.11.19-02.51.06:225][406]LogModuleManager: Shutting down and abandoning module GameplayTasksEditor (226)
[2019.11.19-02.51.06:225][406]LogModuleManager: Shutting down and abandoning module BehaviorTreeEditor (224)
[2019.11.19-02.51.06:225][406]LogModuleManager: Shutting down and abandoning module FunctionalTesting (222)
[2019.11.19-02.51.06:226][406]LogModuleManager: Shutting down and abandoning module CollisionAnalyzer (220)
[2019.11.19-02.51.06:226][406]LogModuleManager: Shutting down and abandoning module WorkspaceMenuStructure (219)
[2019.11.19-02.51.06:226][406]LogModuleManager: Shutting down and abandoning module UMG (216)
[2019.11.19-02.51.06:226][406]LogModuleManager: Shutting down and abandoning module UMGEditor (215)
[2019.11.19-02.51.06:227][406]LogModuleManager: Shutting down and abandoning module Sequencer (214)
[2019.11.19-02.51.06:227][406]LogModuleManager: Shutting down and abandoning module MessageLog (211)
[2019.11.19-02.51.06:227][406]LogModuleManager: Shutting down and abandoning module SlateReflector (206)
[2019.11.19-02.51.06:227][406]LogModuleManager: Shutting down and abandoning module Slate (204)
[2019.11.19-02.51.06:227][406]LogModuleManager: Shutting down and abandoning module LandscapeEditorUtilities (202)
[2019.11.19-02.51.06:227][406]LogModuleManager: Shutting down and abandoning module EditorStyle (200)
[2019.11.19-02.51.06:231][406]LogModuleManager: Shutting down and abandoning module UnrealEd (198)
[2019.11.19-02.51.06:231][406]LogModuleManager: Shutting down and abandoning module MRMesh (196)
[2019.11.19-02.51.06:231][406]LogModuleManager: Shutting down and abandoning module SourceCodeAccess (194)
[2019.11.19-02.51.06:231][406]LogModuleManager: Shutting down and abandoning module HeadMountedDisplay (192)
[2019.11.19-02.51.06:231][406]LogModuleManager: Shutting down and abandoning module XAudio2 (190)
[2019.11.19-02.51.06:231][406]LogModuleManager: Shutting down and abandoning module Networking (188)
[2019.11.19-02.51.06:232][406]LogModuleManager: Shutting down and abandoning module Core (186)
[2019.11.19-02.51.06:232][406]LogModuleManager: Shutting down and abandoning module KismetCompiler (184)
[2019.11.19-02.51.06:232][406]LogModuleManager: Shutting down and abandoning module MeshUtilities (182)
[2019.11.19-02.51.06:232][406]LogModuleManager: Shutting down and abandoning module MeshMergeUtilities (181)
[2019.11.19-02.51.06:232][406]LogModuleManager: Shutting down and abandoning module MeshReductionInterface (180)
[2019.11.19-02.51.06:232][406]LogModuleManager: Shutting down and abandoning module SkeletalMeshReduction (179)
[2019.11.19-02.51.06:232][406]LogModuleManager: Shutting down and abandoning module ProxyLODMeshReduction (177)
[2019.11.19-02.51.06:232][406]LogModuleManager: Shutting down and abandoning module QuadricMeshReduction (175)
[2019.11.19-02.51.06:232][406]LogModuleManager: Shutting down and abandoning module MaterialBaking (171)
[2019.11.19-02.51.06:232][406]LogModuleManager: Shutting down and abandoning module NullInstallBundleManager (166)
[2019.11.19-02.51.06:232][406]LogModuleManager: Shutting down and abandoning module DerivedDataCache (164)
[2019.11.19-02.51.06:238][406]LogDerivedDataCache: Shutdown
[2019.11.19-02.51.06:238][406]LogModuleManager: Shutting down and abandoning module XGEController (162)
[2019.11.19-02.51.06:238][406]LogModuleManager: Shutting down and abandoning module TargetPlatform (160)
[2019.11.19-02.51.06:238][406]LogModuleManager: Shutting down and abandoning module VulkanShaderFormat (159)
[2019.11.19-02.51.06:238][406]LogModuleManager: Shutting down and abandoning module ShaderFormatVectorVM (157)
[2019.11.19-02.51.06:238][406]LogModuleManager: Shutting down and abandoning module ShaderFormatOpenGL (155)
[2019.11.19-02.51.06:238][406]LogModuleManager: Shutting down and abandoning module ShaderFormatD3D (153)
[2019.11.19-02.51.06:238][406]LogModuleManager: Shutting down and abandoning module MetalShaderFormat (151)
[2019.11.19-02.51.06:238][406]LogModuleManager: Shutting down and abandoning module TextureFormatUncompressed (149)
[2019.11.19-02.51.06:238][406]LogModuleManager: Shutting down and abandoning module TextureFormatPVR (147)
[2019.11.19-02.51.06:238][406]LogModuleManager: Shutting down and abandoning module TextureFormatDXT (145)
[2019.11.19-02.51.06:238][406]LogModuleManager: Shutting down and abandoning module TextureFormatIntelISPCTexComp (143)
[2019.11.19-02.51.06:239][406]LogModuleManager: Shutting down and abandoning module TextureFormatASTC (141)
[2019.11.19-02.51.06:239][406]LogModuleManager: Shutting down and abandoning module ImageWrapper (140)
[2019.11.19-02.51.06:239][406]LogModuleManager: Shutting down and abandoning module TextureFormatAndroid (137)
[2019.11.19-02.51.06:239][406]LogModuleManager: Shutting down and abandoning module AudioFormatOpus (135)
[2019.11.19-02.51.06:239][406]LogModuleManager: Shutting down and abandoning module AudioFormatOgg (133)
[2019.11.19-02.51.06:239][406]LogModuleManager: Shutting down and abandoning module AudioFormatADPCM (131)
[2019.11.19-02.51.06:239][406]LogModuleManager: Shutting down and abandoning module LuminTargetPlatform (129)
[2019.11.19-02.51.06:241][406]LogModuleManager: Shutting down and abandoning module LinuxTargetPlatform (127)
[2019.11.19-02.51.06:241][406]LogModuleManager: Shutting down and abandoning module LinuxServerTargetPlatform (125)
[2019.11.19-02.51.06:241][406]LogModuleManager: Shutting down and abandoning module LinuxNoEditorTargetPlatform (123)
[2019.11.19-02.51.06:242][406]LogModuleManager: Shutting down and abandoning module LinuxClientTargetPlatform (121)
[2019.11.19-02.51.06:242][406]LogModuleManager: Shutting down and abandoning module TVOSTargetPlatform (119)
[2019.11.19-02.51.06:244][406]LogModuleManager: Shutting down and abandoning module Messaging (117)
[2019.11.19-02.51.06:244][406]LogModuleManager: Shutting down and abandoning module IOSTargetPlatform (115)
[2019.11.19-02.51.06:246][406]LogModuleManager: Shutting down and abandoning module HTML5TargetPlatform (113)
[2019.11.19-02.51.06:246][406]LogModuleManager: Shutting down and abandoning module AndroidTargetPlatform (111)
[2019.11.19-02.51.06:264][406]LogModuleManager: Shutting down and abandoning module WindowsTargetPlatform (109)
[2019.11.19-02.51.06:264][406]LogModuleManager: Shutting down and abandoning module WindowsServerTargetPlatform (107)
[2019.11.19-02.51.06:264][406]LogModuleManager: Shutting down and abandoning module WindowsNoEditorTargetPlatform (105)
[2019.11.19-02.51.06:264][406]LogModuleManager: Shutting down and abandoning module WindowsClientTargetPlatform (103)
[2019.11.19-02.51.06:264][406]LogModuleManager: Shutting down and abandoning module MacTargetPlatform (101)
[2019.11.19-02.51.06:264][406]LogModuleManager: Shutting down and abandoning module MacServerTargetPlatform (99)
[2019.11.19-02.51.06:265][406]LogModuleManager: Shutting down and abandoning module MacNoEditorTargetPlatform (97)
[2019.11.19-02.51.06:265][406]LogModuleManager: Shutting down and abandoning module MacClientTargetPlatform (95)
[2019.11.19-02.51.06:265][406]LogModuleManager: Shutting down and abandoning module AllDesktopTargetPlatform (93)
[2019.11.19-02.51.06:265][406]LogModuleManager: Shutting down and abandoning module InputCore (90)
[2019.11.19-02.51.06:265][406]LogModuleManager: Shutting down and abandoning module Settings (88)
[2019.11.19-02.51.06:265][406]LogModuleManager: Shutting down and abandoning module DirectoryWatcher (86)
[2019.11.19-02.51.06:269][406]LogModuleManager: Shutting down and abandoning module PhysXCooking (84)
[2019.11.19-02.51.06:269][406]LogModuleManager: Shutting down and abandoning module WindowsPlatformFeatures (82)
[2019.11.19-02.51.06:269][406]LogModuleManager: Shutting down and abandoning module GameplayMediaEncoder (81)
[2019.11.19-02.51.06:269][406]LogModuleManager: Shutting down and abandoning module SteamVR (78)
[2019.11.19-02.51.06:269][406]LogHMD: Freeing OpenVRDLLHandle.
[2019.11.19-02.51.06:269][406]LogModuleManager: Shutting down and abandoning module OculusHMD (76)
[2019.11.19-02.51.06:270][406]LogModuleManager: Shutting down and abandoning module ExampleDeviceProfileSelector (74)
[2019.11.19-02.51.06:270][406]LogModuleManager: Shutting down and abandoning module LauncherChunkInstaller (72)
[2019.11.19-02.51.06:270][406]LogModuleManager: Shutting down and abandoning module OnlineBlueprintSupport (70)
[2019.11.19-02.51.06:270][406]LogModuleManager: Shutting down and abandoning module OnlineSubsystem (66)
[2019.11.19-02.51.06:273][406]LogModuleManager: Shutting down and abandoning module XMPP (61)
[2019.11.19-02.51.06:273][406]LogModuleManager: Shutting down and abandoning module WebSockets (60)
[2019.11.19-02.51.06:288][406]LogModuleManager: Shutting down and abandoning module HTTP (57)
[2019.11.19-02.51.06:288][406]LogHttp: Display: Http module shutting down, but needs to wait on 1 outstanding Http requests:
[2019.11.19-02.51.06:289][406]LogHttp: Display: 	verb=[POST] url=[https://datarouter.ol.epicgames.com/datarouter/api/v1/public/data?SessionID=%7B26345284-496E-6221-90E0-A39696E341A1%7D&AppID=UEEditor.Rocket.Release&AppVersion=4.23.0-8386587%2B%2B%2BUE4%2BRelease-4.23&UserID=b620bb6643a45e45e0b9ebac8f3d17fd%7Cc42781a2e8db425cb64e6eabafae3e1a%7Ccecc3da9-5b2e-41c5-ba6c-c7ffdf4f42a2&AppEnvironment=datacollector-binary&UploadType=eteventstream] status=Processing
[2019.11.19-02.51.06:321][406]LogModuleManager: Shutting down and abandoning module SSL (56)
[2019.11.19-02.51.06:324][406]LogModuleManager: Shutting down and abandoning module WmfMedia (52)
[2019.11.19-02.51.06:333][406]LogModuleManager: Shutting down and abandoning module Media (51)
[2019.11.19-02.51.06:335][406]LogModuleManager: Shutting down and abandoning module MagicLeap (48)
[2019.11.19-02.51.06:335][406]LogModuleManager: Shutting down and abandoning module DatasmithContent (46)
[2019.11.19-02.51.06:335][406]LogModuleManager: Shutting down and abandoning module AISupportModule (44)
[2019.11.19-02.51.06:335][406]LogModuleManager: Shutting down and abandoning module PlatformCryptoOpenSSL (42)
[2019.11.19-02.51.06:335][406]LogModuleManager: Shutting down and abandoning module PlatformCrypto (40)
[2019.11.19-02.51.06:335][406]LogModuleManager: Shutting down and abandoning module AnimationModifiers (38)
[2019.11.19-02.51.06:335][406]LogModuleManager: Shutting down and abandoning module PropertyEditor (37)
[2019.11.19-02.51.06:336][406]LogModuleManager: Shutting down and abandoning module AudioEditor (34)
[2019.11.19-02.51.06:336][406]LogModuleManager: Shutting down and abandoning module TextureCompressor (32)
[2019.11.19-02.51.06:336][406]LogModuleManager: Shutting down and abandoning module RenderCore (30)
[2019.11.19-02.51.06:336][406]LogModuleManager: Shutting down and abandoning module Landscape (28)
[2019.11.19-02.51.06:336][406]LogModuleManager: Shutting down and abandoning module SlateRHIRenderer (26)
[2019.11.19-02.51.06:337][406]LogModuleManager: Shutting down and abandoning module OpenGLDrv (24)
[2019.11.19-02.51.06:337][406]LogModuleManager: Shutting down and abandoning module D3D11RHI (22)
[2019.11.19-02.51.06:337][406]LogModuleManager: Shutting down and abandoning module AnimGraphRuntime (20)
[2019.11.19-02.51.06:337][406]LogModuleManager: Shutting down and abandoning module Renderer (18)
[2019.11.19-02.51.06:337][406]LogModuleManager: Shutting down and abandoning module Engine (16)
[2019.11.19-02.51.06:337][406]LogModuleManager: Shutting down and abandoning module CoreUObject (14)
[2019.11.19-02.51.06:338][406]LogModuleManager: Shutting down and abandoning module NetworkFile (12)
[2019.11.19-02.51.06:338][406]LogModuleManager: Shutting down and abandoning module CookedIterativeFile (10)
[2019.11.19-02.51.06:338][406]LogModuleManager: Shutting down and abandoning module StreamingFile (8)
[2019.11.19-02.51.06:338][406]LogModuleManager: Shutting down and abandoning module SandboxFile (6)
[2019.11.19-02.51.06:338][406]LogModuleManager: Shutting down and abandoning module PakFile (4)
[2019.11.19-02.51.06:338][406]LogModuleManager: Shutting down and abandoning module RSA (3)
[2019.11.19-02.51.06:342][406]LogD3D11RHI: Shutdown
[2019.11.19-02.51.06:342][406]LogD3D11RHI: CleanupD3DDevice
[2019.11.19-02.51.06:343][406]LogRendererCore: FGlobalDynamicReadBuffer::Cleanup()
[2019.11.19-02.51.06:343][406]LogRendererCore: FGlobalDynamicReadBuffer::Cleanup()
[2019.11.19-02.51.06:343][406]LogRendererCore: FGlobalDynamicReadBuffer::Cleanup()
[2019.11.19-02.51.06:378][406]LogD3D11RHI: [IntelMetricsDiscovery] Stopped
[2019.11.19-02.51.06:488][406]LogD3D11RHI: ~FD3D11DynamicRHI
[2019.11.19-02.51.06:500][406]LogExit: Exiting.
[2019.11.19-02.51.06:520][406]Log file closed, 11/18/19 18:51:06
